2026-05-08 10:14:39.585 | INFO     | app.main:lifespan:36 - 👋 应用已关闭
2026-05-08 10:14:42.253 | INFO     | app.main:lifespan:26 - 🚀 Quantitative Trading Platform v1.0.0 启动中...
2026-05-08 10:14:42.272 | INFO     | app.main:lifespan:28 - ✅ 数据库初始化完成
2026-05-08 10:14:42.272 | INFO     | app.main:lifespan:31 - ✅ WebSocket 行情推送已启动
2026-05-08 10:14:49.797 | INFO     | app.main:lifespan:36 - 👋 应用已关闭
2026-05-08 10:14:51.800 | INFO     | app.main:lifespan:26 - 🚀 Quantitative Trading Platform v1.0.0 启动中...
2026-05-08 10:14:51.817 | INFO     | app.main:lifespan:28 - ✅ 数据库初始化完成
2026-05-08 10:14:51.817 | INFO     | app.main:lifespan:31 - ✅ WebSocket 行情推送已启动
2026-05-08 10:18:07.452 | INFO     | app.main:lifespan:36 - 👋 应用已关闭
2026-05-08 10:18:09.638 | INFO     | app.main:lifespan:26 - 🚀 Quantitative Trading Platform v1.0.0 启动中...
2026-05-08 10:18:09.658 | INFO     | app.main:lifespan:28 - ✅ 数据库初始化完成
2026-05-08 10:18:09.659 | INFO     | app.main:lifespan:31 - ✅ WebSocket 行情推送已启动
2026-05-08 10:18:24.911 | INFO     | app.main:lifespan:36 - 👋 应用已关闭
2026-05-08 10:18:27.049 | INFO     | app.main:lifespan:26 - 🚀 Quantitative Trading Platform v1.0.0 启动中...
2026-05-08 10:18:27.077 | INFO     | app.main:lifespan:28 - ✅ 数据库初始化完成
2026-05-08 10:18:27.077 | INFO     | app.main:lifespan:31 - ✅ WebSocket 行情推送已启动
2026-05-08 10:18:31.496 | INFO     | app.main:lifespan:36 - 👋 应用已关闭
2026-05-08 10:23:56.537 | INFO     | app.main:lifespan:26 - 🚀 Quantitative Trading Platform v1.0.0 启动中...
2026-05-08 10:23:56.558 | INFO     | app.main:lifespan:28 - ✅ 数据库初始化完成
2026-05-08 10:23:56.558 | INFO     | app.main:lifespan:31 - ✅ WebSocket 行情推送已启动
2026-05-08 10:24:14.817 | INFO     | app.main:lifespan:36 - 👋 应用已关闭
2026-05-08 10:24:17.319 | INFO     | app.main:lifespan:26 - 🚀 Quantitative Trading Platform v1.0.0 启动中...
2026-05-08 10:24:17.338 | INFO     | app.main:lifespan:28 - ✅ 数据库初始化完成
2026-05-08 10:24:17.338 | INFO     | app.main:lifespan:31 - ✅ WebSocket 行情推送已启动
2026-05-08 10:24:55.061 | INFO     | app.main:lifespan:36 - 👋 应用已关闭
2026-05-08 10:24:58.197 | INFO     | app.main:lifespan:26 - 🚀 Quantitative Trading Platform v1.0.0 启动中...
2026-05-08 10:24:58.216 | INFO     | app.main:lifespan:28 - ✅ 数据库初始化完成
2026-05-08 10:24:58.216 | INFO     | app.main:lifespan:31 - ✅ WebSocket 行情推送已启动
2026-05-08 10:25:10.961 | INFO     | app.main:lifespan:36 - 👋 应用已关闭
2026-05-08 10:25:12.915 | INFO     | app.main:lifespan:26 - 🚀 Quantitative Trading Platform v1.0.0 启动中...
2026-05-08 10:25:12.934 | INFO     | app.main:lifespan:28 - ✅ 数据库初始化完成
2026-05-08 10:25:12.934 | INFO     | app.main:lifespan:31 - ✅ WebSocket 行情推送已启动
2026-05-08 10:25:18.458 | INFO     | app.main:lifespan:36 - 👋 应用已关闭
2026-05-08 10:25:21.374 | INFO     | app.main:lifespan:26 - 🚀 Quantitative Trading Platform v1.0.0 启动中...
2026-05-08 10:25:21.393 | INFO     | app.main:lifespan:28 - ✅ 数据库初始化完成
2026-05-08 10:25:21.393 | INFO     | app.main:lifespan:31 - ✅ WebSocket 行情推送已启动
2026-05-08 10:52:24.330 | INFO     | app.main:lifespan:36 - 👋 应用已关闭
2026-05-08 10:53:07.974 | INFO     | app.main:lifespan:26 - 🚀 Quantitative Trading Platform v1.0.0 启动中...
2026-05-08 10:53:07.994 | INFO     | app.main:lifespan:28 - ✅ 数据库初始化完成
2026-05-08 10:53:07.994 | INFO     | app.main:lifespan:31 - ✅ WebSocket 行情推送已启动
2026-05-08 11:00:27.352 | INFO     | app.main:lifespan:36 - 👋 应用已关闭
2026-05-08 11:00:29.573 | INFO     | app.main:lifespan:26 - 🚀 Quantitative Trading Platform v1.0.0 启动中...
2026-05-08 11:00:29.593 | INFO     | app.main:lifespan:28 - ✅ 数据库初始化完成
2026-05-08 11:00:29.593 | INFO     | app.main:lifespan:31 - ✅ WebSocket 行情推送已启动
2026-05-08 11:00:43.740 | INFO     | app.main:lifespan:36 - 👋 应用已关闭
2026-05-08 11:00:46.416 | INFO     | app.main:lifespan:26 - 🚀 Quantitative Trading Platform v1.0.0 启动中...
2026-05-08 11:00:46.436 | INFO     | app.main:lifespan:28 - ✅ 数据库初始化完成
2026-05-08 11:00:46.436 | INFO     | app.main:lifespan:31 - ✅ WebSocket 行情推送已启动
2026-05-08 11:00:52.466 | INFO     | app.main:lifespan:36 - 👋 应用已关闭
2026-05-08 11:00:54.813 | INFO     | app.main:lifespan:26 - 🚀 Quantitative Trading Platform v1.0.0 启动中...
2026-05-08 11:00:54.830 | INFO     | app.main:lifespan:28 - ✅ 数据库初始化完成
2026-05-08 11:00:54.830 | INFO     | app.main:lifespan:31 - ✅ WebSocket 行情推送已启动
2026-05-08 11:01:04.571 | INFO     | app.main:lifespan:36 - 👋 应用已关闭
2026-05-08 11:01:07.457 | INFO     | app.main:lifespan:26 - 🚀 Quantitative Trading Platform v1.0.0 启动中...
2026-05-08 11:01:07.477 | INFO     | app.main:lifespan:28 - ✅ 数据库初始化完成
2026-05-08 11:01:07.477 | INFO     | app.main:lifespan:31 - ✅ WebSocket 行情推送已启动
2026-05-08 11:01:11.894 | INFO     | app.main:lifespan:36 - 👋 应用已关闭
2026-05-08 11:01:15.696 | INFO     | app.main:lifespan:26 - 🚀 Quantitative Trading Platform v1.0.0 启动中...
2026-05-08 11:01:15.715 | INFO     | app.main:lifespan:28 - ✅ 数据库初始化完成
2026-05-08 11:01:15.716 | INFO     | app.main:lifespan:31 - ✅ WebSocket 行情推送已启动
2026-05-08 11:01:24.046 | INFO     | app.main:lifespan:36 - 👋 应用已关闭
2026-05-08 11:01:32.307 | INFO     | app.main:lifespan:26 - 🚀 Quantitative Trading Platform v1.0.0 启动中...
2026-05-08 11:01:32.327 | INFO     | app.main:lifespan:28 - ✅ 数据库初始化完成
2026-05-08 11:01:32.327 | INFO     | app.main:lifespan:31 - ✅ WebSocket 行情推送已启动
2026-05-08 11:02:39.148 | INFO     | app.main:lifespan:36 - 👋 应用已关闭
2026-05-08 11:03:24.008 | INFO     | app.main:lifespan:26 - 🚀 Quantitative Trading Platform v1.0.0 启动中...
2026-05-08 11:03:24.026 | INFO     | app.main:lifespan:28 - ✅ 数据库初始化完成
2026-05-08 11:03:24.026 | INFO     | app.main:lifespan:31 - ✅ WebSocket 行情推送已启动
2026-05-08 11:22:11.387 | WARNING  | app.main:validation_exception_handler:65 - 参数校验失败: [{'type': 'missing', 'loc': ('body', 'username'), 'msg': 'Field required', 'input': None, 'url': 'https://errors.pydantic.dev/2.5/v/missing'}, {'type': 'missing', 'loc': ('body', 'password'), 'msg': 'Field required', 'input': None, 'url': 'https://errors.pydantic.dev/2.5/v/missing'}] | 路径: /api/v1/auth/login
2026-05-08 11:22:13.950 | WARNING  | app.main:validation_exception_handler:65 - 参数校验失败: [{'type': 'missing', 'loc': ('body', 'username'), 'msg': 'Field required', 'input': None, 'url': 'https://errors.pydantic.dev/2.5/v/missing'}, {'type': 'missing', 'loc': ('body', 'password'), 'msg': 'Field required', 'input': None, 'url': 'https://errors.pydantic.dev/2.5/v/missing'}] | 路径: /api/v1/auth/login
2026-05-08 11:22:15.709 | WARNING  | app.main:validation_exception_handler:65 - 参数校验失败: [{'type': 'missing', 'loc': ('body', 'username'), 'msg': 'Field required', 'input': None, 'url': 'https://errors.pydantic.dev/2.5/v/missing'}, {'type': 'missing', 'loc': ('body', 'password'), 'msg': 'Field required', 'input': None, 'url': 'https://errors.pydantic.dev/2.5/v/missing'}] | 路径: /api/v1/auth/login
2026-05-08 11:28:25.250 | WARNING  | app.main:validation_exception_handler:65 - 参数校验失败: [{'type': 'missing', 'loc': ('body', 'username'), 'msg': 'Field required', 'input': None, 'url': 'https://errors.pydantic.dev/2.5/v/missing'}, {'type': 'missing', 'loc': ('body', 'password'), 'msg': 'Field required', 'input': None, 'url': 'https://errors.pydantic.dev/2.5/v/missing'}] | 路径: /api/v1/auth/login
2026-05-08 11:28:27.125 | WARNING  | app.main:validation_exception_handler:65 - 参数校验失败: [{'type': 'missing', 'loc': ('body', 'username'), 'msg': 'Field required', 'input': None, 'url': 'https://errors.pydantic.dev/2.5/v/missing'}, {'type': 'missing', 'loc': ('body', 'password'), 'msg': 'Field required', 'input': None, 'url': 'https://errors.pydantic.dev/2.5/v/missing'}] | 路径: /api/v1/auth/login
2026-05-08 11:28:30.051 | WARNING  | app.main:validation_exception_handler:65 - 参数校验失败: [{'type': 'missing', 'loc': ('body', 'username'), 'msg': 'Field required', 'input': None, 'url': 'https://errors.pydantic.dev/2.5/v/missing'}, {'type': 'missing', 'loc': ('body', 'password'), 'msg': 'Field required', 'input': None, 'url': 'https://errors.pydantic.dev/2.5/v/missing'}] | 路径: /api/v1/auth/login
2026-05-08 11:28:38.987 | WARNING  | app.main:validation_exception_handler:65 - 参数校验失败: [{'type': 'missing', 'loc': ('body', 'username'), 'msg': 'Field required', 'input': None, 'url': 'https://errors.pydantic.dev/2.5/v/missing'}, {'type': 'missing', 'loc': ('body', 'password'), 'msg': 'Field required', 'input': None, 'url': 'https://errors.pydantic.dev/2.5/v/missing'}] | 路径: /api/v1/auth/login
2026-05-08 11:28:45.941 | WARNING  | app.main:validation_exception_handler:65 - 参数校验失败: [{'type': 'missing', 'loc': ('body', 'username'), 'msg': 'Field required', 'input': None, 'url': 'https://errors.pydantic.dev/2.5/v/missing'}, {'type': 'missing', 'loc': ('body', 'password'), 'msg': 'Field required', 'input': None, 'url': 'https://errors.pydantic.dev/2.5/v/missing'}] | 路径: /api/v1/auth/login
2026-05-08 11:30:55.361 | WARNING  | app.main:validation_exception_handler:65 - 参数校验失败: [{'type': 'missing', 'loc': ('body', 'username'), 'msg': 'Field required', 'input': None, 'url': 'https://errors.pydantic.dev/2.5/v/missing'}, {'type': 'missing', 'loc': ('body', 'password'), 'msg': 'Field required', 'input': None, 'url': 'https://errors.pydantic.dev/2.5/v/missing'}] | 路径: /api/v1/auth/login
2026-05-08 12:49:20.359 | INFO     | app.main:lifespan:36 - 👋 应用已关闭
2026-05-08 12:49:22.856 | INFO     | app.main:lifespan:26 - 🚀 Quantitative Trading Platform v1.0.0 启动中...
2026-05-08 12:49:22.878 | INFO     | app.main:lifespan:28 - ✅ 数据库初始化完成
2026-05-08 12:49:22.878 | INFO     | app.main:lifespan:31 - ✅ WebSocket 行情推送已启动
2026-05-08 12:49:38.027 | INFO     | app.main:lifespan:36 - 👋 应用已关闭
2026-05-08 12:49:40.187 | INFO     | app.main:lifespan:26 - 🚀 Quantitative Trading Platform v1.0.0 启动中...
2026-05-08 12:49:40.207 | INFO     | app.main:lifespan:28 - ✅ 数据库初始化完成
2026-05-08 12:49:40.207 | INFO     | app.main:lifespan:31 - ✅ WebSocket 行情推送已启动
2026-05-08 15:00:28.433 | INFO     | app.main:lifespan:36 - 👋 应用已关闭
2026-05-08 15:00:32.569 | INFO     | app.main:lifespan:26 - 🚀 Quantitative Trading Platform v1.0.0 启动中...
2026-05-08 15:00:32.588 | INFO     | app.main:lifespan:28 - ✅ 数据库初始化完成
2026-05-08 15:00:32.588 | INFO     | app.main:lifespan:31 - ✅ WebSocket 行情推送已启动
2026-05-08 15:02:19.355 | INFO     | app.main:lifespan:36 - 👋 应用已关闭
2026-05-08 15:02:21.444 | INFO     | app.main:lifespan:26 - 🚀 Quantitative Trading Platform v1.0.0 启动中...
2026-05-08 15:02:21.465 | INFO     | app.main:lifespan:28 - ✅ 数据库初始化完成
2026-05-08 15:02:21.465 | INFO     | app.main:lifespan:31 - ✅ WebSocket 行情推送已启动
2026-05-08 15:03:11.847 | INFO     | app.main:lifespan:36 - 👋 应用已关闭
2026-05-08 15:11:59.361 | INFO     | app.main:lifespan:26 - 🚀 Quantitative Trading Platform v1.0.0 启动中...
2026-05-08 15:11:59.393 | INFO     | app.main:lifespan:28 - ✅ 数据库初始化完成
2026-05-08 15:11:59.393 | INFO     | app.main:lifespan:31 - ✅ WebSocket 行情推送已启动
2026-05-08 15:12:54.972 | INFO     | app.main:lifespan:36 - 👋 应用已关闭
2026-05-08 15:12:57.259 | INFO     | app.main:lifespan:26 - 🚀 Quantitative Trading Platform v1.0.0 启动中...
2026-05-08 15:12:57.283 | INFO     | app.main:lifespan:28 - ✅ 数据库初始化完成
2026-05-08 15:12:57.283 | INFO     | app.main:lifespan:31 - ✅ WebSocket 行情推送已启动
2026-05-08 15:13:33.194 | INFO     | app.main:lifespan:26 - 🚀 Quantitative Trading Platform v1.0.0 启动中...
2026-05-08 15:13:33.223 | INFO     | app.main:lifespan:28 - ✅ 数据库初始化完成
2026-05-08 15:13:33.223 | INFO     | app.main:lifespan:31 - ✅ WebSocket 行情推送已启动
2026-05-08 16:11:47.640 | INFO     | app.main:lifespan:26 - 🚀 Quantitative Trading Platform v1.0.0 启动中...
2026-05-08 16:11:47.665 | INFO     | app.main:lifespan:28 - ✅ 数据库初始化完成
2026-05-08 16:11:47.665 | INFO     | app.main:lifespan:31 - ✅ WebSocket 行情推送已启动
2026-05-08 16:14:50.396 | INFO     | app.main:lifespan:36 - 👋 应用已关闭
2026-05-08 16:18:31.105 | INFO     | app.main:lifespan:26 - 🚀 Quantitative Trading Platform v1.0.0 启动中...
2026-05-08 16:18:31.124 | INFO     | app.main:lifespan:28 - ✅ 数据库初始化完成
2026-05-08 16:18:31.124 | INFO     | app.main:lifespan:31 - ✅ WebSocket 行情推送已启动
2026-05-08 16:21:28.497 | INFO     | app.main:lifespan:36 - 👋 应用已关闭
2026-05-08 16:21:30.588 | INFO     | app.main:lifespan:26 - 🚀 Quantitative Trading Platform v1.0.0 启动中...
2026-05-08 16:21:30.609 | INFO     | app.main:lifespan:28 - ✅ 数据库初始化完成
2026-05-08 16:21:30.609 | INFO     | app.main:lifespan:31 - ✅ WebSocket 行情推送已启动
2026-05-08 16:22:06.526 | INFO     | app.main:lifespan:36 - 👋 应用已关闭
2026-05-08 16:22:11.618 | INFO     | app.main:lifespan:26 - 🚀 Quantitative Trading Platform v1.0.0 启动中...
2026-05-08 16:22:11.638 | INFO     | app.main:lifespan:28 - ✅ 数据库初始化完成
2026-05-08 16:22:11.638 | INFO     | app.main:lifespan:31 - ✅ WebSocket 行情推送已启动
2026-05-08 16:23:01.993 | INFO     | app.main:lifespan:36 - 👋 应用已关闭
2026-05-08 16:23:04.071 | INFO     | app.main:lifespan:26 - 🚀 Quantitative Trading Platform v1.0.0 启动中...
2026-05-08 16:23:04.093 | INFO     | app.main:lifespan:28 - ✅ 数据库初始化完成
2026-05-08 16:23:04.093 | INFO     | app.main:lifespan:31 - ✅ WebSocket 行情推送已启动
2026-05-08 16:23:13.028 | INFO     | app.main:lifespan:36 - 👋 应用已关闭
2026-05-08 16:23:15.250 | INFO     | app.main:lifespan:26 - 🚀 Quantitative Trading Platform v1.0.0 启动中...
2026-05-08 16:23:15.271 | INFO     | app.main:lifespan:28 - ✅ 数据库初始化完成
2026-05-08 16:23:15.271 | INFO     | app.main:lifespan:31 - ✅ WebSocket 行情推送已启动
2026-05-08 16:23:34.532 | INFO     | app.main:lifespan:36 - 👋 应用已关闭
2026-05-08 16:23:36.444 | INFO     | app.main:lifespan:26 - 🚀 Quantitative Trading Platform v1.0.0 启动中...
2026-05-08 16:23:36.464 | INFO     | app.main:lifespan:28 - ✅ 数据库初始化完成
2026-05-08 16:23:36.464 | INFO     | app.main:lifespan:31 - ✅ WebSocket 行情推送已启动
2026-05-08 16:24:15.196 | INFO     | app.main:lifespan:36 - 👋 应用已关闭
2026-05-08 16:24:17.255 | INFO     | app.main:lifespan:26 - 🚀 Quantitative Trading Platform v1.0.0 启动中...
2026-05-08 16:24:17.274 | INFO     | app.main:lifespan:28 - ✅ 数据库初始化完成
2026-05-08 16:24:17.274 | INFO     | app.main:lifespan:31 - ✅ WebSocket 行情推送已启动
2026-05-08 16:26:13.653 | INFO     | app.main:lifespan:36 - 👋 应用已关闭
2026-05-08 16:26:15.684 | INFO     | app.main:lifespan:26 - 🚀 Quantitative Trading Platform v1.0.0 启动中...
2026-05-08 16:26:15.703 | INFO     | app.main:lifespan:28 - ✅ 数据库初始化完成
2026-05-08 16:26:15.703 | INFO     | app.main:lifespan:31 - ✅ WebSocket 行情推送已启动
2026-05-08 16:27:00.748 | INFO     | app.main:lifespan:36 - 👋 应用已关闭
2026-05-08 16:27:02.961 | INFO     | app.main:lifespan:26 - 🚀 Quantitative Trading Platform v1.0.0 启动中...
2026-05-08 16:27:02.983 | INFO     | app.main:lifespan:28 - ✅ 数据库初始化完成
2026-05-08 16:27:02.983 | INFO     | app.main:lifespan:31 - ✅ WebSocket 行情推送已启动
2026-05-08 16:27:21.551 | INFO     | app.main:lifespan:36 - 👋 应用已关闭
2026-05-08 16:27:23.864 | INFO     | app.main:lifespan:26 - 🚀 Quantitative Trading Platform v1.0.0 启动中...
2026-05-08 16:27:23.885 | INFO     | app.main:lifespan:28 - ✅ 数据库初始化完成
2026-05-08 16:27:23.885 | INFO     | app.main:lifespan:31 - ✅ WebSocket 行情推送已启动
2026-05-08 16:27:51.076 | INFO     | app.main:lifespan:36 - 👋 应用已关闭
2026-05-08 16:27:54.397 | INFO     | app.main:lifespan:26 - 🚀 Quantitative Trading Platform v1.0.0 启动中...
2026-05-08 16:27:54.420 | INFO     | app.main:lifespan:28 - ✅ 数据库初始化完成
2026-05-08 16:27:54.420 | INFO     | app.main:lifespan:31 - ✅ WebSocket 行情推送已启动
2026-05-08 16:28:04.958 | INFO     | app.main:lifespan:36 - 👋 应用已关闭
2026-05-08 16:28:09.744 | INFO     | app.main:lifespan:26 - 🚀 Quantitative Trading Platform v1.0.0 启动中...
2026-05-08 16:28:09.767 | INFO     | app.main:lifespan:28 - ✅ 数据库初始化完成
2026-05-08 16:28:09.767 | INFO     | app.main:lifespan:31 - ✅ WebSocket 行情推送已启动
2026-05-08 16:29:35.246 | INFO     | app.main:lifespan:36 - 👋 应用已关闭
2026-05-08 16:29:37.175 | INFO     | app.main:lifespan:26 - 🚀 Quantitative Trading Platform v1.0.0 启动中...
2026-05-08 16:29:37.203 | INFO     | app.main:lifespan:28 - ✅ 数据库初始化完成
2026-05-08 16:29:37.203 | INFO     | app.main:lifespan:31 - ✅ WebSocket 行情推送已启动
2026-05-08 16:29:50.560 | INFO     | app.main:lifespan:36 - 👋 应用已关闭
2026-05-08 16:29:57.368 | INFO     | app.main:lifespan:26 - 🚀 Quantitative Trading Platform v1.0.0 启动中...
2026-05-08 16:29:57.391 | INFO     | app.main:lifespan:28 - ✅ 数据库初始化完成
2026-05-08 16:29:57.391 | INFO     | app.main:lifespan:31 - ✅ WebSocket 行情推送已启动
2026-05-08 16:30:00.811 | INFO     | app.main:lifespan:36 - 👋 应用已关闭
2026-05-08 16:30:02.962 | INFO     | app.main:lifespan:26 - 🚀 Quantitative Trading Platform v1.0.0 启动中...
2026-05-08 16:30:02.982 | INFO     | app.main:lifespan:28 - ✅ 数据库初始化完成
2026-05-08 16:30:02.982 | INFO     | app.main:lifespan:31 - ✅ WebSocket 行情推送已启动
2026-05-08 16:30:16.627 | INFO     | app.main:lifespan:36 - 👋 应用已关闭
2026-05-08 16:30:18.942 | INFO     | app.main:lifespan:26 - 🚀 Quantitative Trading Platform v1.0.0 启动中...
2026-05-08 16:30:18.962 | INFO     | app.main:lifespan:28 - ✅ 数据库初始化完成
2026-05-08 16:30:18.962 | INFO     | app.main:lifespan:31 - ✅ WebSocket 行情推送已启动
2026-05-08 16:30:24.984 | INFO     | app.main:lifespan:36 - 👋 应用已关闭
2026-05-08 16:30:29.378 | INFO     | app.main:lifespan:26 - 🚀 Quantitative Trading Platform v1.0.0 启动中...
2026-05-08 16:30:29.400 | INFO     | app.main:lifespan:28 - ✅ 数据库初始化完成
2026-05-08 16:30:29.400 | INFO     | app.main:lifespan:31 - ✅ WebSocket 行情推送已启动
2026-05-08 16:30:32.211 | INFO     | app.main:lifespan:36 - 👋 应用已关闭
2026-05-08 16:30:34.713 | INFO     | app.main:lifespan:26 - 🚀 Quantitative Trading Platform v1.0.0 启动中...
2026-05-08 16:30:34.734 | INFO     | app.main:lifespan:28 - ✅ 数据库初始化完成
2026-05-08 16:30:34.734 | INFO     | app.main:lifespan:31 - ✅ WebSocket 行情推送已启动
2026-05-08 16:39:36.996 | WARNING  | app.main:validation_exception_handler:65 - 参数校验失败: [{'type': 'missing', 'loc': ('body', 'username'), 'msg': 'Field required', 'input': None, 'url': 'https://errors.pydantic.dev/2.5/v/missing'}, {'type': 'missing', 'loc': ('body', 'password'), 'msg': 'Field required', 'input': None, 'url': 'https://errors.pydantic.dev/2.5/v/missing'}] | 路径: /api/v1/auth/login
2026-05-08 16:39:51.437 | WARNING  | app.main:validation_exception_handler:65 - 参数校验失败: [{'type': 'missing', 'loc': ('body', 'username'), 'msg': 'Field required', 'input': None, 'url': 'https://errors.pydantic.dev/2.5/v/missing'}, {'type': 'missing', 'loc': ('body', 'password'), 'msg': 'Field required', 'input': None, 'url': 'https://errors.pydantic.dev/2.5/v/missing'}] | 路径: /api/v1/auth/login
2026-05-08 16:42:15.267 | INFO     | app.main:lifespan:36 - 👋 应用已关闭
2026-05-08 16:42:41.674 | INFO     | app.main:lifespan:26 - 🚀 Quantitative Trading Platform v1.0.0 启动中...
2026-05-08 16:42:41.694 | INFO     | app.main:lifespan:28 - ✅ 数据库初始化完成
2026-05-08 16:42:41.694 | INFO     | app.main:lifespan:31 - ✅ WebSocket 行情推送已启动
2026-05-08 17:05:42.608 | WARNING  | app.main:validation_exception_handler:65 - 参数校验失败: [{'type': 'missing', 'loc': ('body', 'username'), 'msg': 'Field required', 'input': None, 'url': 'https://errors.pydantic.dev/2.5/v/missing'}, {'type': 'missing', 'loc': ('body', 'password'), 'msg': 'Field required', 'input': None, 'url': 'https://errors.pydantic.dev/2.5/v/missing'}] | 路径: /api/v1/auth/login
2026-05-08 17:05:42.711 | ERROR    | app.main:global_exception_handler:75 - 未捕获异常: 1 validation errors:
  {'type': 'list_type', 'loc': ('response', 'data'), 'msg': 'Input should be a valid list', 'input': <coroutine object get_strategy_templates at 0x7f43280b87a0>, 'url': 'https://errors.pydantic.dev/2.5/v/list_type'}
 | 路径: /api/v1/strategies/templates
2026-05-08 17:05:43.399 | WARNING  | app.main:validation_exception_handler:65 - 参数校验失败: [{'type': 'missing', 'loc': ('body', 'strategy_id'), 'msg': 'Field required', 'input': {}, 'url': 'https://errors.pydantic.dev/2.5/v/missing'}, {'type': 'missing', 'loc': ('body', 'symbol'), 'msg': 'Field required', 'input': {}, 'url': 'https://errors.pydantic.dev/2.5/v/missing'}, {'type': 'missing', 'loc': ('body', 'start_date'), 'msg': 'Field required', 'input': {}, 'url': 'https://errors.pydantic.dev/2.5/v/missing'}, {'type': 'missing', 'loc': ('body', 'end_date'), 'msg': 'Field required', 'input': {}, 'url': 'https://errors.pydantic.dev/2.5/v/missing'}] | 路径: /api/v1/backtest/run
2026-05-08 17:05:43.414 | ERROR    | app.main:global_exception_handler:75 - 未捕获异常: type object 'StrategyRunLog' has no attribute 'user_id' | 路径: /api/v1/backtest/history
2026-05-08 17:06:07.381 | ERROR    | app.main:global_exception_handler:75 - 未捕获异常: 1 validation errors:
  {'type': 'list_type', 'loc': ('response', 'data'), 'msg': 'Input should be a valid list', 'input': <coroutine object get_strategy_templates at 0x7f43102e9560>, 'url': 'https://errors.pydantic.dev/2.5/v/list_type'}
 | 路径: /api/v1/strategies/templates
2026-05-08 17:06:07.396 | ERROR    | app.main:global_exception_handler:75 - 未捕获异常: type object 'StrategyRunLog' has no attribute 'user_id' | 路径: /api/v1/backtest/history
2026-05-08 17:08:09.727 | ERROR    | app.main:global_exception_handler:75 - 未捕获异常: 1 validation errors:
  {'type': 'list_type', 'loc': ('response', 'data'), 'msg': 'Input should be a valid list', 'input': <coroutine object get_strategy_templates at 0x7f4327fde680>, 'url': 'https://errors.pydantic.dev/2.5/v/list_type'}
 | 路径: /api/v1/strategies/templates
2026-05-08 17:08:09.743 | ERROR    | app.main:global_exception_handler:75 - 未捕获异常: type object 'StrategyRunLog' has no attribute 'user_id' | 路径: /api/v1/backtest/history
2026-05-08 17:10:20.241 | ERROR    | app.main:global_exception_handler:75 - 未捕获异常: 1 validation errors:
  {'type': 'list_type', 'loc': ('response', 'data'), 'msg': 'Input should be a valid list', 'input': <coroutine object get_strategy_templates at 0x7f4327fe7290>, 'url': 'https://errors.pydantic.dev/2.5/v/list_type'}
 | 路径: /api/v1/strategies/templates
2026-05-08 17:10:20.256 | ERROR    | app.main:global_exception_handler:75 - 未捕获异常: type object 'StrategyRunLog' has no attribute 'user_id' | 路径: /api/v1/backtest/history
2026-05-08 17:23:28.688 | INFO     | app.main:lifespan:26 - 🚀 Quantitative Trading Platform v1.0.0 启动中...
2026-05-08 17:23:28.709 | INFO     | app.main:lifespan:28 - ✅ 数据库初始化完成
2026-05-08 17:23:28.709 | INFO     | app.main:lifespan:31 - ✅ WebSocket 行情推送已启动
2026-05-08 17:25:32.116 | WARNING  | app.main:validation_exception_handler:65 - 参数校验失败: [{'type': 'missing', 'loc': ('body', 'strategy_id'), 'msg': 'Field required', 'input': {}, 'url': 'https://errors.pydantic.dev/2.5/v/missing'}, {'type': 'missing', 'loc': ('body', 'symbol'), 'msg': 'Field required', 'input': {}, 'url': 'https://errors.pydantic.dev/2.5/v/missing'}, {'type': 'missing', 'loc': ('body', 'start_date'), 'msg': 'Field required', 'input': {}, 'url': 'https://errors.pydantic.dev/2.5/v/missing'}, {'type': 'missing', 'loc': ('body', 'end_date'), 'msg': 'Field required', 'input': {}, 'url': 'https://errors.pydantic.dev/2.5/v/missing'}] | 路径: /api/v1/backtest/run
2026-05-08 18:15:16.749 | INFO     | app.main:lifespan:36 - 👋 应用已关闭
2026-05-08 18:15:18.909 | INFO     | app.main:lifespan:26 - 🚀 Quantitative Trading Platform v1.0.0 启动中...
2026-05-08 18:15:18.931 | INFO     | app.main:lifespan:28 - ✅ 数据库初始化完成
2026-05-08 18:15:18.931 | INFO     | app.main:lifespan:31 - ✅ WebSocket 行情推送已启动
2026-05-08 21:38:23.625 | INFO     | app.main:lifespan:36 - 👋 应用已关闭
2026-05-08 21:38:25.885 | INFO     | app.main:lifespan:26 - 🚀 Quantitative Trading Platform v1.0.0 启动中...
2026-05-08 21:38:25.906 | INFO     | app.main:lifespan:28 - ✅ 数据库初始化完成
2026-05-08 21:38:25.906 | INFO     | app.main:lifespan:31 - ✅ WebSocket 行情推送已启动
2026-05-08 21:45:57.695 | INFO     | app.main:lifespan:36 - 👋 应用已关闭
2026-05-08 21:45:59.719 | INFO     | app.main:lifespan:26 - 🚀 Quantitative Trading Platform v1.0.0 启动中...
2026-05-08 21:45:59.741 | INFO     | app.main:lifespan:28 - ✅ 数据库初始化完成
2026-05-08 21:45:59.742 | INFO     | app.main:lifespan:31 - ✅ WebSocket 行情推送已启动
2026-05-08 22:24:30.257 | WARNING  | app.main:validation_exception_handler:65 - 参数校验失败: [{'type': 'missing', 'loc': ('body', 'username'), 'msg': 'Field required', 'input': None, 'url': 'https://errors.pydantic.dev/2.5/v/missing'}, {'type': 'missing', 'loc': ('body', 'password'), 'msg': 'Field required', 'input': None, 'url': 'https://errors.pydantic.dev/2.5/v/missing'}] | 路径: /api/v1/auth/login
2026-05-08 22:24:52.800 | WARNING  | app.main:validation_exception_handler:65 - 参数校验失败: [{'type': 'missing', 'loc': ('body', 'username'), 'msg': 'Field required', 'input': None, 'url': 'https://errors.pydantic.dev/2.5/v/missing'}, {'type': 'missing', 'loc': ('body', 'password'), 'msg': 'Field required', 'input': None, 'url': 'https://errors.pydantic.dev/2.5/v/missing'}] | 路径: /api/v1/auth/login
2026-05-08 22:28:53.690 | WARNING  | app.main:validation_exception_handler:65 - 参数校验失败: [{'type': 'missing', 'loc': ('body', 'name'), 'msg': 'Field required', 'input': {}, 'url': 'https://errors.pydantic.dev/2.5/v/missing'}, {'type': 'missing', 'loc': ('body', 'type'), 'msg': 'Field required', 'input': {}, 'url': 'https://errors.pydantic.dev/2.5/v/missing'}] | 路径: /api/v1/strategies
2026-05-08 22:28:53.704 | WARNING  | app.main:validation_exception_handler:65 - 参数校验失败: [{'type': 'missing', 'loc': ('body', 'strategy_id'), 'msg': 'Field required', 'input': {}, 'url': 'https://errors.pydantic.dev/2.5/v/missing'}, {'type': 'missing', 'loc': ('body', 'symbol'), 'msg': 'Field required', 'input': {}, 'url': 'https://errors.pydantic.dev/2.5/v/missing'}, {'type': 'missing', 'loc': ('body', 'start_date'), 'msg': 'Field required', 'input': {}, 'url': 'https://errors.pydantic.dev/2.5/v/missing'}, {'type': 'missing', 'loc': ('body', 'end_date'), 'msg': 'Field required', 'input': {}, 'url': 'https://errors.pydantic.dev/2.5/v/missing'}] | 路径: /api/v1/backtest/run
2026-05-08 22:28:53.717 | WARNING  | app.main:validation_exception_handler:65 - 参数校验失败: [{'type': 'missing', 'loc': ('body', 'symbol'), 'msg': 'Field required', 'input': {}, 'url': 'https://errors.pydantic.dev/2.5/v/missing'}, {'type': 'missing', 'loc': ('body', 'condition'), 'msg': 'Field required', 'input': {}, 'url': 'https://errors.pydantic.dev/2.5/v/missing'}, {'type': 'missing', 'loc': ('body', 'target_price'), 'msg': 'Field required', 'input': {}, 'url': 'https://errors.pydantic.dev/2.5/v/missing'}] | 路径: /api/v1/alerts
2026-05-08 22:40:15.503 | INFO     | app.main:lifespan:36 - 👋 应用已关闭
2026-05-08 22:40:18.417 | INFO     | app.main:lifespan:26 - 🚀 Quantitative Trading Platform v1.0.0 启动中...
2026-05-08 22:40:18.436 | INFO     | app.main:lifespan:28 - ✅ 数据库初始化完成
2026-05-08 22:40:18.436 | INFO     | app.main:lifespan:31 - ✅ WebSocket 行情推送已启动
2026-05-08 22:40:19.944 | INFO     | app.main:lifespan:36 - 👋 应用已关闭
2026-05-08 22:40:23.599 | INFO     | app.main:lifespan:26 - 🚀 Quantitative Trading Platform v1.0.0 启动中...
2026-05-08 22:40:23.618 | INFO     | app.main:lifespan:28 - ✅ 数据库初始化完成
2026-05-08 22:40:23.618 | INFO     | app.main:lifespan:31 - ✅ WebSocket 行情推送已启动
2026-05-08 22:40:54.317 | INFO     | app.main:lifespan:36 - 👋 应用已关闭
2026-05-08 22:40:56.256 | INFO     | app.main:lifespan:26 - 🚀 Quantitative Trading Platform v1.0.0 启动中...
2026-05-08 22:40:56.285 | INFO     | app.main:lifespan:28 - ✅ 数据库初始化完成
2026-05-08 22:40:56.285 | INFO     | app.main:lifespan:31 - ✅ WebSocket 行情推送已启动
2026-05-08 22:41:19.657 | INFO     | app.main:lifespan:36 - 👋 应用已关闭
2026-05-08 22:41:23.546 | INFO     | app.main:lifespan:26 - 🚀 Quantitative Trading Platform v1.0.0 启动中...
2026-05-08 22:41:23.567 | INFO     | app.main:lifespan:28 - ✅ 数据库初始化完成
2026-05-08 22:41:23.567 | INFO     | app.main:lifespan:31 - ✅ WebSocket 行情推送已启动
2026-05-08 23:09:44.646 | ERROR    | app.main:global_exception_handler:75 - 未捕获异常: 'StrategyCreate' object is not subscriptable | 路径: /api/v1/strategies
2026-05-08 23:09:44.662 | ERROR    | app.main:global_exception_handler:75 - 未捕获异常: 'StrategyCreate' object is not subscriptable | 路径: /api/v1/strategies
2026-05-08 23:09:44.678 | ERROR    | app.main:global_exception_handler:75 - 未捕获异常: 'StrategyCreate' object is not subscriptable | 路径: /api/v1/strategies
2026-05-08 23:09:44.694 | ERROR    | app.main:global_exception_handler:75 - 未捕获异常: 'StrategyCreate' object is not subscriptable | 路径: /api/v1/strategies
2026-05-08 23:09:44.710 | ERROR    | app.main:global_exception_handler:75 - 未捕获异常: 'StrategyCreate' object is not subscriptable | 路径: /api/v1/strategies
2026-05-08 23:10:01.572 | ERROR    | app.main:global_exception_handler:75 - 未捕获异常: 'StrategyCreate' object is not subscriptable | 路径: /api/v1/strategies
2026-05-08 23:10:36.505 | ERROR    | app.main:global_exception_handler:75 - 未捕获异常: 'StrategyCreate' object is not subscriptable | 路径: /api/v1/strategies
2026-05-08 23:10:36.539 | WARNING  | app.main:validation_exception_handler:65 - 参数校验失败: [{'type': 'string_pattern_mismatch', 'loc': ('body', 'condition'), 'msg': "String should match pattern '^(above|below)$'", 'input': 'gte', 'ctx': {'pattern': '^(above|below)$'}, 'url': 'https://errors.pydantic.dev/2.5/v/string_pattern_mismatch'}] | 路径: /api/v1/alerts
2026-05-08 23:10:36.896 | ERROR    | app.main:global_exception_handler:75 - 未捕获异常: No module named '_bz2' | 路径: /api/v1/backtest/run
2026-05-08 23:10:36.938 | ERROR    | app.main:global_exception_handler:75 - 未捕获异常: 'allowed' | 路径: /api/v1/trade/orders
2026-05-08 23:10:36.960 | ERROR    | app.main:global_exception_handler:75 - 未捕获异常: (sqlite3.InterfaceError) Error binding parameter 5 - probably unsupported type.
[SQL: INSERT INTO risk_rules (user_id, name, rule_type, action, is_active, params, symbols, description, created_at, updated_at) VALUES (?, ?, ?, ?, ?, ?, ?, ?, ?, ?)]
[parameters: (1, 'test_rule', 'STOP_LOSS', 'BLOCK', 1, {'ratio': 5}, None, None, '2026-05-08 15:10:36.958115', '2026-05-08 15:10:36.958121')]
(Background on this error at: https://sqlalche.me/e/20/rvf5) | 路径: /api/v1/risk/rules
2026-05-08 23:17:03.801 | INFO     | app.main:lifespan:36 - 👋 应用已关闭
2026-05-08 23:17:05.965 | INFO     | app.main:lifespan:26 - 🚀 Quantitative Trading Platform v1.0.0 启动中...
2026-05-08 23:17:05.987 | INFO     | app.main:lifespan:28 - ✅ 数据库初始化完成
2026-05-08 23:17:05.987 | INFO     | app.main:lifespan:31 - ✅ WebSocket 行情推送已启动
2026-05-08 23:17:29.960 | INFO     | app.main:lifespan:36 - 👋 应用已关闭
2026-05-08 23:17:32.146 | INFO     | app.main:lifespan:26 - 🚀 Quantitative Trading Platform v1.0.0 启动中...
2026-05-08 23:17:32.169 | INFO     | app.main:lifespan:28 - ✅ 数据库初始化完成
2026-05-08 23:17:32.169 | INFO     | app.main:lifespan:31 - ✅ WebSocket 行情推送已启动
2026-05-08 23:23:07.020 | INFO     | app.main:lifespan:36 - 👋 应用已关闭
2026-05-08 23:23:08.967 | INFO     | app.main:lifespan:26 - 🚀 Quantitative Trading Platform v1.0.0 启动中...
2026-05-08 23:23:08.987 | INFO     | app.main:lifespan:28 - ✅ 数据库初始化完成
2026-05-08 23:23:08.987 | INFO     | app.main:lifespan:31 - ✅ WebSocket 行情推送已启动
2026-05-08 23:24:38.242 | INFO     | app.main:lifespan:36 - 👋 应用已关闭
2026-05-08 23:24:40.246 | INFO     | app.main:lifespan:26 - 🚀 Quantitative Trading Platform v1.0.0 启动中...
2026-05-08 23:24:40.275 | INFO     | app.main:lifespan:28 - ✅ 数据库初始化完成
2026-05-08 23:24:40.275 | INFO     | app.main:lifespan:31 - ✅ WebSocket 行情推送已启动
2026-05-08 23:25:42.763 | INFO     | app.main:lifespan:36 - 👋 应用已关闭
2026-05-08 23:25:45.005 | INFO     | app.main:lifespan:26 - 🚀 Quantitative Trading Platform v1.0.0 启动中...
2026-05-08 23:25:45.026 | INFO     | app.main:lifespan:28 - ✅ 数据库初始化完成
2026-05-08 23:25:45.026 | INFO     | app.main:lifespan:31 - ✅ WebSocket 行情推送已启动
2026-05-08 23:25:55.660 | INFO     | app.main:lifespan:36 - 👋 应用已关闭
2026-05-08 23:25:57.577 | INFO     | app.main:lifespan:26 - 🚀 Quantitative Trading Platform v1.0.0 启动中...
2026-05-08 23:25:57.597 | INFO     | app.main:lifespan:28 - ✅ 数据库初始化完成
2026-05-08 23:25:57.598 | INFO     | app.main:lifespan:31 - ✅ WebSocket 行情推送已启动
2026-05-08 23:29:14.479 | ERROR    | app.main:global_exception_handler:75 - 未捕获异常: ['close'] | 路径: /api/v1/backtest/run
2026-05-08 23:29:14.504 | WARNING  | app.main:validation_exception_handler:65 - 参数校验失败: [{'type': 'string_pattern_mismatch', 'loc': ('body', 'condition'), 'msg': "String should match pattern '^(above|below)$'", 'input': 'gte', 'ctx': {'pattern': '^(above|below)$'}, 'url': 'https://errors.pydantic.dev/2.5/v/string_pattern_mismatch'}] | 路径: /api/v1/alerts
2026-05-08 23:29:29.254 | ERROR    | app.main:global_exception_handler:75 - 未捕获异常: ['close'] | 路径: /api/v1/backtest/run
2026-05-08 23:33:53.855 | INFO     | app.main:lifespan:36 - 👋 应用已关闭
2026-05-08 23:33:55.957 | INFO     | app.main:lifespan:26 - 🚀 Quantitative Trading Platform v1.0.0 启动中...
2026-05-08 23:33:55.979 | INFO     | app.main:lifespan:28 - ✅ 数据库初始化完成
2026-05-08 23:33:55.979 | INFO     | app.main:lifespan:31 - ✅ WebSocket 行情推送已启动
2026-05-08 23:39:50.061 | INFO     | app.main:lifespan:36 - 👋 应用已关闭
2026-05-08 23:39:51.977 | INFO     | app.main:lifespan:26 - 🚀 Quantitative Trading Platform v1.0.0 启动中...
2026-05-08 23:39:51.997 | INFO     | app.main:lifespan:28 - ✅ 数据库初始化完成
2026-05-08 23:39:51.998 | INFO     | app.main:lifespan:31 - ✅ WebSocket 行情推送已启动
2026-05-08 23:40:04.939 | INFO     | app.main:lifespan:36 - 👋 应用已关闭
2026-05-08 23:40:07.254 | INFO     | app.main:lifespan:26 - 🚀 Quantitative Trading Platform v1.0.0 启动中...
2026-05-08 23:40:07.276 | INFO     | app.main:lifespan:28 - ✅ 数据库初始化完成
2026-05-08 23:40:07.276 | INFO     | app.main:lifespan:31 - ✅ WebSocket 行情推送已启动
2026-05-08 23:40:43.039 | ERROR    | app.main:global_exception_handler:75 - 未捕获异常: ['close'] | 路径: /api/v1/backtest/run
2026-05-08 23:40:43.065 | WARNING  | app.main:validation_exception_handler:65 - 参数校验失败: [{'type': 'string_pattern_mismatch', 'loc': ('body', 'condition'), 'msg': "String should match pattern '^(above|below)$'", 'input': 'gte', 'ctx': {'pattern': '^(above|below)$'}, 'url': 'https://errors.pydantic.dev/2.5/v/string_pattern_mismatch'}] | 路径: /api/v1/alerts
2026-05-08 23:41:01.229 | ERROR    | app.main:global_exception_handler:75 - 未捕获异常: ['close'] | 路径: /api/v1/backtest/run
2026-05-08 23:42:57.610 | INFO     | app.main:lifespan:36 - 👋 应用已关闭
2026-05-08 23:42:59.691 | INFO     | app.main:lifespan:26 - 🚀 Quantitative Trading Platform v1.0.0 启动中...
2026-05-08 23:42:59.712 | INFO     | app.main:lifespan:28 - ✅ 数据库初始化完成
2026-05-08 23:42:59.712 | INFO     | app.main:lifespan:31 - ✅ WebSocket 行情推送已启动
2026-05-08 23:43:21.378 | INFO     | app.main:lifespan:36 - 👋 应用已关闭
2026-05-08 23:43:23.723 | INFO     | app.main:lifespan:26 - 🚀 Quantitative Trading Platform v1.0.0 启动中...
2026-05-08 23:43:23.743 | INFO     | app.main:lifespan:28 - ✅ 数据库初始化完成
2026-05-08 23:43:23.743 | INFO     | app.main:lifespan:31 - ✅ WebSocket 行情推送已启动
2026-05-08 23:43:54.167 | ERROR    | app.main:global_exception_handler:75 - 未捕获异常: int() argument must be a string, a bytes-like object or a number, not 'Timestamp' | 路径: /api/v1/backtest/run
2026-05-08 23:44:16.532 | INFO     | app.main:lifespan:36 - 👋 应用已关闭
2026-05-08 23:44:18.770 | INFO     | app.main:lifespan:26 - 🚀 Quantitative Trading Platform v1.0.0 启动中...
2026-05-08 23:44:18.791 | INFO     | app.main:lifespan:28 - ✅ 数据库初始化完成
2026-05-08 23:44:18.792 | INFO     | app.main:lifespan:31 - ✅ WebSocket 行情推送已启动
2026-05-08 23:44:30.734 | INFO     | app.main:lifespan:36 - 👋 应用已关闭
2026-05-08 23:44:32.783 | INFO     | app.main:lifespan:26 - 🚀 Quantitative Trading Platform v1.0.0 启动中...
2026-05-08 23:44:32.804 | INFO     | app.main:lifespan:28 - ✅ 数据库初始化完成
2026-05-08 23:44:32.804 | INFO     | app.main:lifespan:31 - ✅ WebSocket 行情推送已启动
2026-05-08 23:44:34.941 | ERROR    | app.main:global_exception_handler:75 - 未捕获异常: int() argument must be a string, a bytes-like object or a number, not 'Timestamp' | 路径: /api/v1/backtest/run
2026-05-08 23:50:37.670 | INFO     | app.main:lifespan:36 - 👋 应用已关闭
2026-05-08 23:50:39.739 | INFO     | app.main:lifespan:26 - 🚀 Quantitative Trading Platform v1.0.0 启动中...
2026-05-08 23:50:39.760 | INFO     | app.main:lifespan:28 - ✅ 数据库初始化完成
2026-05-08 23:50:39.761 | INFO     | app.main:lifespan:31 - ✅ WebSocket 行情推送已启动
2026-05-08 23:52:32.292 | INFO     | app.main:lifespan:36 - 👋 应用已关闭
2026-05-08 23:52:34.355 | INFO     | app.main:lifespan:26 - 🚀 Quantitative Trading Platform v1.0.0 启动中...
2026-05-08 23:52:34.375 | INFO     | app.main:lifespan:28 - ✅ 数据库初始化完成
2026-05-08 23:52:34.375 | INFO     | app.main:lifespan:31 - ✅ WebSocket 行情推送已启动
2026-05-08 23:52:44.609 | INFO     | app.main:lifespan:36 - 👋 应用已关闭
2026-05-08 23:52:46.791 | INFO     | app.main:lifespan:26 - 🚀 Quantitative Trading Platform v1.0.0 启动中...
2026-05-08 23:52:46.814 | INFO     | app.main:lifespan:28 - ✅ 数据库初始化完成
2026-05-08 23:52:46.814 | INFO     | app.main:lifespan:31 - ✅ WebSocket 行情推送已启动
2026-05-09 00:03:06.515 | INFO     | app.main:lifespan:36 - 👋 应用已关闭
