2026-05-10 00:36:45.347 | INFO     | app.main:lifespan:37 - 👋 应用已关闭
2026-05-10 00:36:46.996 | INFO     | app.main:lifespan:27 - 🚀 Quantitative Trading Platform v1.0.0 启动中...
2026-05-10 00:36:47.019 | INFO     | app.main:lifespan:29 - ✅ 数据库初始化完成
2026-05-10 00:36:47.020 | INFO     | app.main:lifespan:32 - ✅ WebSocket 行情推送已启动
2026-05-10 00:38:29.825 | WARNING  | app.main:validation_exception_handler:66 - 参数校验失败: [{'type': 'missing', 'loc': ('body', 'username'), 'msg': 'Field required', 'input': None}, {'type': 'missing', 'loc': ('body', 'password'), 'msg': 'Field required', 'input': None}] | 路径: /api/v1/auth/login
2026-05-10 00:38:39.247 | WARNING  | app.main:validation_exception_handler:66 - 参数校验失败: [{'type': 'missing', 'loc': ('body', 'username'), 'msg': 'Field required', 'input': None}, {'type': 'missing', 'loc': ('body', 'password'), 'msg': 'Field required', 'input': None}] | 路径: /api/v1/auth/login
2026-05-10 00:45:43.347 | INFO     | app.main:lifespan:37 - 👋 应用已关闭
2026-05-10 00:45:45.033 | INFO     | app.main:lifespan:27 - 🚀 Quantitative Trading Platform v1.0.0 启动中...
2026-05-10 00:45:45.054 | INFO     | app.main:lifespan:29 - ✅ 数据库初始化完成
2026-05-10 00:45:45.054 | INFO     | app.main:lifespan:32 - ✅ WebSocket 行情推送已启动
2026-05-10 00:46:01.271 | INFO     | app.main:lifespan:37 - 👋 应用已关闭
2026-05-10 00:46:03.238 | INFO     | app.main:lifespan:27 - 🚀 Quantitative Trading Platform v1.0.0 启动中...
2026-05-10 00:46:03.262 | INFO     | app.main:lifespan:29 - ✅ 数据库初始化完成
2026-05-10 00:46:03.262 | INFO     | app.main:lifespan:32 - ✅ WebSocket 行情推送已启动
2026-05-10 00:46:35.853 | INFO     | app.main:lifespan:37 - 👋 应用已关闭
2026-05-10 00:46:37.839 | INFO     | app.main:lifespan:27 - 🚀 Quantitative Trading Platform v1.0.0 启动中...
2026-05-10 00:46:37.861 | INFO     | app.main:lifespan:29 - ✅ 数据库初始化完成
2026-05-10 00:46:37.862 | INFO     | app.main:lifespan:32 - ✅ WebSocket 行情推送已启动
2026-05-10 00:56:14.025 | INFO     | app.main:lifespan:37 - 👋 应用已关闭
2026-05-10 00:56:15.612 | INFO     | app.main:lifespan:27 - 🚀 Quantitative Trading Platform v1.0.0 启动中...
2026-05-10 00:56:15.631 | INFO     | app.main:lifespan:29 - ✅ 数据库初始化完成
2026-05-10 00:56:15.632 | INFO     | app.main:lifespan:32 - ✅ WebSocket 行情推送已启动
2026-05-10 00:56:30.349 | INFO     | app.main:lifespan:37 - 👋 应用已关闭
2026-05-10 00:56:32.342 | INFO     | app.main:lifespan:27 - 🚀 Quantitative Trading Platform v1.0.0 启动中...
2026-05-10 00:56:32.360 | INFO     | app.main:lifespan:29 - ✅ 数据库初始化完成
2026-05-10 00:56:32.360 | INFO     | app.main:lifespan:32 - ✅ WebSocket 行情推送已启动
2026-05-10 00:59:37.204 | INFO     | app.main:lifespan:37 - 👋 应用已关闭
2026-05-10 00:59:38.935 | INFO     | app.main:lifespan:27 - 🚀 Quantitative Trading Platform v1.0.0 启动中...
2026-05-10 00:59:38.953 | INFO     | app.main:lifespan:29 - ✅ 数据库初始化完成
2026-05-10 00:59:38.953 | INFO     | app.main:lifespan:32 - ✅ WebSocket 行情推送已启动
2026-05-10 01:13:48.111 | INFO     | app.main:lifespan:37 - 👋 应用已关闭
2026-05-10 01:13:49.743 | INFO     | app.main:lifespan:27 - 🚀 Quantitative Trading Platform v1.0.0 启动中...
2026-05-10 01:13:49.764 | INFO     | app.main:lifespan:29 - ✅ 数据库初始化完成
2026-05-10 01:13:49.764 | INFO     | app.main:lifespan:32 - ✅ WebSocket 行情推送已启动
2026-05-10 01:23:17.676 | INFO     | app.main:lifespan:37 - 👋 应用已关闭
2026-05-10 01:23:19.454 | INFO     | app.main:lifespan:27 - 🚀 Quantitative Trading Platform v1.0.0 启动中...
2026-05-10 01:23:19.477 | INFO     | app.main:lifespan:29 - ✅ 数据库初始化完成
2026-05-10 01:23:19.477 | INFO     | app.main:lifespan:32 - ✅ WebSocket 行情推送已启动
2026-05-10 01:23:45.886 | INFO     | app.main:lifespan:37 - 👋 应用已关闭
2026-05-10 01:23:47.741 | INFO     | app.main:lifespan:27 - 🚀 Quantitative Trading Platform v1.0.0 启动中...
2026-05-10 01:23:47.766 | INFO     | app.main:lifespan:29 - ✅ 数据库初始化完成
2026-05-10 01:23:47.766 | INFO     | app.main:lifespan:32 - ✅ WebSocket 行情推送已启动
2026-05-10 01:24:08.453 | INFO     | app.main:lifespan:37 - 👋 应用已关闭
2026-05-10 01:24:10.151 | INFO     | app.main:lifespan:27 - 🚀 Quantitative Trading Platform v1.0.0 启动中...
2026-05-10 01:24:10.168 | INFO     | app.main:lifespan:29 - ✅ 数据库初始化完成
2026-05-10 01:24:10.168 | INFO     | app.main:lifespan:32 - ✅ WebSocket 行情推送已启动
2026-05-10 01:24:50.835 | INFO     | app.main:lifespan:37 - 👋 应用已关闭
2026-05-10 01:24:52.713 | INFO     | app.main:lifespan:27 - 🚀 Quantitative Trading Platform v1.0.0 启动中...
2026-05-10 01:24:52.733 | INFO     | app.main:lifespan:29 - ✅ 数据库初始化完成
2026-05-10 01:24:52.733 | INFO     | app.main:lifespan:32 - ✅ WebSocket 行情推送已启动
2026-05-10 01:43:00.913 | INFO     | app.main:lifespan:37 - 👋 应用已关闭
2026-05-10 01:43:02.634 | INFO     | app.main:lifespan:27 - 🚀 Quantitative Trading Platform v1.0.0 启动中...
2026-05-10 01:43:02.659 | INFO     | app.main:lifespan:29 - ✅ 数据库初始化完成
2026-05-10 01:43:02.659 | INFO     | app.main:lifespan:32 - ✅ WebSocket 行情推送已启动
2026-05-10 01:43:09.207 | INFO     | app.main:lifespan:37 - 👋 应用已关闭
2026-05-10 01:43:11.222 | INFO     | app.main:lifespan:27 - 🚀 Quantitative Trading Platform v1.0.0 启动中...
2026-05-10 01:43:11.246 | INFO     | app.main:lifespan:29 - ✅ 数据库初始化完成
2026-05-10 01:43:11.246 | INFO     | app.main:lifespan:32 - ✅ WebSocket 行情推送已启动
2026-05-10 06:27:40.287 | INFO     | app.main:lifespan:37 - 👋 应用已关闭
2026-05-10 06:27:42.428 | INFO     | app.main:lifespan:27 - 🚀 Quantitative Trading Platform v1.0.0 启动中...
2026-05-10 06:27:42.454 | INFO     | app.main:lifespan:29 - ✅ 数据库初始化完成
2026-05-10 06:27:42.454 | INFO     | app.main:lifespan:32 - ✅ WebSocket 行情推送已启动
2026-05-10 06:28:03.894 | INFO     | app.main:lifespan:37 - 👋 应用已关闭
2026-05-10 06:28:05.935 | INFO     | app.main:lifespan:27 - 🚀 Quantitative Trading Platform v1.0.0 启动中...
2026-05-10 06:28:05.954 | INFO     | app.main:lifespan:29 - ✅ 数据库初始化完成
2026-05-10 06:28:05.954 | INFO     | app.main:lifespan:32 - ✅ WebSocket 行情推送已启动
2026-05-10 06:28:25.858 | INFO     | app.main:lifespan:37 - 👋 应用已关闭
2026-05-10 06:28:33.440 | INFO     | app.main:lifespan:27 - 🚀 Quantitative Trading Platform v1.0.0 启动中...
2026-05-10 06:28:33.466 | INFO     | app.main:lifespan:29 - ✅ 数据库初始化完成
2026-05-10 06:28:33.466 | INFO     | app.main:lifespan:32 - ✅ WebSocket 行情推送已启动
2026-05-10 06:30:49.867 | INFO     | app.main:lifespan:37 - 👋 应用已关闭
2026-05-10 06:30:51.749 | INFO     | app.main:lifespan:27 - 🚀 Quantitative Trading Platform v1.0.0 启动中...
2026-05-10 06:30:51.773 | INFO     | app.main:lifespan:29 - ✅ 数据库初始化完成
2026-05-10 06:30:51.774 | INFO     | app.main:lifespan:32 - ✅ WebSocket 行情推送已启动
2026-05-10 06:31:16.021 | INFO     | app.main:lifespan:37 - 👋 应用已关闭
2026-05-10 06:31:18.037 | INFO     | app.main:lifespan:27 - 🚀 Quantitative Trading Platform v1.0.0 启动中...
2026-05-10 06:31:18.056 | INFO     | app.main:lifespan:29 - ✅ 数据库初始化完成
2026-05-10 06:31:18.056 | INFO     | app.main:lifespan:32 - ✅ WebSocket 行情推送已启动
2026-05-10 06:31:31.927 | INFO     | app.main:lifespan:37 - 👋 应用已关闭
2026-05-10 06:31:33.867 | INFO     | app.main:lifespan:27 - 🚀 Quantitative Trading Platform v1.0.0 启动中...
2026-05-10 06:31:33.890 | INFO     | app.main:lifespan:29 - ✅ 数据库初始化完成
2026-05-10 06:31:33.890 | INFO     | app.main:lifespan:32 - ✅ WebSocket 行情推送已启动
2026-05-10 06:32:39.818 | INFO     | app.main:lifespan:37 - 👋 应用已关闭
2026-05-10 06:32:41.454 | INFO     | app.main:lifespan:27 - 🚀 Quantitative Trading Platform v1.0.0 启动中...
2026-05-10 06:32:41.475 | INFO     | app.main:lifespan:29 - ✅ 数据库初始化完成
2026-05-10 06:32:41.475 | INFO     | app.main:lifespan:32 - ✅ WebSocket 行情推送已启动
2026-05-10 06:32:58.585 | INFO     | app.main:lifespan:37 - 👋 应用已关闭
2026-05-10 06:33:00.254 | INFO     | app.main:lifespan:27 - 🚀 Quantitative Trading Platform v1.0.0 启动中...
2026-05-10 06:33:00.279 | INFO     | app.main:lifespan:29 - ✅ 数据库初始化完成
2026-05-10 06:33:00.280 | INFO     | app.main:lifespan:32 - ✅ WebSocket 行情推送已启动
2026-05-10 07:10:10.966 | INFO     | app.main:lifespan:37 - 👋 应用已关闭
2026-05-10 08:37:31.870 | INFO     | app.main:lifespan:27 - 🚀 Quantitative Trading Platform v1.0.0 启动中...
2026-05-10 08:37:31.895 | INFO     | app.main:lifespan:29 - ✅ 数据库初始化完成
2026-05-10 08:37:31.895 | INFO     | app.main:lifespan:32 - ✅ WebSocket 行情推送已启动
2026-05-10 09:08:53.194 | INFO     | app.main:lifespan:37 - 👋 应用已关闭
2026-05-10 09:08:55.060 | INFO     | app.main:lifespan:27 - 🚀 Quantitative Trading Platform v1.0.0 启动中...
2026-05-10 09:08:55.083 | INFO     | app.main:lifespan:29 - ✅ 数据库初始化完成
2026-05-10 09:08:55.084 | INFO     | app.main:lifespan:32 - ✅ WebSocket 行情推送已启动
2026-05-10 09:11:46.488 | INFO     | app.main:lifespan:37 - 👋 应用已关闭
2026-05-10 09:11:48.323 | INFO     | app.main:lifespan:27 - 🚀 Quantitative Trading Platform v1.0.0 启动中...
2026-05-10 09:11:48.351 | INFO     | app.main:lifespan:29 - ✅ 数据库初始化完成
2026-05-10 09:11:48.351 | INFO     | app.main:lifespan:32 - ✅ WebSocket 行情推送已启动
2026-05-10 09:12:14.060 | INFO     | app.main:lifespan:37 - 👋 应用已关闭
2026-05-10 09:12:15.746 | INFO     | app.main:lifespan:27 - 🚀 Quantitative Trading Platform v1.0.0 启动中...
2026-05-10 09:12:15.766 | INFO     | app.main:lifespan:29 - ✅ 数据库初始化完成
2026-05-10 09:12:15.766 | INFO     | app.main:lifespan:32 - ✅ WebSocket 行情推送已启动
2026-05-10 09:12:54.907 | INFO     | app.main:lifespan:37 - 👋 应用已关闭
2026-05-10 09:12:56.715 | INFO     | app.main:lifespan:27 - 🚀 Quantitative Trading Platform v1.0.0 启动中...
2026-05-10 09:12:56.742 | INFO     | app.main:lifespan:29 - ✅ 数据库初始化完成
2026-05-10 09:12:56.742 | INFO     | app.main:lifespan:32 - ✅ WebSocket 行情推送已启动
2026-05-10 09:13:45.921 | INFO     | app.main:lifespan:37 - 👋 应用已关闭
2026-05-10 09:13:47.779 | INFO     | app.main:lifespan:27 - 🚀 Quantitative Trading Platform v1.0.0 启动中...
2026-05-10 09:13:47.806 | INFO     | app.main:lifespan:29 - ✅ 数据库初始化完成
2026-05-10 09:13:47.807 | INFO     | app.main:lifespan:32 - ✅ WebSocket 行情推送已启动
2026-05-10 09:14:14.057 | INFO     | app.main:lifespan:37 - 👋 应用已关闭
2026-05-10 09:14:15.740 | INFO     | app.main:lifespan:27 - 🚀 Quantitative Trading Platform v1.0.0 启动中...
2026-05-10 09:14:15.762 | INFO     | app.main:lifespan:29 - ✅ 数据库初始化完成
2026-05-10 09:14:15.762 | INFO     | app.main:lifespan:32 - ✅ WebSocket 行情推送已启动
2026-05-10 13:13:18.074 | ERROR    | app.main:global_exception_handler:76 - 未捕获异常: 12 validation errors:
  {'type': 'int_type', 'loc': ('response', 'data', 16, 'price_precision'), 'msg': 'Input should be a valid integer', 'input': None}
  {'type': 'int_type', 'loc': ('response', 'data', 16, 'qty_precision'), 'msg': 'Input should be a valid integer', 'input': None}
  {'type': 'float_type', 'loc': ('response', 'data', 16, 'min_qty'), 'msg': 'Input should be a valid number', 'input': None}
  {'type': 'float_type', 'loc': ('response', 'data', 16, 'tick_size'), 'msg': 'Input should be a valid number', 'input': None}
  {'type': 'int_type', 'loc': ('response', 'data', 23, 'price_precision'), 'msg': 'Input should be a valid integer', 'input': None}
  {'type': 'int_type', 'loc': ('response', 'data', 23, 'qty_precision'), 'msg': 'Input should be a valid integer', 'input': None}
  {'type': 'float_type', 'loc': ('response', 'data', 23, 'min_qty'), 'msg': 'Input should be a valid number', 'input': None}
  {'type': 'float_type', 'loc': ('response', 'data', 23, 'tick_size'), 'msg': 'Input should be a valid number', 'input': None}
  {'type': 'int_type', 'loc': ('response', 'data', 25, 'price_precision'), 'msg': 'Input should be a valid integer', 'input': None}
  {'type': 'int_type', 'loc': ('response', 'data', 25, 'qty_precision'), 'msg': 'Input should be a valid integer', 'input': None}
  {'type': 'float_type', 'loc': ('response', 'data', 25, 'min_qty'), 'msg': 'Input should be a valid number', 'input': None}
  {'type': 'float_type', 'loc': ('response', 'data', 25, 'tick_size'), 'msg': 'Input should be a valid number', 'input': None}

  File "/root/workspace/stock/backend/app/api/v1/endpoints/market.py", line 206, in symbols
    GET /api/v1/market/symbols | 路径: /api/v1/market/symbols
2026-05-10 13:13:19.780 | ERROR    | app.main:global_exception_handler:76 - 未捕获异常: 12 validation errors:
  {'type': 'int_type', 'loc': ('response', 'data', 16, 'price_precision'), 'msg': 'Input should be a valid integer', 'input': None}
  {'type': 'int_type', 'loc': ('response', 'data', 16, 'qty_precision'), 'msg': 'Input should be a valid integer', 'input': None}
  {'type': 'float_type', 'loc': ('response', 'data', 16, 'min_qty'), 'msg': 'Input should be a valid number', 'input': None}
  {'type': 'float_type', 'loc': ('response', 'data', 16, 'tick_size'), 'msg': 'Input should be a valid number', 'input': None}
  {'type': 'int_type', 'loc': ('response', 'data', 23, 'price_precision'), 'msg': 'Input should be a valid integer', 'input': None}
  {'type': 'int_type', 'loc': ('response', 'data', 23, 'qty_precision'), 'msg': 'Input should be a valid integer', 'input': None}
  {'type': 'float_type', 'loc': ('response', 'data', 23, 'min_qty'), 'msg': 'Input should be a valid number', 'input': None}
  {'type': 'float_type', 'loc': ('response', 'data', 23, 'tick_size'), 'msg': 'Input should be a valid number', 'input': None}
  {'type': 'int_type', 'loc': ('response', 'data', 25, 'price_precision'), 'msg': 'Input should be a valid integer', 'input': None}
  {'type': 'int_type', 'loc': ('response', 'data', 25, 'qty_precision'), 'msg': 'Input should be a valid integer', 'input': None}
  {'type': 'float_type', 'loc': ('response', 'data', 25, 'min_qty'), 'msg': 'Input should be a valid number', 'input': None}
  {'type': 'float_type', 'loc': ('response', 'data', 25, 'tick_size'), 'msg': 'Input should be a valid number', 'input': None}

  File "/root/workspace/stock/backend/app/api/v1/endpoints/market.py", line 206, in symbols
    GET /api/v1/market/symbols | 路径: /api/v1/market/symbols
2026-05-10 13:16:46.843 | ERROR    | app.main:global_exception_handler:76 - 未捕获异常: 12 validation errors:
  {'type': 'int_type', 'loc': ('response', 'data', 16, 'price_precision'), 'msg': 'Input should be a valid integer', 'input': None}
  {'type': 'int_type', 'loc': ('response', 'data', 16, 'qty_precision'), 'msg': 'Input should be a valid integer', 'input': None}
  {'type': 'float_type', 'loc': ('response', 'data', 16, 'min_qty'), 'msg': 'Input should be a valid number', 'input': None}
  {'type': 'float_type', 'loc': ('response', 'data', 16, 'tick_size'), 'msg': 'Input should be a valid number', 'input': None}
  {'type': 'int_type', 'loc': ('response', 'data', 23, 'price_precision'), 'msg': 'Input should be a valid integer', 'input': None}
  {'type': 'int_type', 'loc': ('response', 'data', 23, 'qty_precision'), 'msg': 'Input should be a valid integer', 'input': None}
  {'type': 'float_type', 'loc': ('response', 'data', 23, 'min_qty'), 'msg': 'Input should be a valid number', 'input': None}
  {'type': 'float_type', 'loc': ('response', 'data', 23, 'tick_size'), 'msg': 'Input should be a valid number', 'input': None}
  {'type': 'int_type', 'loc': ('response', 'data', 25, 'price_precision'), 'msg': 'Input should be a valid integer', 'input': None}
  {'type': 'int_type', 'loc': ('response', 'data', 25, 'qty_precision'), 'msg': 'Input should be a valid integer', 'input': None}
  {'type': 'float_type', 'loc': ('response', 'data', 25, 'min_qty'), 'msg': 'Input should be a valid number', 'input': None}
  {'type': 'float_type', 'loc': ('response', 'data', 25, 'tick_size'), 'msg': 'Input should be a valid number', 'input': None}

  File "/root/workspace/stock/backend/app/api/v1/endpoints/market.py", line 206, in symbols
    GET /api/v1/market/symbols | 路径: /api/v1/market/symbols
2026-05-10 13:21:18.196 | ERROR    | app.main:global_exception_handler:76 - 未捕获异常: 12 validation errors:
  {'type': 'int_type', 'loc': ('response', 'data', 16, 'price_precision'), 'msg': 'Input should be a valid integer', 'input': None}
  {'type': 'int_type', 'loc': ('response', 'data', 16, 'qty_precision'), 'msg': 'Input should be a valid integer', 'input': None}
  {'type': 'float_type', 'loc': ('response', 'data', 16, 'min_qty'), 'msg': 'Input should be a valid number', 'input': None}
  {'type': 'float_type', 'loc': ('response', 'data', 16, 'tick_size'), 'msg': 'Input should be a valid number', 'input': None}
  {'type': 'int_type', 'loc': ('response', 'data', 23, 'price_precision'), 'msg': 'Input should be a valid integer', 'input': None}
  {'type': 'int_type', 'loc': ('response', 'data', 23, 'qty_precision'), 'msg': 'Input should be a valid integer', 'input': None}
  {'type': 'float_type', 'loc': ('response', 'data', 23, 'min_qty'), 'msg': 'Input should be a valid number', 'input': None}
  {'type': 'float_type', 'loc': ('response', 'data', 23, 'tick_size'), 'msg': 'Input should be a valid number', 'input': None}
  {'type': 'int_type', 'loc': ('response', 'data', 25, 'price_precision'), 'msg': 'Input should be a valid integer', 'input': None}
  {'type': 'int_type', 'loc': ('response', 'data', 25, 'qty_precision'), 'msg': 'Input should be a valid integer', 'input': None}
  {'type': 'float_type', 'loc': ('response', 'data', 25, 'min_qty'), 'msg': 'Input should be a valid number', 'input': None}
  {'type': 'float_type', 'loc': ('response', 'data', 25, 'tick_size'), 'msg': 'Input should be a valid number', 'input': None}

  File "/root/workspace/stock/backend/app/api/v1/endpoints/market.py", line 206, in symbols
    GET /api/v1/market/symbols | 路径: /api/v1/market/symbols
2026-05-10 13:27:18.908 | ERROR    | app.main:global_exception_handler:76 - 未捕获异常: 12 validation errors:
  {'type': 'int_type', 'loc': ('response', 'data', 16, 'price_precision'), 'msg': 'Input should be a valid integer', 'input': None}
  {'type': 'int_type', 'loc': ('response', 'data', 16, 'qty_precision'), 'msg': 'Input should be a valid integer', 'input': None}
  {'type': 'float_type', 'loc': ('response', 'data', 16, 'min_qty'), 'msg': 'Input should be a valid number', 'input': None}
  {'type': 'float_type', 'loc': ('response', 'data', 16, 'tick_size'), 'msg': 'Input should be a valid number', 'input': None}
  {'type': 'int_type', 'loc': ('response', 'data', 23, 'price_precision'), 'msg': 'Input should be a valid integer', 'input': None}
  {'type': 'int_type', 'loc': ('response', 'data', 23, 'qty_precision'), 'msg': 'Input should be a valid integer', 'input': None}
  {'type': 'float_type', 'loc': ('response', 'data', 23, 'min_qty'), 'msg': 'Input should be a valid number', 'input': None}
  {'type': 'float_type', 'loc': ('response', 'data', 23, 'tick_size'), 'msg': 'Input should be a valid number', 'input': None}
  {'type': 'int_type', 'loc': ('response', 'data', 25, 'price_precision'), 'msg': 'Input should be a valid integer', 'input': None}
  {'type': 'int_type', 'loc': ('response', 'data', 25, 'qty_precision'), 'msg': 'Input should be a valid integer', 'input': None}
  {'type': 'float_type', 'loc': ('response', 'data', 25, 'min_qty'), 'msg': 'Input should be a valid number', 'input': None}
  {'type': 'float_type', 'loc': ('response', 'data', 25, 'tick_size'), 'msg': 'Input should be a valid number', 'input': None}

  File "/root/workspace/stock/backend/app/api/v1/endpoints/market.py", line 206, in symbols
    GET /api/v1/market/symbols | 路径: /api/v1/market/symbols
2026-05-10 13:34:42.617 | ERROR    | app.main:global_exception_handler:76 - 未捕获异常: 12 validation errors:
  {'type': 'int_type', 'loc': ('response', 'data', 16, 'price_precision'), 'msg': 'Input should be a valid integer', 'input': None}
  {'type': 'int_type', 'loc': ('response', 'data', 16, 'qty_precision'), 'msg': 'Input should be a valid integer', 'input': None}
  {'type': 'float_type', 'loc': ('response', 'data', 16, 'min_qty'), 'msg': 'Input should be a valid number', 'input': None}
  {'type': 'float_type', 'loc': ('response', 'data', 16, 'tick_size'), 'msg': 'Input should be a valid number', 'input': None}
  {'type': 'int_type', 'loc': ('response', 'data', 23, 'price_precision'), 'msg': 'Input should be a valid integer', 'input': None}
  {'type': 'int_type', 'loc': ('response', 'data', 23, 'qty_precision'), 'msg': 'Input should be a valid integer', 'input': None}
  {'type': 'float_type', 'loc': ('response', 'data', 23, 'min_qty'), 'msg': 'Input should be a valid number', 'input': None}
  {'type': 'float_type', 'loc': ('response', 'data', 23, 'tick_size'), 'msg': 'Input should be a valid number', 'input': None}
  {'type': 'int_type', 'loc': ('response', 'data', 25, 'price_precision'), 'msg': 'Input should be a valid integer', 'input': None}
  {'type': 'int_type', 'loc': ('response', 'data', 25, 'qty_precision'), 'msg': 'Input should be a valid integer', 'input': None}
  {'type': 'float_type', 'loc': ('response', 'data', 25, 'min_qty'), 'msg': 'Input should be a valid number', 'input': None}
  {'type': 'float_type', 'loc': ('response', 'data', 25, 'tick_size'), 'msg': 'Input should be a valid number', 'input': None}

  File "/root/workspace/stock/backend/app/api/v1/endpoints/market.py", line 206, in symbols
    GET /api/v1/market/symbols | 路径: /api/v1/market/symbols
2026-05-10 13:36:12.571 | ERROR    | app.main:global_exception_handler:76 - 未捕获异常: 12 validation errors:
  {'type': 'int_type', 'loc': ('response', 'data', 16, 'price_precision'), 'msg': 'Input should be a valid integer', 'input': None}
  {'type': 'int_type', 'loc': ('response', 'data', 16, 'qty_precision'), 'msg': 'Input should be a valid integer', 'input': None}
  {'type': 'float_type', 'loc': ('response', 'data', 16, 'min_qty'), 'msg': 'Input should be a valid number', 'input': None}
  {'type': 'float_type', 'loc': ('response', 'data', 16, 'tick_size'), 'msg': 'Input should be a valid number', 'input': None}
  {'type': 'int_type', 'loc': ('response', 'data', 23, 'price_precision'), 'msg': 'Input should be a valid integer', 'input': None}
  {'type': 'int_type', 'loc': ('response', 'data', 23, 'qty_precision'), 'msg': 'Input should be a valid integer', 'input': None}
  {'type': 'float_type', 'loc': ('response', 'data', 23, 'min_qty'), 'msg': 'Input should be a valid number', 'input': None}
  {'type': 'float_type', 'loc': ('response', 'data', 23, 'tick_size'), 'msg': 'Input should be a valid number', 'input': None}
  {'type': 'int_type', 'loc': ('response', 'data', 25, 'price_precision'), 'msg': 'Input should be a valid integer', 'input': None}
  {'type': 'int_type', 'loc': ('response', 'data', 25, 'qty_precision'), 'msg': 'Input should be a valid integer', 'input': None}
  {'type': 'float_type', 'loc': ('response', 'data', 25, 'min_qty'), 'msg': 'Input should be a valid number', 'input': None}
  {'type': 'float_type', 'loc': ('response', 'data', 25, 'tick_size'), 'msg': 'Input should be a valid number', 'input': None}

  File "/root/workspace/stock/backend/app/api/v1/endpoints/market.py", line 206, in symbols
    GET /api/v1/market/symbols | 路径: /api/v1/market/symbols
2026-05-10 13:43:14.123 | ERROR    | app.main:global_exception_handler:76 - 未捕获异常: 12 validation errors:
  {'type': 'int_type', 'loc': ('response', 'data', 16, 'price_precision'), 'msg': 'Input should be a valid integer', 'input': None}
  {'type': 'int_type', 'loc': ('response', 'data', 16, 'qty_precision'), 'msg': 'Input should be a valid integer', 'input': None}
  {'type': 'float_type', 'loc': ('response', 'data', 16, 'min_qty'), 'msg': 'Input should be a valid number', 'input': None}
  {'type': 'float_type', 'loc': ('response', 'data', 16, 'tick_size'), 'msg': 'Input should be a valid number', 'input': None}
  {'type': 'int_type', 'loc': ('response', 'data', 23, 'price_precision'), 'msg': 'Input should be a valid integer', 'input': None}
  {'type': 'int_type', 'loc': ('response', 'data', 23, 'qty_precision'), 'msg': 'Input should be a valid integer', 'input': None}
  {'type': 'float_type', 'loc': ('response', 'data', 23, 'min_qty'), 'msg': 'Input should be a valid number', 'input': None}
  {'type': 'float_type', 'loc': ('response', 'data', 23, 'tick_size'), 'msg': 'Input should be a valid number', 'input': None}
  {'type': 'int_type', 'loc': ('response', 'data', 25, 'price_precision'), 'msg': 'Input should be a valid integer', 'input': None}
  {'type': 'int_type', 'loc': ('response', 'data', 25, 'qty_precision'), 'msg': 'Input should be a valid integer', 'input': None}
  {'type': 'float_type', 'loc': ('response', 'data', 25, 'min_qty'), 'msg': 'Input should be a valid number', 'input': None}
  {'type': 'float_type', 'loc': ('response', 'data', 25, 'tick_size'), 'msg': 'Input should be a valid number', 'input': None}

  File "/root/workspace/stock/backend/app/api/v1/endpoints/market.py", line 206, in symbols
    GET /api/v1/market/symbols | 路径: /api/v1/market/symbols
2026-05-10 13:57:42.343 | ERROR    | app.main:global_exception_handler:76 - 未捕获异常: 12 validation errors:
  {'type': 'int_type', 'loc': ('response', 'data', 16, 'price_precision'), 'msg': 'Input should be a valid integer', 'input': None}
  {'type': 'int_type', 'loc': ('response', 'data', 16, 'qty_precision'), 'msg': 'Input should be a valid integer', 'input': None}
  {'type': 'float_type', 'loc': ('response', 'data', 16, 'min_qty'), 'msg': 'Input should be a valid number', 'input': None}
  {'type': 'float_type', 'loc': ('response', 'data', 16, 'tick_size'), 'msg': 'Input should be a valid number', 'input': None}
  {'type': 'int_type', 'loc': ('response', 'data', 23, 'price_precision'), 'msg': 'Input should be a valid integer', 'input': None}
  {'type': 'int_type', 'loc': ('response', 'data', 23, 'qty_precision'), 'msg': 'Input should be a valid integer', 'input': None}
  {'type': 'float_type', 'loc': ('response', 'data', 23, 'min_qty'), 'msg': 'Input should be a valid number', 'input': None}
  {'type': 'float_type', 'loc': ('response', 'data', 23, 'tick_size'), 'msg': 'Input should be a valid number', 'input': None}
  {'type': 'int_type', 'loc': ('response', 'data', 25, 'price_precision'), 'msg': 'Input should be a valid integer', 'input': None}
  {'type': 'int_type', 'loc': ('response', 'data', 25, 'qty_precision'), 'msg': 'Input should be a valid integer', 'input': None}
  {'type': 'float_type', 'loc': ('response', 'data', 25, 'min_qty'), 'msg': 'Input should be a valid number', 'input': None}
  {'type': 'float_type', 'loc': ('response', 'data', 25, 'tick_size'), 'msg': 'Input should be a valid number', 'input': None}

  File "/root/workspace/stock/backend/app/api/v1/endpoints/market.py", line 206, in symbols
    GET /api/v1/market/symbols | 路径: /api/v1/market/symbols
2026-05-10 14:02:13.118 | ERROR    | app.main:global_exception_handler:76 - 未捕获异常: 12 validation errors:
  {'type': 'int_type', 'loc': ('response', 'data', 16, 'price_precision'), 'msg': 'Input should be a valid integer', 'input': None}
  {'type': 'int_type', 'loc': ('response', 'data', 16, 'qty_precision'), 'msg': 'Input should be a valid integer', 'input': None}
  {'type': 'float_type', 'loc': ('response', 'data', 16, 'min_qty'), 'msg': 'Input should be a valid number', 'input': None}
  {'type': 'float_type', 'loc': ('response', 'data', 16, 'tick_size'), 'msg': 'Input should be a valid number', 'input': None}
  {'type': 'int_type', 'loc': ('response', 'data', 23, 'price_precision'), 'msg': 'Input should be a valid integer', 'input': None}
  {'type': 'int_type', 'loc': ('response', 'data', 23, 'qty_precision'), 'msg': 'Input should be a valid integer', 'input': None}
  {'type': 'float_type', 'loc': ('response', 'data', 23, 'min_qty'), 'msg': 'Input should be a valid number', 'input': None}
  {'type': 'float_type', 'loc': ('response', 'data', 23, 'tick_size'), 'msg': 'Input should be a valid number', 'input': None}
  {'type': 'int_type', 'loc': ('response', 'data', 25, 'price_precision'), 'msg': 'Input should be a valid integer', 'input': None}
  {'type': 'int_type', 'loc': ('response', 'data', 25, 'qty_precision'), 'msg': 'Input should be a valid integer', 'input': None}
  {'type': 'float_type', 'loc': ('response', 'data', 25, 'min_qty'), 'msg': 'Input should be a valid number', 'input': None}
  {'type': 'float_type', 'loc': ('response', 'data', 25, 'tick_size'), 'msg': 'Input should be a valid number', 'input': None}

  File "/root/workspace/stock/backend/app/api/v1/endpoints/market.py", line 206, in symbols
    GET /api/v1/market/symbols | 路径: /api/v1/market/symbols
2026-05-10 14:12:42.175 | ERROR    | app.main:global_exception_handler:76 - 未捕获异常: 12 validation errors:
  {'type': 'int_type', 'loc': ('response', 'data', 16, 'price_precision'), 'msg': 'Input should be a valid integer', 'input': None}
  {'type': 'int_type', 'loc': ('response', 'data', 16, 'qty_precision'), 'msg': 'Input should be a valid integer', 'input': None}
  {'type': 'float_type', 'loc': ('response', 'data', 16, 'min_qty'), 'msg': 'Input should be a valid number', 'input': None}
  {'type': 'float_type', 'loc': ('response', 'data', 16, 'tick_size'), 'msg': 'Input should be a valid number', 'input': None}
  {'type': 'int_type', 'loc': ('response', 'data', 23, 'price_precision'), 'msg': 'Input should be a valid integer', 'input': None}
  {'type': 'int_type', 'loc': ('response', 'data', 23, 'qty_precision'), 'msg': 'Input should be a valid integer', 'input': None}
  {'type': 'float_type', 'loc': ('response', 'data', 23, 'min_qty'), 'msg': 'Input should be a valid number', 'input': None}
  {'type': 'float_type', 'loc': ('response', 'data', 23, 'tick_size'), 'msg': 'Input should be a valid number', 'input': None}
  {'type': 'int_type', 'loc': ('response', 'data', 25, 'price_precision'), 'msg': 'Input should be a valid integer', 'input': None}
  {'type': 'int_type', 'loc': ('response', 'data', 25, 'qty_precision'), 'msg': 'Input should be a valid integer', 'input': None}
  {'type': 'float_type', 'loc': ('response', 'data', 25, 'min_qty'), 'msg': 'Input should be a valid number', 'input': None}
  {'type': 'float_type', 'loc': ('response', 'data', 25, 'tick_size'), 'msg': 'Input should be a valid number', 'input': None}

  File "/root/workspace/stock/backend/app/api/v1/endpoints/market.py", line 206, in symbols
    GET /api/v1/market/symbols | 路径: /api/v1/market/symbols
2026-05-10 14:17:13.126 | ERROR    | app.main:global_exception_handler:76 - 未捕获异常: 12 validation errors:
  {'type': 'int_type', 'loc': ('response', 'data', 16, 'price_precision'), 'msg': 'Input should be a valid integer', 'input': None}
  {'type': 'int_type', 'loc': ('response', 'data', 16, 'qty_precision'), 'msg': 'Input should be a valid integer', 'input': None}
  {'type': 'float_type', 'loc': ('response', 'data', 16, 'min_qty'), 'msg': 'Input should be a valid number', 'input': None}
  {'type': 'float_type', 'loc': ('response', 'data', 16, 'tick_size'), 'msg': 'Input should be a valid number', 'input': None}
  {'type': 'int_type', 'loc': ('response', 'data', 23, 'price_precision'), 'msg': 'Input should be a valid integer', 'input': None}
  {'type': 'int_type', 'loc': ('response', 'data', 23, 'qty_precision'), 'msg': 'Input should be a valid integer', 'input': None}
  {'type': 'float_type', 'loc': ('response', 'data', 23, 'min_qty'), 'msg': 'Input should be a valid number', 'input': None}
  {'type': 'float_type', 'loc': ('response', 'data', 23, 'tick_size'), 'msg': 'Input should be a valid number', 'input': None}
  {'type': 'int_type', 'loc': ('response', 'data', 25, 'price_precision'), 'msg': 'Input should be a valid integer', 'input': None}
  {'type': 'int_type', 'loc': ('response', 'data', 25, 'qty_precision'), 'msg': 'Input should be a valid integer', 'input': None}
  {'type': 'float_type', 'loc': ('response', 'data', 25, 'min_qty'), 'msg': 'Input should be a valid number', 'input': None}
  {'type': 'float_type', 'loc': ('response', 'data', 25, 'tick_size'), 'msg': 'Input should be a valid number', 'input': None}

  File "/root/workspace/stock/backend/app/api/v1/endpoints/market.py", line 206, in symbols
    GET /api/v1/market/symbols | 路径: /api/v1/market/symbols
2026-05-10 14:21:17.098 | ERROR    | app.main:global_exception_handler:76 - 未捕获异常: 12 validation errors:
  {'type': 'int_type', 'loc': ('response', 'data', 16, 'price_precision'), 'msg': 'Input should be a valid integer', 'input': None}
  {'type': 'int_type', 'loc': ('response', 'data', 16, 'qty_precision'), 'msg': 'Input should be a valid integer', 'input': None}
  {'type': 'float_type', 'loc': ('response', 'data', 16, 'min_qty'), 'msg': 'Input should be a valid number', 'input': None}
  {'type': 'float_type', 'loc': ('response', 'data', 16, 'tick_size'), 'msg': 'Input should be a valid number', 'input': None}
  {'type': 'int_type', 'loc': ('response', 'data', 23, 'price_precision'), 'msg': 'Input should be a valid integer', 'input': None}
  {'type': 'int_type', 'loc': ('response', 'data', 23, 'qty_precision'), 'msg': 'Input should be a valid integer', 'input': None}
  {'type': 'float_type', 'loc': ('response', 'data', 23, 'min_qty'), 'msg': 'Input should be a valid number', 'input': None}
  {'type': 'float_type', 'loc': ('response', 'data', 23, 'tick_size'), 'msg': 'Input should be a valid number', 'input': None}
  {'type': 'int_type', 'loc': ('response', 'data', 25, 'price_precision'), 'msg': 'Input should be a valid integer', 'input': None}
  {'type': 'int_type', 'loc': ('response', 'data', 25, 'qty_precision'), 'msg': 'Input should be a valid integer', 'input': None}
  {'type': 'float_type', 'loc': ('response', 'data', 25, 'min_qty'), 'msg': 'Input should be a valid number', 'input': None}
  {'type': 'float_type', 'loc': ('response', 'data', 25, 'tick_size'), 'msg': 'Input should be a valid number', 'input': None}

  File "/root/workspace/stock/backend/app/api/v1/endpoints/market.py", line 206, in symbols
    GET /api/v1/market/symbols | 路径: /api/v1/market/symbols
2026-05-10 14:22:13.948 | WARNING  | app.main:validation_exception_handler:66 - 参数校验失败: [{'type': 'missing', 'loc': ('body', 'username'), 'msg': 'Field required', 'input': None}, {'type': 'missing', 'loc': ('body', 'password'), 'msg': 'Field required', 'input': None}] | 路径: /api/v1/auth/login
2026-05-10 14:22:55.528 | WARNING  | app.main:validation_exception_handler:66 - 参数校验失败: [{'type': 'enum', 'loc': ('body', 'type'), 'msg': "Input should be 'ma_cross', 'macd', 'kdj', 'bollinger', 'grid', 'martingale', 'trend_break' or 'custom'", 'input': 'MACD', 'ctx': {'expected': "'ma_cross', 'macd', 'kdj', 'bollinger', 'grid', 'martingale', 'trend_break' or 'custom'"}}] | 路径: /api/v1/strategies
2026-05-10 14:22:55.543 | WARNING  | app.main:validation_exception_handler:66 - 参数校验失败: [{'type': 'enum', 'loc': ('body', 'type'), 'msg': "Input should be 'ma_cross', 'macd', 'kdj', 'bollinger', 'grid', 'martingale', 'trend_break' or 'custom'", 'input': 'KDJ', 'ctx': {'expected': "'ma_cross', 'macd', 'kdj', 'bollinger', 'grid', 'martingale', 'trend_break' or 'custom'"}}] | 路径: /api/v1/strategies
2026-05-10 14:22:55.559 | WARNING  | app.main:validation_exception_handler:66 - 参数校验失败: [{'type': 'enum', 'loc': ('body', 'type'), 'msg': "Input should be 'ma_cross', 'macd', 'kdj', 'bollinger', 'grid', 'martingale', 'trend_break' or 'custom'", 'input': 'BOLLINGER', 'ctx': {'expected': "'ma_cross', 'macd', 'kdj', 'bollinger', 'grid', 'martingale', 'trend_break' or 'custom'"}}] | 路径: /api/v1/strategies
2026-05-10 14:22:55.574 | WARNING  | app.main:validation_exception_handler:66 - 参数校验失败: [{'type': 'enum', 'loc': ('body', 'type'), 'msg': "Input should be 'ma_cross', 'macd', 'kdj', 'bollinger', 'grid', 'martingale', 'trend_break' or 'custom'", 'input': 'GRID', 'ctx': {'expected': "'ma_cross', 'macd', 'kdj', 'bollinger', 'grid', 'martingale', 'trend_break' or 'custom'"}}] | 路径: /api/v1/strategies
2026-05-10 14:29:59.635 | ERROR    | app.main:global_exception_handler:76 - 未捕获异常: 12 validation errors:
  {'type': 'int_type', 'loc': ('response', 'data', 16, 'price_precision'), 'msg': 'Input should be a valid integer', 'input': None}
  {'type': 'int_type', 'loc': ('response', 'data', 16, 'qty_precision'), 'msg': 'Input should be a valid integer', 'input': None}
  {'type': 'float_type', 'loc': ('response', 'data', 16, 'min_qty'), 'msg': 'Input should be a valid number', 'input': None}
  {'type': 'float_type', 'loc': ('response', 'data', 16, 'tick_size'), 'msg': 'Input should be a valid number', 'input': None}
  {'type': 'int_type', 'loc': ('response', 'data', 23, 'price_precision'), 'msg': 'Input should be a valid integer', 'input': None}
  {'type': 'int_type', 'loc': ('response', 'data', 23, 'qty_precision'), 'msg': 'Input should be a valid integer', 'input': None}
  {'type': 'float_type', 'loc': ('response', 'data', 23, 'min_qty'), 'msg': 'Input should be a valid number', 'input': None}
  {'type': 'float_type', 'loc': ('response', 'data', 23, 'tick_size'), 'msg': 'Input should be a valid number', 'input': None}
  {'type': 'int_type', 'loc': ('response', 'data', 25, 'price_precision'), 'msg': 'Input should be a valid integer', 'input': None}
  {'type': 'int_type', 'loc': ('response', 'data', 25, 'qty_precision'), 'msg': 'Input should be a valid integer', 'input': None}
  {'type': 'float_type', 'loc': ('response', 'data', 25, 'min_qty'), 'msg': 'Input should be a valid number', 'input': None}
  {'type': 'float_type', 'loc': ('response', 'data', 25, 'tick_size'), 'msg': 'Input should be a valid number', 'input': None}

  File "/root/workspace/stock/backend/app/api/v1/endpoints/market.py", line 206, in symbols
    GET /api/v1/market/symbols | 路径: /api/v1/market/symbols
2026-05-10 14:30:04.917 | ERROR    | app.main:global_exception_handler:76 - 未捕获异常: 12 validation errors:
  {'type': 'int_type', 'loc': ('response', 'data', 16, 'price_precision'), 'msg': 'Input should be a valid integer', 'input': None}
  {'type': 'int_type', 'loc': ('response', 'data', 16, 'qty_precision'), 'msg': 'Input should be a valid integer', 'input': None}
  {'type': 'float_type', 'loc': ('response', 'data', 16, 'min_qty'), 'msg': 'Input should be a valid number', 'input': None}
  {'type': 'float_type', 'loc': ('response', 'data', 16, 'tick_size'), 'msg': 'Input should be a valid number', 'input': None}
  {'type': 'int_type', 'loc': ('response', 'data', 23, 'price_precision'), 'msg': 'Input should be a valid integer', 'input': None}
  {'type': 'int_type', 'loc': ('response', 'data', 23, 'qty_precision'), 'msg': 'Input should be a valid integer', 'input': None}
  {'type': 'float_type', 'loc': ('response', 'data', 23, 'min_qty'), 'msg': 'Input should be a valid number', 'input': None}
  {'type': 'float_type', 'loc': ('response', 'data', 23, 'tick_size'), 'msg': 'Input should be a valid number', 'input': None}
  {'type': 'int_type', 'loc': ('response', 'data', 25, 'price_precision'), 'msg': 'Input should be a valid integer', 'input': None}
  {'type': 'int_type', 'loc': ('response', 'data', 25, 'qty_precision'), 'msg': 'Input should be a valid integer', 'input': None}
  {'type': 'float_type', 'loc': ('response', 'data', 25, 'min_qty'), 'msg': 'Input should be a valid number', 'input': None}
  {'type': 'float_type', 'loc': ('response', 'data', 25, 'tick_size'), 'msg': 'Input should be a valid number', 'input': None}

  File "/root/workspace/stock/backend/app/api/v1/endpoints/market.py", line 206, in symbols
    GET /api/v1/market/symbols | 路径: /api/v1/market/symbols
2026-05-10 14:34:37.305 | ERROR    | app.main:global_exception_handler:76 - 未捕获异常: 12 validation errors:
  {'type': 'int_type', 'loc': ('response', 'data', 16, 'price_precision'), 'msg': 'Input should be a valid integer', 'input': None}
  {'type': 'int_type', 'loc': ('response', 'data', 16, 'qty_precision'), 'msg': 'Input should be a valid integer', 'input': None}
  {'type': 'float_type', 'loc': ('response', 'data', 16, 'min_qty'), 'msg': 'Input should be a valid number', 'input': None}
  {'type': 'float_type', 'loc': ('response', 'data', 16, 'tick_size'), 'msg': 'Input should be a valid number', 'input': None}
  {'type': 'int_type', 'loc': ('response', 'data', 23, 'price_precision'), 'msg': 'Input should be a valid integer', 'input': None}
  {'type': 'int_type', 'loc': ('response', 'data', 23, 'qty_precision'), 'msg': 'Input should be a valid integer', 'input': None}
  {'type': 'float_type', 'loc': ('response', 'data', 23, 'min_qty'), 'msg': 'Input should be a valid number', 'input': None}
  {'type': 'float_type', 'loc': ('response', 'data', 23, 'tick_size'), 'msg': 'Input should be a valid number', 'input': None}
  {'type': 'int_type', 'loc': ('response', 'data', 25, 'price_precision'), 'msg': 'Input should be a valid integer', 'input': None}
  {'type': 'int_type', 'loc': ('response', 'data', 25, 'qty_precision'), 'msg': 'Input should be a valid integer', 'input': None}
  {'type': 'float_type', 'loc': ('response', 'data', 25, 'min_qty'), 'msg': 'Input should be a valid number', 'input': None}
  {'type': 'float_type', 'loc': ('response', 'data', 25, 'tick_size'), 'msg': 'Input should be a valid number', 'input': None}

  File "/root/workspace/stock/backend/app/api/v1/endpoints/market.py", line 206, in symbols
    GET /api/v1/market/symbols | 路径: /api/v1/market/symbols
2026-05-10 14:48:19.014 | ERROR    | app.main:global_exception_handler:76 - 未捕获异常: 12 validation errors:
  {'type': 'int_type', 'loc': ('response', 'data', 16, 'price_precision'), 'msg': 'Input should be a valid integer', 'input': None}
  {'type': 'int_type', 'loc': ('response', 'data', 16, 'qty_precision'), 'msg': 'Input should be a valid integer', 'input': None}
  {'type': 'float_type', 'loc': ('response', 'data', 16, 'min_qty'), 'msg': 'Input should be a valid number', 'input': None}
  {'type': 'float_type', 'loc': ('response', 'data', 16, 'tick_size'), 'msg': 'Input should be a valid number', 'input': None}
  {'type': 'int_type', 'loc': ('response', 'data', 23, 'price_precision'), 'msg': 'Input should be a valid integer', 'input': None}
  {'type': 'int_type', 'loc': ('response', 'data', 23, 'qty_precision'), 'msg': 'Input should be a valid integer', 'input': None}
  {'type': 'float_type', 'loc': ('response', 'data', 23, 'min_qty'), 'msg': 'Input should be a valid number', 'input': None}
  {'type': 'float_type', 'loc': ('response', 'data', 23, 'tick_size'), 'msg': 'Input should be a valid number', 'input': None}
  {'type': 'int_type', 'loc': ('response', 'data', 25, 'price_precision'), 'msg': 'Input should be a valid integer', 'input': None}
  {'type': 'int_type', 'loc': ('response', 'data', 25, 'qty_precision'), 'msg': 'Input should be a valid integer', 'input': None}
  {'type': 'float_type', 'loc': ('response', 'data', 25, 'min_qty'), 'msg': 'Input should be a valid number', 'input': None}
  {'type': 'float_type', 'loc': ('response', 'data', 25, 'tick_size'), 'msg': 'Input should be a valid number', 'input': None}

  File "/root/workspace/stock/backend/app/api/v1/endpoints/market.py", line 206, in symbols
    GET /api/v1/market/symbols | 路径: /api/v1/market/symbols
2026-05-10 14:48:22.725 | ERROR    | app.main:global_exception_handler:76 - 未捕获异常: 12 validation errors:
  {'type': 'int_type', 'loc': ('response', 'data', 16, 'price_precision'), 'msg': 'Input should be a valid integer', 'input': None}
  {'type': 'int_type', 'loc': ('response', 'data', 16, 'qty_precision'), 'msg': 'Input should be a valid integer', 'input': None}
  {'type': 'float_type', 'loc': ('response', 'data', 16, 'min_qty'), 'msg': 'Input should be a valid number', 'input': None}
  {'type': 'float_type', 'loc': ('response', 'data', 16, 'tick_size'), 'msg': 'Input should be a valid number', 'input': None}
  {'type': 'int_type', 'loc': ('response', 'data', 23, 'price_precision'), 'msg': 'Input should be a valid integer', 'input': None}
  {'type': 'int_type', 'loc': ('response', 'data', 23, 'qty_precision'), 'msg': 'Input should be a valid integer', 'input': None}
  {'type': 'float_type', 'loc': ('response', 'data', 23, 'min_qty'), 'msg': 'Input should be a valid number', 'input': None}
  {'type': 'float_type', 'loc': ('response', 'data', 23, 'tick_size'), 'msg': 'Input should be a valid number', 'input': None}
  {'type': 'int_type', 'loc': ('response', 'data', 25, 'price_precision'), 'msg': 'Input should be a valid integer', 'input': None}
  {'type': 'int_type', 'loc': ('response', 'data', 25, 'qty_precision'), 'msg': 'Input should be a valid integer', 'input': None}
  {'type': 'float_type', 'loc': ('response', 'data', 25, 'min_qty'), 'msg': 'Input should be a valid number', 'input': None}
  {'type': 'float_type', 'loc': ('response', 'data', 25, 'tick_size'), 'msg': 'Input should be a valid number', 'input': None}

  File "/root/workspace/stock/backend/app/api/v1/endpoints/market.py", line 206, in symbols
    GET /api/v1/market/symbols | 路径: /api/v1/market/symbols
2026-05-10 14:48:24.451 | ERROR    | app.main:global_exception_handler:76 - 未捕获异常: 12 validation errors:
  {'type': 'int_type', 'loc': ('response', 'data', 16, 'price_precision'), 'msg': 'Input should be a valid integer', 'input': None}
  {'type': 'int_type', 'loc': ('response', 'data', 16, 'qty_precision'), 'msg': 'Input should be a valid integer', 'input': None}
  {'type': 'float_type', 'loc': ('response', 'data', 16, 'min_qty'), 'msg': 'Input should be a valid number', 'input': None}
  {'type': 'float_type', 'loc': ('response', 'data', 16, 'tick_size'), 'msg': 'Input should be a valid number', 'input': None}
  {'type': 'int_type', 'loc': ('response', 'data', 23, 'price_precision'), 'msg': 'Input should be a valid integer', 'input': None}
  {'type': 'int_type', 'loc': ('response', 'data', 23, 'qty_precision'), 'msg': 'Input should be a valid integer', 'input': None}
  {'type': 'float_type', 'loc': ('response', 'data', 23, 'min_qty'), 'msg': 'Input should be a valid number', 'input': None}
  {'type': 'float_type', 'loc': ('response', 'data', 23, 'tick_size'), 'msg': 'Input should be a valid number', 'input': None}
  {'type': 'int_type', 'loc': ('response', 'data', 25, 'price_precision'), 'msg': 'Input should be a valid integer', 'input': None}
  {'type': 'int_type', 'loc': ('response', 'data', 25, 'qty_precision'), 'msg': 'Input should be a valid integer', 'input': None}
  {'type': 'float_type', 'loc': ('response', 'data', 25, 'min_qty'), 'msg': 'Input should be a valid number', 'input': None}
  {'type': 'float_type', 'loc': ('response', 'data', 25, 'tick_size'), 'msg': 'Input should be a valid number', 'input': None}

  File "/root/workspace/stock/backend/app/api/v1/endpoints/market.py", line 206, in symbols
    GET /api/v1/market/symbols | 路径: /api/v1/market/symbols
2026-05-10 14:48:24.997 | ERROR    | app.main:global_exception_handler:76 - 未捕获异常: 12 validation errors:
  {'type': 'int_type', 'loc': ('response', 'data', 16, 'price_precision'), 'msg': 'Input should be a valid integer', 'input': None}
  {'type': 'int_type', 'loc': ('response', 'data', 16, 'qty_precision'), 'msg': 'Input should be a valid integer', 'input': None}
  {'type': 'float_type', 'loc': ('response', 'data', 16, 'min_qty'), 'msg': 'Input should be a valid number', 'input': None}
  {'type': 'float_type', 'loc': ('response', 'data', 16, 'tick_size'), 'msg': 'Input should be a valid number', 'input': None}
  {'type': 'int_type', 'loc': ('response', 'data', 23, 'price_precision'), 'msg': 'Input should be a valid integer', 'input': None}
  {'type': 'int_type', 'loc': ('response', 'data', 23, 'qty_precision'), 'msg': 'Input should be a valid integer', 'input': None}
  {'type': 'float_type', 'loc': ('response', 'data', 23, 'min_qty'), 'msg': 'Input should be a valid number', 'input': None}
  {'type': 'float_type', 'loc': ('response', 'data', 23, 'tick_size'), 'msg': 'Input should be a valid number', 'input': None}
  {'type': 'int_type', 'loc': ('response', 'data', 25, 'price_precision'), 'msg': 'Input should be a valid integer', 'input': None}
  {'type': 'int_type', 'loc': ('response', 'data', 25, 'qty_precision'), 'msg': 'Input should be a valid integer', 'input': None}
  {'type': 'float_type', 'loc': ('response', 'data', 25, 'min_qty'), 'msg': 'Input should be a valid number', 'input': None}
  {'type': 'float_type', 'loc': ('response', 'data', 25, 'tick_size'), 'msg': 'Input should be a valid number', 'input': None}

  File "/root/workspace/stock/backend/app/api/v1/endpoints/market.py", line 206, in symbols
    GET /api/v1/market/symbols | 路径: /api/v1/market/symbols
2026-05-10 14:52:28.427 | ERROR    | app.main:global_exception_handler:76 - 未捕获异常: 12 validation errors:
  {'type': 'int_type', 'loc': ('response', 'data', 16, 'price_precision'), 'msg': 'Input should be a valid integer', 'input': None}
  {'type': 'int_type', 'loc': ('response', 'data', 16, 'qty_precision'), 'msg': 'Input should be a valid integer', 'input': None}
  {'type': 'float_type', 'loc': ('response', 'data', 16, 'min_qty'), 'msg': 'Input should be a valid number', 'input': None}
  {'type': 'float_type', 'loc': ('response', 'data', 16, 'tick_size'), 'msg': 'Input should be a valid number', 'input': None}
  {'type': 'int_type', 'loc': ('response', 'data', 23, 'price_precision'), 'msg': 'Input should be a valid integer', 'input': None}
  {'type': 'int_type', 'loc': ('response', 'data', 23, 'qty_precision'), 'msg': 'Input should be a valid integer', 'input': None}
  {'type': 'float_type', 'loc': ('response', 'data', 23, 'min_qty'), 'msg': 'Input should be a valid number', 'input': None}
  {'type': 'float_type', 'loc': ('response', 'data', 23, 'tick_size'), 'msg': 'Input should be a valid number', 'input': None}
  {'type': 'int_type', 'loc': ('response', 'data', 25, 'price_precision'), 'msg': 'Input should be a valid integer', 'input': None}
  {'type': 'int_type', 'loc': ('response', 'data', 25, 'qty_precision'), 'msg': 'Input should be a valid integer', 'input': None}
  {'type': 'float_type', 'loc': ('response', 'data', 25, 'min_qty'), 'msg': 'Input should be a valid number', 'input': None}
  {'type': 'float_type', 'loc': ('response', 'data', 25, 'tick_size'), 'msg': 'Input should be a valid number', 'input': None}

  File "/root/workspace/stock/backend/app/api/v1/endpoints/market.py", line 206, in symbols
    GET /api/v1/market/symbols | 路径: /api/v1/market/symbols
2026-05-10 14:56:25.050 | INFO     | app.main:lifespan:37 - 👋 应用已关闭
2026-05-10 14:56:27.410 | INFO     | app.main:lifespan:27 - 🚀 Quantitative Trading Platform v1.0.0 启动中...
2026-05-10 14:56:27.433 | INFO     | app.main:lifespan:29 - ✅ 数据库初始化完成
2026-05-10 14:56:27.433 | INFO     | app.main:lifespan:32 - ✅ WebSocket 行情推送已启动
2026-05-10 15:08:14.712 | INFO     | app.main:lifespan:37 - 👋 应用已关闭
2026-05-10 15:08:17.046 | INFO     | app.main:lifespan:27 - 🚀 Quantitative Trading Platform v1.0.0 启动中...
2026-05-10 15:08:17.066 | INFO     | app.main:lifespan:29 - ✅ 数据库初始化完成
2026-05-10 15:08:17.066 | INFO     | app.main:lifespan:32 - ✅ WebSocket 行情推送已启动
2026-05-10 15:08:22.204 | INFO     | app.main:lifespan:37 - 👋 应用已关闭
2026-05-10 15:08:24.350 | INFO     | app.main:lifespan:27 - 🚀 Quantitative Trading Platform v1.0.0 启动中...
2026-05-10 15:08:24.371 | INFO     | app.main:lifespan:29 - ✅ 数据库初始化完成
2026-05-10 15:08:24.371 | INFO     | app.main:lifespan:32 - ✅ WebSocket 行情推送已启动
2026-05-10 16:31:20.804 | INFO     | app.main:lifespan:37 - 👋 应用已关闭
2026-05-10 16:31:22.833 | INFO     | app.main:lifespan:27 - 🚀 Quantitative Trading Platform v1.0.0 启动中...
2026-05-10 16:31:22.856 | INFO     | app.main:lifespan:29 - ✅ 数据库初始化完成
2026-05-10 16:31:22.856 | INFO     | app.main:lifespan:32 - ✅ WebSocket 行情推送已启动
2026-05-10 16:33:13.499 | INFO     | app.main:lifespan:37 - 👋 应用已关闭
2026-05-10 16:33:15.167 | INFO     | app.main:lifespan:27 - 🚀 Quantitative Trading Platform v1.0.0 启动中...
2026-05-10 16:33:15.187 | INFO     | app.main:lifespan:29 - ✅ 数据库初始化完成
2026-05-10 16:33:15.187 | INFO     | app.main:lifespan:32 - ✅ WebSocket 行情推送已启动
2026-05-10 16:33:15.316 | INFO     | app.main:lifespan:37 - 👋 应用已关闭
2026-05-10 16:33:17.166 | INFO     | app.main:lifespan:27 - 🚀 Quantitative Trading Platform v1.0.0 启动中...
2026-05-10 16:33:17.189 | INFO     | app.main:lifespan:29 - ✅ 数据库初始化完成
2026-05-10 16:33:17.190 | INFO     | app.main:lifespan:32 - ✅ WebSocket 行情推送已启动
2026-05-10 16:33:34.047 | INFO     | app.main:lifespan:37 - 👋 应用已关闭
2026-05-10 16:33:35.677 | INFO     | app.main:lifespan:27 - 🚀 Quantitative Trading Platform v1.0.0 启动中...
2026-05-10 16:33:35.698 | INFO     | app.main:lifespan:29 - ✅ 数据库初始化完成
2026-05-10 16:33:35.698 | INFO     | app.main:lifespan:32 - ✅ WebSocket 行情推送已启动
2026-05-10 16:33:35.809 | INFO     | app.main:lifespan:37 - 👋 应用已关闭
2026-05-10 16:33:37.622 | INFO     | app.main:lifespan:27 - 🚀 Quantitative Trading Platform v1.0.0 启动中...
2026-05-10 16:33:37.642 | INFO     | app.main:lifespan:29 - ✅ 数据库初始化完成
2026-05-10 16:33:37.642 | INFO     | app.main:lifespan:32 - ✅ WebSocket 行情推送已启动
2026-05-10 16:36:16.427 | INFO     | app.main:lifespan:37 - 👋 应用已关闭
2026-05-10 16:36:18.093 | INFO     | app.main:lifespan:33 - 🚀 Quantitative Trading Platform v1.0.0 启动中...
2026-05-10 16:36:18.115 | INFO     | app.main:lifespan:35 - ✅ 数据库初始化完成
2026-05-10 16:36:18.116 | INFO     | app.main:lifespan:38 - ✅ WebSocket 行情推送已启动
2026-05-10 16:37:11.486 | INFO     | app.main:lifespan:43 - 👋 应用已关闭
2026-05-10 16:37:29.181 | INFO     | app.main:lifespan:33 - 🚀 Quantitative Trading Platform v1.0.0 启动中...
2026-05-10 16:37:29.201 | INFO     | app.main:lifespan:35 - ✅ 数据库初始化完成
2026-05-10 16:37:29.202 | INFO     | app.main:lifespan:38 - ✅ WebSocket 行情推送已启动
2026-05-10 16:58:45.593 | ERROR    | app.main:global_exception_handler:82 - 未捕获异常: 'timestamp' | 路径: /api/v1/strategies/9/run
2026-05-10 16:58:47.473 | ERROR    | app.main:global_exception_handler:82 - 未捕获异常: 'timestamp' | 路径: /api/v1/strategies/8/run
2026-05-10 16:58:56.529 | ERROR    | app.main:global_exception_handler:82 - 未捕获异常: 'timestamp' | 路径: /api/v1/strategies/8/run
2026-05-10 16:58:58.055 | ERROR    | app.main:global_exception_handler:82 - 未捕获异常: 'timestamp' | 路径: /api/v1/strategies/9/run
2026-05-10 16:59:23.944 | ERROR    | app.main:global_exception_handler:82 - 未捕获异常: 'timestamp' | 路径: /api/v1/strategies/8/run
2026-05-10 17:01:59.907 | INFO     | app.main:lifespan:43 - 👋 应用已关闭
2026-05-10 17:02:02.401 | INFO     | app.main:lifespan:33 - 🚀 Quantitative Trading Platform v1.0.0 启动中...
2026-05-10 17:02:02.421 | INFO     | app.main:lifespan:35 - ✅ 数据库初始化完成
2026-05-10 17:02:02.422 | INFO     | app.main:lifespan:38 - ✅ WebSocket 行情推送已启动
2026-05-10 17:02:12.788 | INFO     | app.main:lifespan:43 - 👋 应用已关闭
2026-05-10 17:02:43.770 | INFO     | app.main:lifespan:33 - 🚀 Quantitative Trading Platform v1.0.0 启动中...
2026-05-10 17:02:43.788 | INFO     | app.main:lifespan:35 - ✅ 数据库初始化完成
2026-05-10 17:02:43.788 | INFO     | app.main:lifespan:38 - ✅ WebSocket 行情推送已启动
2026-05-10 17:03:11.923 | ERROR    | app.main:global_exception_handler:82 - 未捕获异常: 'timestamp' | 路径: /api/v1/strategies/9/run
2026-05-10 17:04:25.052 | INFO     | app.main:lifespan:43 - 👋 应用已关闭
2026-05-10 17:04:27.178 | INFO     | app.main:lifespan:33 - 🚀 Quantitative Trading Platform v1.0.0 启动中...
2026-05-10 17:04:27.206 | INFO     | app.main:lifespan:35 - ✅ 数据库初始化完成
2026-05-10 17:04:27.206 | INFO     | app.main:lifespan:38 - ✅ WebSocket 行情推送已启动
2026-05-10 17:14:02.380 | INFO     | app.main:lifespan:43 - 👋 应用已关闭
