2026-05-01 07:06:10.252 | WARNING  | app.main:validation_exception_handler:65 - 参数校验失败: [{'type': 'missing', 'loc': ('body', 'username'), 'msg': 'Field required', 'input': None, 'url': 'https://errors.pydantic.dev/2.5/v/missing'}, {'type': 'missing', 'loc': ('body', 'password'), 'msg': 'Field required', 'input': None, 'url': 'https://errors.pydantic.dev/2.5/v/missing'}] | 路径: /api/v1/auth/login
2026-05-01 07:51:11.060 | INFO     | app.main:lifespan:36 - 👋 应用已关闭
2026-05-01 07:51:12.867 | INFO     | app.main:lifespan:26 - 🚀 Quantitative Trading Platform v1.0.0 启动中...
2026-05-01 07:51:12.888 | INFO     | app.main:lifespan:28 - ✅ 数据库初始化完成
2026-05-01 07:51:12.889 | INFO     | app.main:lifespan:31 - ✅ WebSocket 行情推送已启动
2026-05-01 07:51:23.222 | INFO     | app.main:lifespan:36 - 👋 应用已关闭
2026-05-01 07:51:24.946 | INFO     | app.main:lifespan:26 - 🚀 Quantitative Trading Platform v1.0.0 启动中...
2026-05-01 07:51:24.965 | INFO     | app.main:lifespan:28 - ✅ 数据库初始化完成
2026-05-01 07:51:24.965 | INFO     | app.main:lifespan:31 - ✅ WebSocket 行情推送已启动
2026-05-01 07:53:19.308 | INFO     | app.main:lifespan:36 - 👋 应用已关闭
2026-05-01 07:53:21.030 | INFO     | app.main:lifespan:26 - 🚀 Quantitative Trading Platform v1.0.0 启动中...
2026-05-01 07:53:21.048 | INFO     | app.main:lifespan:28 - ✅ 数据库初始化完成
2026-05-01 07:53:21.048 | INFO     | app.main:lifespan:31 - ✅ WebSocket 行情推送已启动
2026-05-01 07:54:02.985 | INFO     | app.main:lifespan:36 - 👋 应用已关闭
2026-05-01 07:54:04.731 | INFO     | app.main:lifespan:26 - 🚀 Quantitative Trading Platform v1.0.0 启动中...
2026-05-01 07:54:04.752 | INFO     | app.main:lifespan:28 - ✅ 数据库初始化完成
2026-05-01 07:54:04.752 | INFO     | app.main:lifespan:31 - ✅ WebSocket 行情推送已启动
2026-05-01 07:54:13.581 | INFO     | app.main:lifespan:36 - 👋 应用已关闭
2026-05-01 07:54:15.259 | INFO     | app.main:lifespan:26 - 🚀 Quantitative Trading Platform v1.0.0 启动中...
2026-05-01 07:54:15.280 | INFO     | app.main:lifespan:28 - ✅ 数据库初始化完成
2026-05-01 07:54:15.280 | INFO     | app.main:lifespan:31 - ✅ WebSocket 行情推送已启动
2026-05-01 20:25:13.774 | INFO     | app.main:lifespan:36 - 👋 应用已关闭
