2026-04-29 06:00:53.772 | INFO     | app.main:lifespan:23 - 🚀 Quantitative Trading Platform v1.0.0 启动中...
2026-04-29 06:00:53.954 | INFO     | app.main:lifespan:25 - ✅ 数据库初始化完成
2026-04-29 06:01:52.994 | ERROR    | app.main:global_exception_handler:53 - 未捕获异常: Error 61 connecting to localhost:6379. Connection refused. | 路径: /api/v1/market/klines
2026-04-29 06:02:15.033 | ERROR    | app.main:global_exception_handler:53 - 未捕获异常: get_risk_records() got an unexpected keyword argument 'action' | 路径: /api/v1/risk/records
2026-04-29 06:02:15.678 | ERROR    | app.main:global_exception_handler:53 - 未捕获异常: get_risk_records() got an unexpected keyword argument 'action' | 路径: /api/v1/risk/records
2026-04-29 06:02:31.942 | ERROR    | app.main:global_exception_handler:53 - 未捕获异常: Error 61 connecting to localhost:6379. Connection refused. | 路径: /api/v1/market/klines
2026-04-29 06:02:45.612 | ERROR    | app.main:global_exception_handler:53 - 未捕获异常: Error 61 connecting to localhost:6379. Connection refused. | 路径: /api/v1/market/klines
2026-04-29 06:02:50.717 | ERROR    | app.main:global_exception_handler:53 - 未捕获异常: Error 61 connecting to localhost:6379. Connection refused. | 路径: /api/v1/market/klines
2026-04-29 06:04:25.232 | ERROR    | app.main:global_exception_handler:53 - 未捕获异常: Error 61 connecting to localhost:6379. Connection refused. | 路径: /api/v1/market/klines
2026-04-29 06:07:47.551 | ERROR    | app.main:global_exception_handler:53 - 未捕获异常: Error 61 connecting to localhost:6379. Connection refused. | 路径: /api/v1/market/klines
2026-04-29 06:07:52.352 | ERROR    | app.main:global_exception_handler:53 - 未捕获异常: Error 61 connecting to localhost:6379. Connection refused. | 路径: /api/v1/market/klines
2026-04-29 06:07:55.453 | ERROR    | app.main:global_exception_handler:53 - 未捕获异常: Error 61 connecting to localhost:6379. Connection refused. | 路径: /api/v1/market/klines
2026-04-29 06:08:50.498 | ERROR    | app.main:global_exception_handler:53 - 未捕获异常: Error 61 connecting to localhost:6379. Connection refused. | 路径: /api/v1/market/klines
2026-04-29 06:08:58.589 | INFO     | app.main:lifespan:29 - 👋 应用已关闭
2026-04-29 06:09:01.367 | INFO     | app.main:lifespan:23 - 🚀 Quantitative Trading Platform v1.0.0 启动中...
2026-04-29 06:09:01.383 | INFO     | app.main:lifespan:25 - ✅ 数据库初始化完成
2026-04-29 06:09:11.546 | INFO     | app.main:lifespan:29 - 👋 应用已关闭
2026-04-29 06:09:14.242 | INFO     | app.main:lifespan:23 - 🚀 Quantitative Trading Platform v1.0.0 启动中...
2026-04-29 06:09:14.257 | INFO     | app.main:lifespan:25 - ✅ 数据库初始化完成
2026-04-29 06:09:17.276 | INFO     | app.main:lifespan:29 - 👋 应用已关闭
2026-04-29 06:09:19.322 | INFO     | app.main:lifespan:23 - 🚀 Quantitative Trading Platform v1.0.0 启动中...
2026-04-29 06:09:19.341 | INFO     | app.main:lifespan:25 - ✅ 数据库初始化完成
2026-04-29 06:09:34.281 | INFO     | app.main:lifespan:29 - 👋 应用已关闭
2026-04-29 06:09:37.439 | INFO     | app.main:lifespan:23 - 🚀 Quantitative Trading Platform v1.0.0 启动中...
2026-04-29 06:09:37.457 | INFO     | app.main:lifespan:25 - ✅ 数据库初始化完成
2026-04-29 06:09:39.945 | ERROR    | app.main:global_exception_handler:53 - 未捕获异常: (raised as a result of Query-invoked autoflush; consider using a session.no_autoflush block if this flush is occurring prematurely)
(sqlite3.IntegrityError) NOT NULL constraint failed: kline_data.id
[SQL: INSERT INTO kline_data (symbol, interval, timestamp, open, high, low, close, volume, amount, created_at) VALUES (?, ?, ?, ?, ?, ?, ?, ?, ?, ?)]
[parameters: ('600519.SH', '1d', '2026-01-28 22:09:39.000000', 1680.0, 1709.25, 1669.66, 1699.57, 1011.5607, 1709318.61, '2026-04-28 22:09:39.939949')]
(Background on this error at: https://sqlalche.me/e/20/gkpj) | 路径: /api/v1/market/klines
2026-04-29 06:09:43.726 | INFO     | app.main:lifespan:29 - 👋 应用已关闭
2026-04-29 06:09:45.828 | INFO     | app.main:lifespan:23 - 🚀 Quantitative Trading Platform v1.0.0 启动中...
2026-04-29 06:09:45.848 | INFO     | app.main:lifespan:25 - ✅ 数据库初始化完成
2026-04-29 06:09:55.916 | INFO     | app.main:lifespan:29 - 👋 应用已关闭
2026-04-29 06:09:59.441 | INFO     | app.main:lifespan:23 - 🚀 Quantitative Trading Platform v1.0.0 启动中...
2026-04-29 06:09:59.461 | INFO     | app.main:lifespan:25 - ✅ 数据库初始化完成
2026-04-29 06:10:01.387 | ERROR    | app.main:global_exception_handler:53 - 未捕获异常: (raised as a result of Query-invoked autoflush; consider using a session.no_autoflush block if this flush is occurring prematurely)
(sqlite3.IntegrityError) NOT NULL constraint failed: kline_data.id
[SQL: INSERT INTO kline_data (symbol, interval, timestamp, open, high, low, close, volume, amount, created_at) VALUES (?, ?, ?, ?, ?, ?, ?, ?, ?, ?)]
[parameters: ('BTC/USDT', '1d', '2026-01-28 22:10:01.000000', 50000.0, 50896.86, 49399.13, 50606.27, 10331.4327, 519703446.85, '2026-04-28 22:10:01.384253')]
(Background on this error at: https://sqlalche.me/e/20/gkpj) | 路径: /api/v1/market/klines
2026-04-29 06:10:05.656 | INFO     | app.main:lifespan:29 - 👋 应用已关闭
2026-04-29 06:10:08.058 | INFO     | app.main:lifespan:23 - 🚀 Quantitative Trading Platform v1.0.0 启动中...
2026-04-29 06:10:08.078 | INFO     | app.main:lifespan:25 - ✅ 数据库初始化完成
2026-04-29 06:10:20.357 | INFO     | app.main:lifespan:29 - 👋 应用已关闭
2026-04-29 06:10:22.940 | INFO     | app.main:lifespan:23 - 🚀 Quantitative Trading Platform v1.0.0 启动中...
2026-04-29 06:10:23.144 | INFO     | app.main:lifespan:25 - ✅ 数据库初始化完成
2026-04-29 06:12:29.405 | ERROR    | app.main:global_exception_handler:53 - 未捕获异常: get_risk_records() got an unexpected keyword argument 'action' | 路径: /api/v1/risk/records
2026-04-29 06:12:34.403 | ERROR    | app.main:global_exception_handler:53 - 未捕获异常: get_risk_records() got an unexpected keyword argument 'action' | 路径: /api/v1/risk/records
2026-04-29 06:13:02.345 | ERROR    | app.main:global_exception_handler:53 - 未捕获异常: get_risk_records() got an unexpected keyword argument 'action' | 路径: /api/v1/risk/records
2026-04-29 06:13:18.466 | ERROR    | app.main:global_exception_handler:53 - 未捕获异常: get_risk_records() got an unexpected keyword argument 'action' | 路径: /api/v1/risk/records
2026-04-29 06:13:22.037 | INFO     | app.main:lifespan:29 - 👋 应用已关闭
2026-04-29 06:13:24.863 | INFO     | app.main:lifespan:23 - 🚀 Quantitative Trading Platform v1.0.0 启动中...
2026-04-29 06:13:24.877 | INFO     | app.main:lifespan:25 - ✅ 数据库初始化完成
2026-04-29 06:16:35.322 | INFO     | app.main:lifespan:29 - 👋 应用已关闭
2026-04-29 06:16:39.231 | INFO     | app.main:lifespan:23 - 🚀 Quantitative Trading Platform v1.0.0 启动中...
2026-04-29 06:16:39.254 | INFO     | app.main:lifespan:25 - ✅ 数据库初始化完成
2026-04-29 06:16:39.358 | INFO     | app.main:lifespan:29 - 👋 应用已关闭
2026-04-29 06:16:42.160 | INFO     | app.main:lifespan:23 - 🚀 Quantitative Trading Platform v1.0.0 启动中...
2026-04-29 06:16:42.183 | INFO     | app.main:lifespan:25 - ✅ 数据库初始化完成
2026-04-29 06:17:48.778 | INFO     | app.main:lifespan:29 - 👋 应用已关闭
2026-04-29 06:17:52.401 | INFO     | app.main:lifespan:23 - 🚀 Quantitative Trading Platform v1.0.0 启动中...
2026-04-29 06:17:52.439 | INFO     | app.main:lifespan:25 - ✅ 数据库初始化完成
2026-04-29 06:20:59.073 | INFO     | app.main:lifespan:29 - 👋 应用已关闭
2026-04-29 06:21:02.624 | INFO     | app.main:lifespan:23 - 🚀 Quantitative Trading Platform v1.0.0 启动中...
2026-04-29 06:21:02.648 | INFO     | app.main:lifespan:25 - ✅ 数据库初始化完成
2026-04-29 06:23:18.959 | INFO     | app.main:lifespan:29 - 👋 应用已关闭
2026-04-29 06:23:23.565 | INFO     | app.main:lifespan:23 - 🚀 Quantitative Trading Platform v1.0.0 启动中...
2026-04-29 06:23:23.597 | INFO     | app.main:lifespan:25 - ✅ 数据库初始化完成
2026-04-29 06:23:23.701 | INFO     | app.main:lifespan:29 - 👋 应用已关闭
2026-04-29 06:23:25.968 | INFO     | app.main:lifespan:23 - 🚀 Quantitative Trading Platform v1.0.0 启动中...
2026-04-29 06:23:25.994 | INFO     | app.main:lifespan:25 - ✅ 数据库初始化完成
2026-04-29 06:23:26.098 | INFO     | app.main:lifespan:29 - 👋 应用已关闭
2026-04-29 06:23:28.275 | INFO     | app.main:lifespan:23 - 🚀 Quantitative Trading Platform v1.0.0 启动中...
2026-04-29 06:23:28.299 | INFO     | app.main:lifespan:25 - ✅ 数据库初始化完成
2026-04-29 06:23:31.310 | INFO     | app.main:lifespan:29 - 👋 应用已关闭
2026-04-29 06:23:33.551 | INFO     | app.main:lifespan:23 - 🚀 Quantitative Trading Platform v1.0.0 启动中...
2026-04-29 06:23:33.569 | INFO     | app.main:lifespan:25 - ✅ 数据库初始化完成
2026-04-29 06:24:43.898 | INFO     | app.main:lifespan:29 - 👋 应用已关闭
2026-04-29 06:24:48.454 | INFO     | app.main:lifespan:23 - 🚀 Quantitative Trading Platform v1.0.0 启动中...
2026-04-29 06:24:48.478 | INFO     | app.main:lifespan:25 - ✅ 数据库初始化完成
2026-04-29 06:34:50.571 | ERROR    | app.main:global_exception_handler:53 - 未捕获异常: (sqlite3.OperationalError) database is locked
[SQL: SELECT symbol_info.id, symbol_info.symbol, symbol_info.name, symbol_info.exchange, symbol_info.asset_type, symbol_info.price_precision, symbol_info.qty_precision, symbol_info.min_qty, symbol_info.max_qty, symbol_info.tick_size, symbol_info.status, symbol_info.created_at, symbol_info.updated_at 
FROM symbol_info 
WHERE symbol_info.status = ? ORDER BY symbol_info.symbol]
[parameters: ('active',)]
(Background on this error at: https://sqlalche.me/e/20/e3q8) | 路径: /api/v1/market/symbols
2026-04-29 06:34:51.373 | ERROR    | app.main:global_exception_handler:53 - 未捕获异常: (sqlite3.OperationalError) database is locked
[SQL: SELECT symbol_info.id, symbol_info.symbol, symbol_info.name, symbol_info.exchange, symbol_info.asset_type, symbol_info.price_precision, symbol_info.qty_precision, symbol_info.min_qty, symbol_info.max_qty, symbol_info.tick_size, symbol_info.status, symbol_info.created_at, symbol_info.updated_at 
FROM symbol_info 
WHERE symbol_info.status = ? ORDER BY symbol_info.symbol]
[parameters: ('active',)]
(Background on this error at: https://sqlalche.me/e/20/e3q8) | 路径: /api/v1/market/symbols
2026-04-29 06:34:51.858 | ERROR    | app.main:global_exception_handler:53 - 未捕获异常: (sqlite3.OperationalError) database is locked
[SQL: SELECT symbol_info.id, symbol_info.symbol, symbol_info.name, symbol_info.exchange, symbol_info.asset_type, symbol_info.price_precision, symbol_info.qty_precision, symbol_info.min_qty, symbol_info.max_qty, symbol_info.tick_size, symbol_info.status, symbol_info.created_at, symbol_info.updated_at 
FROM symbol_info 
WHERE symbol_info.status = ? ORDER BY symbol_info.symbol]
[parameters: ('active',)]
(Background on this error at: https://sqlalche.me/e/20/e3q8) | 路径: /api/v1/market/symbols
2026-04-29 06:34:52.168 | ERROR    | app.main:global_exception_handler:53 - 未捕获异常: (sqlite3.OperationalError) database is locked
[SQL: SELECT symbol_info.id, symbol_info.symbol, symbol_info.name, symbol_info.exchange, symbol_info.asset_type, symbol_info.price_precision, symbol_info.qty_precision, symbol_info.min_qty, symbol_info.max_qty, symbol_info.tick_size, symbol_info.status, symbol_info.created_at, symbol_info.updated_at 
FROM symbol_info 
WHERE symbol_info.status = ? ORDER BY symbol_info.symbol]
[parameters: ('active',)]
(Background on this error at: https://sqlalche.me/e/20/e3q8) | 路径: /api/v1/market/symbols
2026-04-29 06:34:57.468 | ERROR    | app.main:global_exception_handler:53 - 未捕获异常: (sqlite3.OperationalError) database is locked
[SQL: SELECT symbol_info.id, symbol_info.symbol, symbol_info.name, symbol_info.exchange, symbol_info.asset_type, symbol_info.price_precision, symbol_info.qty_precision, symbol_info.min_qty, symbol_info.max_qty, symbol_info.tick_size, symbol_info.status, symbol_info.created_at, symbol_info.updated_at 
FROM symbol_info 
WHERE symbol_info.status = ? ORDER BY symbol_info.symbol]
[parameters: ('active',)]
(Background on this error at: https://sqlalche.me/e/20/e3q8) | 路径: /api/v1/market/symbols
2026-04-29 06:35:03.061 | ERROR    | app.main:global_exception_handler:53 - 未捕获异常: (sqlite3.OperationalError) database is locked
[SQL: SELECT symbol_info.id, symbol_info.symbol, symbol_info.name, symbol_info.exchange, symbol_info.asset_type, symbol_info.price_precision, symbol_info.qty_precision, symbol_info.min_qty, symbol_info.max_qty, symbol_info.tick_size, symbol_info.status, symbol_info.created_at, symbol_info.updated_at 
FROM symbol_info 
WHERE symbol_info.status = ? ORDER BY symbol_info.symbol]
[parameters: ('active',)]
(Background on this error at: https://sqlalche.me/e/20/e3q8) | 路径: /api/v1/market/symbols
2026-04-29 06:35:03.082 | ERROR    | app.main:global_exception_handler:53 - 未捕获异常: (sqlite3.OperationalError) database is locked
[SQL: SELECT users.id, users.username, users.email, users.hashed_password, users.nickname, users.role, users.is_active, users.is_superuser, users.max_position_ratio, users.max_daily_loss, users.created_at, users.updated_at 
FROM users 
WHERE users.id = ?]
[parameters: (1,)]
(Background on this error at: https://sqlalche.me/e/20/e3q8) | 路径: /api/v1/strategies
2026-04-29 06:35:08.275 | ERROR    | app.main:global_exception_handler:53 - 未捕获异常: (sqlite3.OperationalError) database is locked
[SQL: SELECT symbol_info.id, symbol_info.symbol, symbol_info.name, symbol_info.exchange, symbol_info.asset_type, symbol_info.price_precision, symbol_info.qty_precision, symbol_info.min_qty, symbol_info.max_qty, symbol_info.tick_size, symbol_info.status, symbol_info.created_at, symbol_info.updated_at 
FROM symbol_info 
WHERE symbol_info.status = ? ORDER BY symbol_info.symbol]
[parameters: ('active',)]
(Background on this error at: https://sqlalche.me/e/20/e3q8) | 路径: /api/v1/market/symbols
2026-04-29 06:35:08.294 | ERROR    | app.main:global_exception_handler:53 - 未捕获异常: (sqlite3.OperationalError) database is locked
[SQL: SELECT users.id, users.username, users.email, users.hashed_password, users.nickname, users.role, users.is_active, users.is_superuser, users.max_position_ratio, users.max_daily_loss, users.created_at, users.updated_at 
FROM users 
WHERE users.id = ?]
[parameters: (1,)]
(Background on this error at: https://sqlalche.me/e/20/e3q8) | 路径: /api/v1/strategies
2026-04-29 06:35:13.472 | ERROR    | app.main:global_exception_handler:53 - 未捕获异常: (sqlite3.OperationalError) database is locked
[SQL: SELECT symbol_info.id, symbol_info.symbol, symbol_info.name, symbol_info.exchange, symbol_info.asset_type, symbol_info.price_precision, symbol_info.qty_precision, symbol_info.min_qty, symbol_info.max_qty, symbol_info.tick_size, symbol_info.status, symbol_info.created_at, symbol_info.updated_at 
FROM symbol_info 
WHERE symbol_info.status = ? ORDER BY symbol_info.symbol]
[parameters: ('active',)]
(Background on this error at: https://sqlalche.me/e/20/e3q8) | 路径: /api/v1/market/symbols
2026-04-29 06:35:18.726 | ERROR    | app.main:global_exception_handler:53 - 未捕获异常: (sqlite3.OperationalError) database is locked
[SQL: SELECT symbol_info.id, symbol_info.symbol, symbol_info.name, symbol_info.exchange, symbol_info.asset_type, symbol_info.price_precision, symbol_info.qty_precision, symbol_info.min_qty, symbol_info.max_qty, symbol_info.tick_size, symbol_info.status, symbol_info.created_at, symbol_info.updated_at 
FROM symbol_info 
WHERE symbol_info.status = ? ORDER BY symbol_info.symbol]
[parameters: ('active',)]
(Background on this error at: https://sqlalche.me/e/20/e3q8) | 路径: /api/v1/market/symbols
2026-04-29 06:35:18.753 | ERROR    | app.main:global_exception_handler:53 - 未捕获异常: (sqlite3.OperationalError) database is locked
[SQL: SELECT users.id, users.username, users.email, users.hashed_password, users.nickname, users.role, users.is_active, users.is_superuser, users.max_position_ratio, users.max_daily_loss, users.created_at, users.updated_at 
FROM users 
WHERE users.id = ?]
[parameters: (1,)]
(Background on this error at: https://sqlalche.me/e/20/e3q8) | 路径: /api/v1/market/tickers
2026-04-29 06:36:16.606 | ERROR    | app.main:global_exception_handler:53 - 未捕获异常: (sqlite3.OperationalError) database is locked
[SQL: SELECT symbol_info.id, symbol_info.symbol, symbol_info.name, symbol_info.exchange, symbol_info.asset_type, symbol_info.price_precision, symbol_info.qty_precision, symbol_info.min_qty, symbol_info.max_qty, symbol_info.tick_size, symbol_info.status, symbol_info.created_at, symbol_info.updated_at 
FROM symbol_info 
WHERE symbol_info.status = ? ORDER BY symbol_info.symbol]
[parameters: ('active',)]
(Background on this error at: https://sqlalche.me/e/20/e3q8) | 路径: /api/v1/market/symbols
2026-04-29 06:36:19.215 | ERROR    | app.main:global_exception_handler:53 - 未捕获异常: (sqlite3.OperationalError) database is locked
[SQL: SELECT users.id, users.username, users.email, users.hashed_password, users.nickname, users.role, users.is_active, users.is_superuser, users.max_position_ratio, users.max_daily_loss, users.created_at, users.updated_at 
FROM users 
WHERE users.id = ?]
[parameters: (1,)]
(Background on this error at: https://sqlalche.me/e/20/e3q8) | 路径: /api/v1/strategies
2026-04-29 06:36:21.768 | ERROR    | app.main:global_exception_handler:53 - 未捕获异常: (sqlite3.OperationalError) database is locked
[SQL: SELECT symbol_info.id, symbol_info.symbol, symbol_info.name, symbol_info.exchange, symbol_info.asset_type, symbol_info.price_precision, symbol_info.qty_precision, symbol_info.min_qty, symbol_info.max_qty, symbol_info.tick_size, symbol_info.status, symbol_info.created_at, symbol_info.updated_at 
FROM symbol_info 
WHERE symbol_info.status = ? ORDER BY symbol_info.symbol]
[parameters: ('active',)]
(Background on this error at: https://sqlalche.me/e/20/e3q8) | 路径: /api/v1/market/symbols
2026-04-29 06:36:21.781 | ERROR    | app.main:global_exception_handler:53 - 未捕获异常: (sqlite3.OperationalError) database is locked
[SQL: SELECT users.id, users.username, users.email, users.hashed_password, users.nickname, users.role, users.is_active, users.is_superuser, users.max_position_ratio, users.max_daily_loss, users.created_at, users.updated_at 
FROM users 
WHERE users.id = ?]
[parameters: (1,)]
(Background on this error at: https://sqlalche.me/e/20/e3q8) | 路径: /api/v1/market/tickers
2026-04-29 06:36:26.952 | ERROR    | app.main:global_exception_handler:53 - 未捕获异常: (sqlite3.OperationalError) database is locked
[SQL: SELECT symbol_info.id, symbol_info.symbol, symbol_info.name, symbol_info.exchange, symbol_info.asset_type, symbol_info.price_precision, symbol_info.qty_precision, symbol_info.min_qty, symbol_info.max_qty, symbol_info.tick_size, symbol_info.status, symbol_info.created_at, symbol_info.updated_at 
FROM symbol_info 
WHERE symbol_info.status = ? ORDER BY symbol_info.symbol]
[parameters: ('active',)]
(Background on this error at: https://sqlalche.me/e/20/e3q8) | 路径: /api/v1/market/symbols
2026-04-29 06:36:26.965 | ERROR    | app.main:global_exception_handler:53 - 未捕获异常: (sqlite3.OperationalError) database is locked
[SQL: SELECT users.id, users.username, users.email, users.hashed_password, users.nickname, users.role, users.is_active, users.is_superuser, users.max_position_ratio, users.max_daily_loss, users.created_at, users.updated_at 
FROM users 
WHERE users.id = ?]
[parameters: (1,)]
(Background on this error at: https://sqlalche.me/e/20/e3q8) | 路径: /api/v1/market/tickers
2026-04-29 06:36:33.762 | ERROR    | app.main:global_exception_handler:53 - 未捕获异常: (sqlite3.OperationalError) database is locked
[SQL: SELECT symbol_info.id, symbol_info.symbol, symbol_info.name, symbol_info.exchange, symbol_info.asset_type, symbol_info.price_precision, symbol_info.qty_precision, symbol_info.min_qty, symbol_info.max_qty, symbol_info.tick_size, symbol_info.status, symbol_info.created_at, symbol_info.updated_at 
FROM symbol_info 
WHERE symbol_info.status = ? ORDER BY symbol_info.symbol]
[parameters: ('active',)]
(Background on this error at: https://sqlalche.me/e/20/e3q8) | 路径: /api/v1/market/symbols
2026-04-29 06:36:47.369 | ERROR    | app.main:global_exception_handler:53 - 未捕获异常: (sqlite3.OperationalError) database is locked
[SQL: SELECT users.id, users.username, users.email, users.hashed_password, users.nickname, users.role, users.is_active, users.is_superuser, users.max_position_ratio, users.max_daily_loss, users.created_at, users.updated_at 
FROM users 
WHERE users.id = ?]
[parameters: (1,)]
(Background on this error at: https://sqlalche.me/e/20/e3q8) | 路径: /api/v1/risk/records
2026-04-29 06:36:47.386 | ERROR    | app.main:global_exception_handler:53 - 未捕获异常: (sqlite3.OperationalError) database is locked
[SQL: SELECT users.id, users.username, users.email, users.hashed_password, users.nickname, users.role, users.is_active, users.is_superuser, users.max_position_ratio, users.max_daily_loss, users.created_at, users.updated_at 
FROM users 
WHERE users.id = ?]
[parameters: (1,)]
(Background on this error at: https://sqlalche.me/e/20/e3q8) | 路径: /api/v1/risk/rules
2026-04-29 06:39:33.663 | ERROR    | app.main:global_exception_handler:53 - 未捕获异常: (sqlite3.OperationalError) database is locked
[SQL: SELECT symbol_info.id, symbol_info.symbol, symbol_info.name, symbol_info.exchange, symbol_info.asset_type, symbol_info.price_precision, symbol_info.qty_precision, symbol_info.min_qty, symbol_info.max_qty, symbol_info.tick_size, symbol_info.status, symbol_info.created_at, symbol_info.updated_at 
FROM symbol_info 
WHERE symbol_info.status = ? ORDER BY symbol_info.symbol]
[parameters: ('active',)]
(Background on this error at: https://sqlalche.me/e/20/e3q8) | 路径: /api/v1/market/symbols
2026-04-29 06:39:37.265 | ERROR    | app.main:global_exception_handler:53 - 未捕获异常: (sqlite3.OperationalError) database is locked
[SQL: SELECT users.id, users.username, users.email, users.hashed_password, users.nickname, users.role, users.is_active, users.is_superuser, users.max_position_ratio, users.max_daily_loss, users.created_at, users.updated_at 
FROM users 
WHERE users.id = ?]
[parameters: (1,)]
(Background on this error at: https://sqlalche.me/e/20/e3q8) | 路径: /api/v1/strategies
2026-04-29 06:39:38.891 | ERROR    | app.main:global_exception_handler:53 - 未捕获异常: (sqlite3.OperationalError) database is locked
[SQL: SELECT symbol_info.id, symbol_info.symbol, symbol_info.name, symbol_info.exchange, symbol_info.asset_type, symbol_info.price_precision, symbol_info.qty_precision, symbol_info.min_qty, symbol_info.max_qty, symbol_info.tick_size, symbol_info.status, symbol_info.created_at, symbol_info.updated_at 
FROM symbol_info 
WHERE symbol_info.status = ? ORDER BY symbol_info.symbol]
[parameters: ('active',)]
(Background on this error at: https://sqlalche.me/e/20/e3q8) | 路径: /api/v1/market/symbols
2026-04-29 06:39:38.923 | ERROR    | app.main:global_exception_handler:53 - 未捕获异常: (sqlite3.OperationalError) database is locked
[SQL: SELECT users.id, users.username, users.email, users.hashed_password, users.nickname, users.role, users.is_active, users.is_superuser, users.max_position_ratio, users.max_daily_loss, users.created_at, users.updated_at 
FROM users 
WHERE users.id = ?]
[parameters: (1,)]
(Background on this error at: https://sqlalche.me/e/20/e3q8) | 路径: /api/v1/market/tickers
2026-04-29 06:39:42.466 | ERROR    | app.main:global_exception_handler:53 - 未捕获异常: (sqlite3.OperationalError) database is locked
[SQL: SELECT users.id, users.username, users.email, users.hashed_password, users.nickname, users.role, users.is_active, users.is_superuser, users.max_position_ratio, users.max_daily_loss, users.created_at, users.updated_at 
FROM users 
WHERE users.id = ?]
[parameters: (1,)]
(Background on this error at: https://sqlalche.me/e/20/e3q8) | 路径: /api/v1/strategies
2026-04-29 06:39:43.317 | ERROR    | app.main:global_exception_handler:53 - 未捕获异常: (sqlite3.OperationalError) database is locked
[SQL: SELECT users.id, users.username, users.email, users.hashed_password, users.nickname, users.role, users.is_active, users.is_superuser, users.max_position_ratio, users.max_daily_loss, users.created_at, users.updated_at 
FROM users 
WHERE users.id = ?]
[parameters: (1,)]
(Background on this error at: https://sqlalche.me/e/20/e3q8) | 路径: /api/v1/risk/rules
2026-04-29 06:39:43.342 | ERROR    | app.main:global_exception_handler:53 - 未捕获异常: (sqlite3.OperationalError) database is locked
[SQL: SELECT users.id, users.username, users.email, users.hashed_password, users.nickname, users.role, users.is_active, users.is_superuser, users.max_position_ratio, users.max_daily_loss, users.created_at, users.updated_at 
FROM users 
WHERE users.id = ?]
[parameters: (1,)]
(Background on this error at: https://sqlalche.me/e/20/e3q8) | 路径: /api/v1/risk/records
2026-04-29 06:39:44.139 | ERROR    | app.main:global_exception_handler:53 - 未捕获异常: (sqlite3.OperationalError) database is locked
[SQL: SELECT symbol_info.id, symbol_info.symbol, symbol_info.name, symbol_info.exchange, symbol_info.asset_type, symbol_info.price_precision, symbol_info.qty_precision, symbol_info.min_qty, symbol_info.max_qty, symbol_info.tick_size, symbol_info.status, symbol_info.created_at, symbol_info.updated_at 
FROM symbol_info 
WHERE symbol_info.status = ? ORDER BY symbol_info.symbol]
[parameters: ('active',)]
(Background on this error at: https://sqlalche.me/e/20/e3q8) | 路径: /api/v1/market/symbols
2026-04-29 06:39:47.715 | ERROR    | app.main:global_exception_handler:53 - 未捕获异常: (sqlite3.OperationalError) database is locked
[SQL: SELECT users.id, users.username, users.email, users.hashed_password, users.nickname, users.role, users.is_active, users.is_superuser, users.max_position_ratio, users.max_daily_loss, users.created_at, users.updated_at 
FROM users 
WHERE users.id = ?]
[parameters: (1,)]
(Background on this error at: https://sqlalche.me/e/20/e3q8) | 路径: /api/v1/strategies
2026-04-29 06:39:49.358 | ERROR    | app.main:global_exception_handler:53 - 未捕获异常: (sqlite3.OperationalError) database is locked
[SQL: SELECT symbol_info.id, symbol_info.symbol, symbol_info.name, symbol_info.exchange, symbol_info.asset_type, symbol_info.price_precision, symbol_info.qty_precision, symbol_info.min_qty, symbol_info.max_qty, symbol_info.tick_size, symbol_info.status, symbol_info.created_at, symbol_info.updated_at 
FROM symbol_info 
WHERE symbol_info.status = ? ORDER BY symbol_info.symbol]
[parameters: ('active',)]
(Background on this error at: https://sqlalche.me/e/20/e3q8) | 路径: /api/v1/market/symbols
2026-04-29 06:39:52.933 | ERROR    | app.main:global_exception_handler:53 - 未捕获异常: (sqlite3.OperationalError) database is locked
[SQL: SELECT users.id, users.username, users.email, users.hashed_password, users.nickname, users.role, users.is_active, users.is_superuser, users.max_position_ratio, users.max_daily_loss, users.created_at, users.updated_at 
FROM users 
WHERE users.id = ?]
[parameters: (1,)]
(Background on this error at: https://sqlalche.me/e/20/e3q8) | 路径: /api/v1/strategies
2026-04-29 06:39:54.650 | ERROR    | app.main:global_exception_handler:53 - 未捕获异常: (sqlite3.OperationalError) database is locked
[SQL: SELECT symbol_info.id, symbol_info.symbol, symbol_info.name, symbol_info.exchange, symbol_info.asset_type, symbol_info.price_precision, symbol_info.qty_precision, symbol_info.min_qty, symbol_info.max_qty, symbol_info.tick_size, symbol_info.status, symbol_info.created_at, symbol_info.updated_at 
FROM symbol_info 
WHERE symbol_info.status = ? ORDER BY symbol_info.symbol]
[parameters: ('active',)]
(Background on this error at: https://sqlalche.me/e/20/e3q8) | 路径: /api/v1/market/symbols
2026-04-29 06:39:59.871 | ERROR    | app.main:global_exception_handler:53 - 未捕获异常: (sqlite3.OperationalError) database is locked
[SQL: SELECT symbol_info.id, symbol_info.symbol, symbol_info.name, symbol_info.exchange, symbol_info.asset_type, symbol_info.price_precision, symbol_info.qty_precision, symbol_info.min_qty, symbol_info.max_qty, symbol_info.tick_size, symbol_info.status, symbol_info.created_at, symbol_info.updated_at 
FROM symbol_info 
WHERE symbol_info.status = ? ORDER BY symbol_info.symbol]
[parameters: ('active',)]
(Background on this error at: https://sqlalche.me/e/20/e3q8) | 路径: /api/v1/market/symbols
2026-04-29 06:40:05.024 | ERROR    | app.main:global_exception_handler:53 - 未捕获异常: (sqlite3.OperationalError) database is locked
[SQL: SELECT symbol_info.id, symbol_info.symbol, symbol_info.name, symbol_info.exchange, symbol_info.asset_type, symbol_info.price_precision, symbol_info.qty_precision, symbol_info.min_qty, symbol_info.max_qty, symbol_info.tick_size, symbol_info.status, symbol_info.created_at, symbol_info.updated_at 
FROM symbol_info 
WHERE symbol_info.status = ? ORDER BY symbol_info.symbol]
[parameters: ('active',)]
(Background on this error at: https://sqlalche.me/e/20/e3q8) | 路径: /api/v1/market/symbols
2026-04-29 06:41:14.092 | ERROR    | app.main:global_exception_handler:53 - 未捕获异常: (sqlite3.OperationalError) database is locked
[SQL: SELECT symbol_info.id, symbol_info.symbol, symbol_info.name, symbol_info.exchange, symbol_info.asset_type, symbol_info.price_precision, symbol_info.qty_precision, symbol_info.min_qty, symbol_info.max_qty, symbol_info.tick_size, symbol_info.status, symbol_info.created_at, symbol_info.updated_at 
FROM symbol_info 
WHERE symbol_info.status = ? ORDER BY symbol_info.symbol]
[parameters: ('active',)]
(Background on this error at: https://sqlalche.me/e/20/e3q8) | 路径: /api/v1/market/symbols
2026-04-29 06:41:16.457 | ERROR    | app.main:global_exception_handler:53 - 未捕获异常: (sqlite3.OperationalError) database is locked
[SQL: SELECT users.id, users.username, users.email, users.hashed_password, users.nickname, users.role, users.is_active, users.is_superuser, users.max_position_ratio, users.max_daily_loss, users.created_at, users.updated_at 
FROM users 
WHERE users.id = ?]
[parameters: (1,)]
(Background on this error at: https://sqlalche.me/e/20/e3q8) | 路径: /api/v1/strategies
2026-04-29 06:41:19.318 | ERROR    | app.main:global_exception_handler:53 - 未捕获异常: (sqlite3.OperationalError) database is locked
[SQL: SELECT users.id, users.username, users.email, users.hashed_password, users.nickname, users.role, users.is_active, users.is_superuser, users.max_position_ratio, users.max_daily_loss, users.created_at, users.updated_at 
FROM users 
WHERE users.id = ?]
[parameters: (1,)]
(Background on this error at: https://sqlalche.me/e/20/e3q8) | 路径: /api/v1/market/tickers
2026-04-29 06:41:19.332 | ERROR    | app.main:global_exception_handler:53 - 未捕获异常: (sqlite3.OperationalError) database is locked
[SQL: SELECT symbol_info.id, symbol_info.symbol, symbol_info.name, symbol_info.exchange, symbol_info.asset_type, symbol_info.price_precision, symbol_info.qty_precision, symbol_info.min_qty, symbol_info.max_qty, symbol_info.tick_size, symbol_info.status, symbol_info.created_at, symbol_info.updated_at 
FROM symbol_info 
WHERE symbol_info.status = ? ORDER BY symbol_info.symbol]
[parameters: ('active',)]
(Background on this error at: https://sqlalche.me/e/20/e3q8) | 路径: /api/v1/market/symbols
2026-04-29 06:41:22.873 | ERROR    | app.main:global_exception_handler:53 - 未捕获异常: (sqlite3.OperationalError) database is locked
[SQL: SELECT users.id, users.username, users.email, users.hashed_password, users.nickname, users.role, users.is_active, users.is_superuser, users.max_position_ratio, users.max_daily_loss, users.created_at, users.updated_at 
FROM users 
WHERE users.id = ?]
[parameters: (1,)]
(Background on this error at: https://sqlalche.me/e/20/e3q8) | 路径: /api/v1/strategies
2026-04-29 06:41:24.499 | ERROR    | app.main:global_exception_handler:53 - 未捕获异常: (sqlite3.OperationalError) database is locked
[SQL: SELECT symbol_info.id, symbol_info.symbol, symbol_info.name, symbol_info.exchange, symbol_info.asset_type, symbol_info.price_precision, symbol_info.qty_precision, symbol_info.min_qty, symbol_info.max_qty, symbol_info.tick_size, symbol_info.status, symbol_info.created_at, symbol_info.updated_at 
FROM symbol_info 
WHERE symbol_info.status = ? ORDER BY symbol_info.symbol]
[parameters: ('active',)]
(Background on this error at: https://sqlalche.me/e/20/e3q8) | 路径: /api/v1/market/symbols
2026-04-29 06:41:25.465 | ERROR    | app.main:global_exception_handler:53 - 未捕获异常: (sqlite3.OperationalError) database is locked
[SQL: SELECT users.id, users.username, users.email, users.hashed_password, users.nickname, users.role, users.is_active, users.is_superuser, users.max_position_ratio, users.max_daily_loss, users.created_at, users.updated_at 
FROM users 
WHERE users.id = ?]
[parameters: (1,)]
(Background on this error at: https://sqlalche.me/e/20/e3q8) | 路径: /api/v1/risk/records
2026-04-29 06:41:25.479 | ERROR    | app.main:global_exception_handler:53 - 未捕获异常: (sqlite3.OperationalError) database is locked
[SQL: SELECT users.id, users.username, users.email, users.hashed_password, users.nickname, users.role, users.is_active, users.is_superuser, users.max_position_ratio, users.max_daily_loss, users.created_at, users.updated_at 
FROM users 
WHERE users.id = ?]
[parameters: (1,)]
(Background on this error at: https://sqlalche.me/e/20/e3q8) | 路径: /api/v1/risk/rules
2026-04-29 06:41:29.700 | ERROR    | app.main:global_exception_handler:53 - 未捕获异常: (sqlite3.OperationalError) database is locked
[SQL: SELECT symbol_info.id, symbol_info.symbol, symbol_info.name, symbol_info.exchange, symbol_info.asset_type, symbol_info.price_precision, symbol_info.qty_precision, symbol_info.min_qty, symbol_info.max_qty, symbol_info.tick_size, symbol_info.status, symbol_info.created_at, symbol_info.updated_at 
FROM symbol_info 
WHERE symbol_info.status = ? ORDER BY symbol_info.symbol]
[parameters: ('active',)]
(Background on this error at: https://sqlalche.me/e/20/e3q8) | 路径: /api/v1/market/symbols
2026-04-29 06:47:18.788 | ERROR    | app.main:global_exception_handler:53 - 未捕获异常: (sqlite3.OperationalError) database is locked
[SQL: SELECT symbol_info.id, symbol_info.symbol, symbol_info.name, symbol_info.exchange, symbol_info.asset_type, symbol_info.price_precision, symbol_info.qty_precision, symbol_info.min_qty, symbol_info.max_qty, symbol_info.tick_size, symbol_info.status, symbol_info.created_at, symbol_info.updated_at 
FROM symbol_info 
WHERE symbol_info.status = ? ORDER BY symbol_info.symbol]
[parameters: ('active',)]
(Background on this error at: https://sqlalche.me/e/20/e3q8) | 路径: /api/v1/market/symbols
2026-04-29 06:47:20.335 | ERROR    | app.main:global_exception_handler:53 - 未捕获异常: (sqlite3.OperationalError) database is locked
[SQL: SELECT users.id, users.username, users.email, users.hashed_password, users.nickname, users.role, users.is_active, users.is_superuser, users.max_position_ratio, users.max_daily_loss, users.created_at, users.updated_at 
FROM users 
WHERE users.id = ?]
[parameters: (1,)]
(Background on this error at: https://sqlalche.me/e/20/e3q8) | 路径: /api/v1/strategies
2026-04-29 06:47:24.083 | ERROR    | app.main:global_exception_handler:53 - 未捕获异常: (sqlite3.OperationalError) database is locked
[SQL: SELECT symbol_info.id, symbol_info.symbol, symbol_info.name, symbol_info.exchange, symbol_info.asset_type, symbol_info.price_precision, symbol_info.qty_precision, symbol_info.min_qty, symbol_info.max_qty, symbol_info.tick_size, symbol_info.status, symbol_info.created_at, symbol_info.updated_at 
FROM symbol_info 
WHERE symbol_info.status = ? ORDER BY symbol_info.symbol]
[parameters: ('active',)]
(Background on this error at: https://sqlalche.me/e/20/e3q8) | 路径: /api/v1/market/symbols
2026-04-29 06:47:24.101 | ERROR    | app.main:global_exception_handler:53 - 未捕获异常: (sqlite3.OperationalError) database is locked
[SQL: SELECT users.id, users.username, users.email, users.hashed_password, users.nickname, users.role, users.is_active, users.is_superuser, users.max_position_ratio, users.max_daily_loss, users.created_at, users.updated_at 
FROM users 
WHERE users.id = ?]
[parameters: (1,)]
(Background on this error at: https://sqlalche.me/e/20/e3q8) | 路径: /api/v1/market/tickers
2026-04-29 06:47:25.524 | ERROR    | app.main:global_exception_handler:53 - 未捕获异常: (sqlite3.OperationalError) database is locked
[SQL: SELECT users.id, users.username, users.email, users.hashed_password, users.nickname, users.role, users.is_active, users.is_superuser, users.max_position_ratio, users.max_daily_loss, users.created_at, users.updated_at 
FROM users 
WHERE users.id = ?]
[parameters: (1,)]
(Background on this error at: https://sqlalche.me/e/20/e3q8) | 路径: /api/v1/strategies
2026-04-29 06:47:29.368 | ERROR    | app.main:global_exception_handler:53 - 未捕获异常: (sqlite3.OperationalError) database is locked
[SQL: SELECT symbol_info.id, symbol_info.symbol, symbol_info.name, symbol_info.exchange, symbol_info.asset_type, symbol_info.price_precision, symbol_info.qty_precision, symbol_info.min_qty, symbol_info.max_qty, symbol_info.tick_size, symbol_info.status, symbol_info.created_at, symbol_info.updated_at 
FROM symbol_info 
WHERE symbol_info.status = ? ORDER BY symbol_info.symbol]
[parameters: ('active',)]
(Background on this error at: https://sqlalche.me/e/20/e3q8) | 路径: /api/v1/market/symbols
2026-04-29 06:47:33.747 | ERROR    | app.main:global_exception_handler:53 - 未捕获异常: (sqlite3.OperationalError) database is locked
[SQL: SELECT symbol_info.id, symbol_info.symbol, symbol_info.name, symbol_info.exchange, symbol_info.asset_type, symbol_info.price_precision, symbol_info.qty_precision, symbol_info.min_qty, symbol_info.max_qty, symbol_info.tick_size, symbol_info.status, symbol_info.created_at, symbol_info.updated_at 
FROM symbol_info 
WHERE symbol_info.status = ? ORDER BY symbol_info.symbol]
[parameters: ('active',)]
(Background on this error at: https://sqlalche.me/e/20/e3q8) | 路径: /api/v1/market/symbols
2026-04-29 06:47:37.063 | ERROR    | app.main:global_exception_handler:53 - 未捕获异常: (sqlite3.OperationalError) database is locked
[SQL: SELECT symbol_info.id, symbol_info.symbol, symbol_info.name, symbol_info.exchange, symbol_info.asset_type, symbol_info.price_precision, symbol_info.qty_precision, symbol_info.min_qty, symbol_info.max_qty, symbol_info.tick_size, symbol_info.status, symbol_info.created_at, symbol_info.updated_at 
FROM symbol_info 
WHERE symbol_info.status = ? ORDER BY symbol_info.symbol]
[parameters: ('active',)]
(Background on this error at: https://sqlalche.me/e/20/e3q8) | 路径: /api/v1/market/symbols
2026-04-29 06:47:42.242 | ERROR    | app.main:global_exception_handler:53 - 未捕获异常: (sqlite3.OperationalError) database is locked
[SQL: SELECT users.id, users.username, users.email, users.hashed_password, users.nickname, users.role, users.is_active, users.is_superuser, users.max_position_ratio, users.max_daily_loss, users.created_at, users.updated_at 
FROM users 
WHERE users.id = ?]
[parameters: (1,)]
(Background on this error at: https://sqlalche.me/e/20/e3q8) | 路径: /api/v1/market/tickers
2026-04-29 06:48:33.213 | ERROR    | app.main:global_exception_handler:53 - 未捕获异常: (sqlite3.OperationalError) database is locked
[SQL: SELECT symbol_info.id, symbol_info.symbol, symbol_info.name, symbol_info.exchange, symbol_info.asset_type, symbol_info.price_precision, symbol_info.qty_precision, symbol_info.min_qty, symbol_info.max_qty, symbol_info.tick_size, symbol_info.status, symbol_info.created_at, symbol_info.updated_at 
FROM symbol_info 
WHERE symbol_info.status = ? ORDER BY symbol_info.symbol]
[parameters: ('active',)]
(Background on this error at: https://sqlalche.me/e/20/e3q8) | 路径: /api/v1/market/symbols
2026-04-29 06:48:36.943 | ERROR    | app.main:global_exception_handler:53 - 未捕获异常: (sqlite3.OperationalError) database is locked
[SQL: SELECT users.id, users.username, users.email, users.hashed_password, users.nickname, users.role, users.is_active, users.is_superuser, users.max_position_ratio, users.max_daily_loss, users.created_at, users.updated_at 
FROM users 
WHERE users.id = ?]
[parameters: (1,)]
(Background on this error at: https://sqlalche.me/e/20/e3q8) | 路径: /api/v1/strategies
2026-04-29 06:48:38.355 | ERROR    | app.main:global_exception_handler:53 - 未捕获异常: (sqlite3.OperationalError) database is locked
[SQL: SELECT symbol_info.id, symbol_info.symbol, symbol_info.name, symbol_info.exchange, symbol_info.asset_type, symbol_info.price_precision, symbol_info.qty_precision, symbol_info.min_qty, symbol_info.max_qty, symbol_info.tick_size, symbol_info.status, symbol_info.created_at, symbol_info.updated_at 
FROM symbol_info 
WHERE symbol_info.status = ? ORDER BY symbol_info.symbol]
[parameters: ('active',)]
(Background on this error at: https://sqlalche.me/e/20/e3q8) | 路径: /api/v1/market/symbols
2026-04-29 06:48:38.384 | ERROR    | app.main:global_exception_handler:53 - 未捕获异常: (sqlite3.OperationalError) database is locked
[SQL: SELECT users.id, users.username, users.email, users.hashed_password, users.nickname, users.role, users.is_active, users.is_superuser, users.max_position_ratio, users.max_daily_loss, users.created_at, users.updated_at 
FROM users 
WHERE users.id = ?]
[parameters: (1,)]
(Background on this error at: https://sqlalche.me/e/20/e3q8) | 路径: /api/v1/market/tickers
2026-04-29 06:48:40.702 | ERROR    | app.main:global_exception_handler:53 - 未捕获异常: (sqlite3.OperationalError) database is locked
[SQL: SELECT users.id, users.username, users.email, users.hashed_password, users.nickname, users.role, users.is_active, users.is_superuser, users.max_position_ratio, users.max_daily_loss, users.created_at, users.updated_at 
FROM users 
WHERE users.id = ?]
[parameters: (1,)]
(Background on this error at: https://sqlalche.me/e/20/e3q8) | 路径: /api/v1/risk/rules
2026-04-29 06:48:40.720 | ERROR    | app.main:global_exception_handler:53 - 未捕获异常: (sqlite3.OperationalError) database is locked
[SQL: SELECT users.id, users.username, users.email, users.hashed_password, users.nickname, users.role, users.is_active, users.is_superuser, users.max_position_ratio, users.max_daily_loss, users.created_at, users.updated_at 
FROM users 
WHERE users.id = ?]
[parameters: (1,)]
(Background on this error at: https://sqlalche.me/e/20/e3q8) | 路径: /api/v1/risk/records
2026-04-29 06:48:42.161 | ERROR    | app.main:global_exception_handler:53 - 未捕获异常: (sqlite3.OperationalError) database is locked
[SQL: SELECT users.id, users.username, users.email, users.hashed_password, users.nickname, users.role, users.is_active, users.is_superuser, users.max_position_ratio, users.max_daily_loss, users.created_at, users.updated_at 
FROM users 
WHERE users.id = ?]
[parameters: (1,)]
(Background on this error at: https://sqlalche.me/e/20/e3q8) | 路径: /api/v1/strategies
2026-04-29 06:48:43.562 | ERROR    | app.main:global_exception_handler:53 - 未捕获异常: (sqlite3.OperationalError) database is locked
[SQL: SELECT symbol_info.id, symbol_info.symbol, symbol_info.name, symbol_info.exchange, symbol_info.asset_type, symbol_info.price_precision, symbol_info.qty_precision, symbol_info.min_qty, symbol_info.max_qty, symbol_info.tick_size, symbol_info.status, symbol_info.created_at, symbol_info.updated_at 
FROM symbol_info 
WHERE symbol_info.status = ? ORDER BY symbol_info.symbol]
[parameters: ('active',)]
(Background on this error at: https://sqlalche.me/e/20/e3q8) | 路径: /api/v1/market/symbols
2026-04-29 06:48:43.668 | ERROR    | app.main:global_exception_handler:53 - 未捕获异常: (sqlite3.OperationalError) database is locked
[SQL: SELECT users.id, users.username, users.email, users.hashed_password, users.nickname, users.role, users.is_active, users.is_superuser, users.max_position_ratio, users.max_daily_loss, users.created_at, users.updated_at 
FROM users 
WHERE users.id = ?]
[parameters: (1,)]
(Background on this error at: https://sqlalche.me/e/20/e3q8) | 路径: /api/v1/market/tickers
2026-04-29 06:48:47.377 | ERROR    | app.main:global_exception_handler:53 - 未捕获异常: (sqlite3.OperationalError) database is locked
[SQL: SELECT users.id, users.username, users.email, users.hashed_password, users.nickname, users.role, users.is_active, users.is_superuser, users.max_position_ratio, users.max_daily_loss, users.created_at, users.updated_at 
FROM users 
WHERE users.id = ?]
[parameters: (1,)]
(Background on this error at: https://sqlalche.me/e/20/e3q8) | 路径: /api/v1/strategies
2026-04-29 06:53:03.309 | INFO     | app.main:lifespan:29 - 👋 应用已关闭
2026-04-29 06:53:15.737 | INFO     | app.main:lifespan:23 - 🚀 Quantitative Trading Platform v1.0.0 启动中...
2026-04-29 06:53:15.770 | INFO     | app.main:lifespan:25 - ✅ 数据库初始化完成
2026-04-29 06:56:28.674 | INFO     | app.main:lifespan:29 - 👋 应用已关闭
2026-04-29 06:56:33.040 | INFO     | app.main:lifespan:23 - 🚀 Quantitative Trading Platform v1.0.0 启动中...
2026-04-29 06:56:33.069 | INFO     | app.main:lifespan:25 - ✅ 数据库初始化完成
2026-04-29 06:56:35.185 | INFO     | app.main:lifespan:29 - 👋 应用已关闭
2026-04-29 06:56:39.012 | INFO     | app.main:lifespan:23 - 🚀 Quantitative Trading Platform v1.0.0 启动中...
2026-04-29 06:56:39.057 | INFO     | app.main:lifespan:25 - ✅ 数据库初始化完成
2026-04-29 06:56:41.999 | INFO     | app.main:lifespan:29 - 👋 应用已关闭
2026-04-29 06:56:46.346 | INFO     | app.main:lifespan:23 - 🚀 Quantitative Trading Platform v1.0.0 启动中...
2026-04-29 06:56:46.383 | INFO     | app.main:lifespan:25 - ✅ 数据库初始化完成
2026-04-29 07:09:27.250 | INFO     | app.main:lifespan:29 - 👋 应用已关闭
2026-04-29 07:09:32.279 | INFO     | app.main:lifespan:23 - 🚀 Quantitative Trading Platform v1.0.0 启动中...
2026-04-29 07:09:32.313 | INFO     | app.main:lifespan:25 - ✅ 数据库初始化完成
2026-04-29 07:09:32.418 | INFO     | app.main:lifespan:29 - 👋 应用已关闭
2026-04-29 07:09:44.477 | INFO     | app.main:lifespan:23 - 🚀 Quantitative Trading Platform v1.0.0 启动中...
2026-04-29 07:09:44.518 | INFO     | app.main:lifespan:25 - ✅ 数据库初始化完成
2026-04-29 07:09:50.059 | INFO     | app.main:lifespan:29 - 👋 应用已关闭
2026-04-29 07:09:54.170 | INFO     | app.main:lifespan:23 - 🚀 Quantitative Trading Platform v1.0.0 启动中...
2026-04-29 07:09:54.200 | INFO     | app.main:lifespan:25 - ✅ 数据库初始化完成
2026-04-29 13:10:01.568 | ERROR    | app.main:global_exception_handler:53 - 未捕获异常: (raised as a result of Query-invoked autoflush; consider using a session.no_autoflush block if this flush is occurring prematurely)
(sqlite3.OperationalError) database is locked
[SQL: UPDATE ticker_data SET last_price=?, bid=?, ask=?, change_24h=?, updated_at=? WHERE ticker_data.id = ?]
[parameters: (48687.81, 48639.12, 48736.5, -0.4, '2026-04-29 05:09:52.957938', 7)]
(Background on this error at: https://sqlalche.me/e/20/e3q8) | 路径: /api/v1/market/tickers
2026-04-29 13:10:11.507 | ERROR    | app.main:global_exception_handler:53 - 未捕获异常: (raised as a result of Query-invoked autoflush; consider using a session.no_autoflush block if this flush is occurring prematurely)
(sqlite3.OperationalError) database is locked
[SQL: UPDATE ticker_data SET last_price=?, bid=?, ask=?, change_24h=?, updated_at=? WHERE ticker_data.id = ?]
[parameters: (48646.76, 48598.11, 48695.41, -0.48, '2026-04-29 05:10:03.079056', 7)]
(Background on this error at: https://sqlalche.me/e/20/e3q8) | 路径: /api/v1/market/tickers
2026-04-29 13:10:14.244 | ERROR    | app.main:global_exception_handler:53 - 未捕获异常: (raised as a result of Query-invoked autoflush; consider using a session.no_autoflush block if this flush is occurring prematurely)
(sqlite3.OperationalError) database is locked
[SQL: UPDATE ticker_data SET last_price=?, bid=?, ask=?, change_24h=?, updated_at=? WHERE ticker_data.id = ?]
[parameters: (48763.48, 48714.72, 48812.24, -0.24, '2026-04-29 05:10:05.779592', 7)]
(Background on this error at: https://sqlalche.me/e/20/e3q8) | 路径: /api/v1/market/tickers
2026-04-29 13:10:15.702 | ERROR    | app.main:global_exception_handler:53 - 未捕获异常: (raised as a result of Query-invoked autoflush; consider using a session.no_autoflush block if this flush is occurring prematurely)
(sqlite3.OperationalError) database is locked
[SQL: UPDATE ticker_data SET last_price=?, bid=?, ask=?, change_24h=?, updated_at=? WHERE ticker_data.id = ?]
[parameters: (49078.59, 49029.51, 49127.67, 0.4, '2026-04-29 05:10:07.164073', 7)]
(Background on this error at: https://sqlalche.me/e/20/e3q8) | 路径: /api/v1/market/tickers
2026-04-29 13:10:35.036 | ERROR    | app.main:global_exception_handler:53 - 未捕获异常: (raised as a result of Query-invoked autoflush; consider using a session.no_autoflush block if this flush is occurring prematurely)
(sqlite3.OperationalError) database is locked
[SQL: UPDATE ticker_data SET last_price=?, bid=?, ask=?, change_24h=?, updated_at=? WHERE ticker_data.id = ?]
[parameters: (48700.35, 48651.65, 48749.05, -0.37, '2026-04-29 05:10:26.024665', 7)]
(Background on this error at: https://sqlalche.me/e/20/e3q8) | 路径: /api/v1/market/tickers
2026-04-29 13:10:44.135 | ERROR    | app.main:global_exception_handler:53 - 未捕获异常: (sqlite3.OperationalError) database is locked
[SQL: SELECT users.id, users.username, users.email, users.hashed_password, users.nickname, users.role, users.is_active, users.is_superuser, users.max_position_ratio, users.max_daily_loss, users.created_at, users.updated_at 
FROM users 
WHERE users.id = ?]
[parameters: (1,)]
(Background on this error at: https://sqlalche.me/e/20/e3q8) | 路径: /api/v1/market/tickers
2026-04-29 13:10:53.419 | ERROR    | app.main:global_exception_handler:53 - 未捕获异常: (sqlite3.OperationalError) database is locked
[SQL: SELECT users.id, users.username, users.email, users.hashed_password, users.nickname, users.role, users.is_active, users.is_superuser, users.max_position_ratio, users.max_daily_loss, users.created_at, users.updated_at 
FROM users 
WHERE users.id = ?]
[parameters: (1,)]
(Background on this error at: https://sqlalche.me/e/20/e3q8) | 路径: /api/v1/market/tickers
2026-04-29 13:11:05.028 | ERROR    | app.main:global_exception_handler:53 - 未捕获异常: (sqlite3.OperationalError) database is locked
[SQL: SELECT users.id, users.username, users.email, users.hashed_password, users.nickname, users.role, users.is_active, users.is_superuser, users.max_position_ratio, users.max_daily_loss, users.created_at, users.updated_at 
FROM users 
WHERE users.id = ?]
[parameters: (1,)]
(Background on this error at: https://sqlalche.me/e/20/e3q8) | 路径: /api/v1/market/tickers
2026-04-29 13:11:14.947 | ERROR    | app.main:global_exception_handler:53 - 未捕获异常: (sqlite3.OperationalError) database is locked
[SQL: SELECT users.id, users.username, users.email, users.hashed_password, users.nickname, users.role, users.is_active, users.is_superuser, users.max_position_ratio, users.max_daily_loss, users.created_at, users.updated_at 
FROM users 
WHERE users.id = ?]
[parameters: (1,)]
(Background on this error at: https://sqlalche.me/e/20/e3q8) | 路径: /api/v1/market/tickers
2026-04-29 13:11:25.027 | ERROR    | app.main:global_exception_handler:53 - 未捕获异常: (sqlite3.OperationalError) database is locked
[SQL: SELECT users.id, users.username, users.email, users.hashed_password, users.nickname, users.role, users.is_active, users.is_superuser, users.max_position_ratio, users.max_daily_loss, users.created_at, users.updated_at 
FROM users 
WHERE users.id = ?]
[parameters: (1,)]
(Background on this error at: https://sqlalche.me/e/20/e3q8) | 路径: /api/v1/market/tickers
2026-04-29 13:11:34.916 | ERROR    | app.main:global_exception_handler:53 - 未捕获异常: (sqlite3.OperationalError) database is locked
[SQL: SELECT users.id, users.username, users.email, users.hashed_password, users.nickname, users.role, users.is_active, users.is_superuser, users.max_position_ratio, users.max_daily_loss, users.created_at, users.updated_at 
FROM users 
WHERE users.id = ?]
[parameters: (1,)]
(Background on this error at: https://sqlalche.me/e/20/e3q8) | 路径: /api/v1/market/tickers
2026-04-29 13:11:43.970 | ERROR    | app.main:global_exception_handler:53 - 未捕获异常: (sqlite3.OperationalError) database is locked
[SQL: SELECT users.id, users.username, users.email, users.hashed_password, users.nickname, users.role, users.is_active, users.is_superuser, users.max_position_ratio, users.max_daily_loss, users.created_at, users.updated_at 
FROM users 
WHERE users.id = ?]
[parameters: (1,)]
(Background on this error at: https://sqlalche.me/e/20/e3q8) | 路径: /api/v1/market/tickers
2026-04-29 13:11:53.006 | ERROR    | app.main:global_exception_handler:53 - 未捕获异常: (sqlite3.OperationalError) database is locked
[SQL: SELECT users.id, users.username, users.email, users.hashed_password, users.nickname, users.role, users.is_active, users.is_superuser, users.max_position_ratio, users.max_daily_loss, users.created_at, users.updated_at 
FROM users 
WHERE users.id = ?]
[parameters: (1,)]
(Background on this error at: https://sqlalche.me/e/20/e3q8) | 路径: /api/v1/market/tickers
2026-04-29 13:12:41.942 | ERROR    | app.main:global_exception_handler:53 - 未捕获异常: (sqlite3.OperationalError) database is locked
[SQL: SELECT users.id, users.username, users.email, users.hashed_password, users.nickname, users.role, users.is_active, users.is_superuser, users.max_position_ratio, users.max_daily_loss, users.created_at, users.updated_at 
FROM users 
WHERE users.id = ?]
[parameters: (1,)]
(Background on this error at: https://sqlalche.me/e/20/e3q8) | 路径: /api/v1/market/tickers
2026-04-29 13:12:50.789 | ERROR    | app.main:global_exception_handler:53 - 未捕获异常: (sqlite3.OperationalError) database is locked
[SQL: SELECT users.id, users.username, users.email, users.hashed_password, users.nickname, users.role, users.is_active, users.is_superuser, users.max_position_ratio, users.max_daily_loss, users.created_at, users.updated_at 
FROM users 
WHERE users.id = ?]
[parameters: (1,)]
(Background on this error at: https://sqlalche.me/e/20/e3q8) | 路径: /api/v1/market/tickers
2026-04-29 13:13:41.976 | ERROR    | app.main:global_exception_handler:53 - 未捕获异常: (sqlite3.OperationalError) database is locked
[SQL: SELECT users.id, users.username, users.email, users.hashed_password, users.nickname, users.role, users.is_active, users.is_superuser, users.max_position_ratio, users.max_daily_loss, users.created_at, users.updated_at 
FROM users 
WHERE users.id = ?]
[parameters: (1,)]
(Background on this error at: https://sqlalche.me/e/20/e3q8) | 路径: /api/v1/market/tickers
2026-04-29 13:13:50.991 | ERROR    | app.main:global_exception_handler:53 - 未捕获异常: (sqlite3.OperationalError) database is locked
[SQL: SELECT users.id, users.username, users.email, users.hashed_password, users.nickname, users.role, users.is_active, users.is_superuser, users.max_position_ratio, users.max_daily_loss, users.created_at, users.updated_at 
FROM users 
WHERE users.id = ?]
[parameters: (1,)]
(Background on this error at: https://sqlalche.me/e/20/e3q8) | 路径: /api/v1/market/tickers
2026-04-29 13:14:42.041 | ERROR    | app.main:global_exception_handler:53 - 未捕获异常: (sqlite3.OperationalError) database is locked
[SQL: SELECT users.id, users.username, users.email, users.hashed_password, users.nickname, users.role, users.is_active, users.is_superuser, users.max_position_ratio, users.max_daily_loss, users.created_at, users.updated_at 
FROM users 
WHERE users.id = ?]
[parameters: (1,)]
(Background on this error at: https://sqlalche.me/e/20/e3q8) | 路径: /api/v1/market/tickers
2026-04-29 13:14:50.865 | ERROR    | app.main:global_exception_handler:53 - 未捕获异常: (sqlite3.OperationalError) database is locked
[SQL: SELECT users.id, users.username, users.email, users.hashed_password, users.nickname, users.role, users.is_active, users.is_superuser, users.max_position_ratio, users.max_daily_loss, users.created_at, users.updated_at 
FROM users 
WHERE users.id = ?]
[parameters: (1,)]
(Background on this error at: https://sqlalche.me/e/20/e3q8) | 路径: /api/v1/market/tickers
2026-04-29 13:15:41.986 | ERROR    | app.main:global_exception_handler:53 - 未捕获异常: (sqlite3.OperationalError) database is locked
[SQL: SELECT users.id, users.username, users.email, users.hashed_password, users.nickname, users.role, users.is_active, users.is_superuser, users.max_position_ratio, users.max_daily_loss, users.created_at, users.updated_at 
FROM users 
WHERE users.id = ?]
[parameters: (1,)]
(Background on this error at: https://sqlalche.me/e/20/e3q8) | 路径: /api/v1/market/tickers
2026-04-29 13:15:51.035 | ERROR    | app.main:global_exception_handler:53 - 未捕获异常: (sqlite3.OperationalError) database is locked
[SQL: SELECT users.id, users.username, users.email, users.hashed_password, users.nickname, users.role, users.is_active, users.is_superuser, users.max_position_ratio, users.max_daily_loss, users.created_at, users.updated_at 
FROM users 
WHERE users.id = ?]
[parameters: (1,)]
(Background on this error at: https://sqlalche.me/e/20/e3q8) | 路径: /api/v1/market/tickers
2026-04-29 13:16:46.290 | ERROR    | app.main:global_exception_handler:53 - 未捕获异常: (sqlite3.OperationalError) database is locked
[SQL: SELECT users.id, users.username, users.email, users.hashed_password, users.nickname, users.role, users.is_active, users.is_superuser, users.max_position_ratio, users.max_daily_loss, users.created_at, users.updated_at 
FROM users 
WHERE users.id = ?]
[parameters: (1,)]
(Background on this error at: https://sqlalche.me/e/20/e3q8) | 路径: /api/v1/market/tickers
2026-04-29 13:16:58.498 | ERROR    | app.main:global_exception_handler:53 - 未捕获异常: (sqlite3.OperationalError) database is locked
[SQL: SELECT users.id, users.username, users.email, users.hashed_password, users.nickname, users.role, users.is_active, users.is_superuser, users.max_position_ratio, users.max_daily_loss, users.created_at, users.updated_at 
FROM users 
WHERE users.id = ?]
[parameters: (1,)]
(Background on this error at: https://sqlalche.me/e/20/e3q8) | 路径: /api/v1/market/tickers
2026-04-29 13:17:46.336 | ERROR    | app.main:global_exception_handler:53 - 未捕获异常: (sqlite3.OperationalError) database is locked
[SQL: SELECT users.id, users.username, users.email, users.hashed_password, users.nickname, users.role, users.is_active, users.is_superuser, users.max_position_ratio, users.max_daily_loss, users.created_at, users.updated_at 
FROM users 
WHERE users.id = ?]
[parameters: (1,)]
(Background on this error at: https://sqlalche.me/e/20/e3q8) | 路径: /api/v1/market/tickers
2026-04-29 13:17:59.340 | ERROR    | app.main:global_exception_handler:53 - 未捕获异常: (sqlite3.OperationalError) database is locked
[SQL: SELECT users.id, users.username, users.email, users.hashed_password, users.nickname, users.role, users.is_active, users.is_superuser, users.max_position_ratio, users.max_daily_loss, users.created_at, users.updated_at 
FROM users 
WHERE users.id = ?]
[parameters: (1,)]
(Background on this error at: https://sqlalche.me/e/20/e3q8) | 路径: /api/v1/market/tickers
2026-04-29 13:18:46.215 | ERROR    | app.main:global_exception_handler:53 - 未捕获异常: (sqlite3.OperationalError) database is locked
[SQL: SELECT users.id, users.username, users.email, users.hashed_password, users.nickname, users.role, users.is_active, users.is_superuser, users.max_position_ratio, users.max_daily_loss, users.created_at, users.updated_at 
FROM users 
WHERE users.id = ?]
[parameters: (1,)]
(Background on this error at: https://sqlalche.me/e/20/e3q8) | 路径: /api/v1/market/tickers
2026-04-29 13:18:55.538 | ERROR    | app.main:global_exception_handler:53 - 未捕获异常: (sqlite3.OperationalError) database is locked
[SQL: SELECT users.id, users.username, users.email, users.hashed_password, users.nickname, users.role, users.is_active, users.is_superuser, users.max_position_ratio, users.max_daily_loss, users.created_at, users.updated_at 
FROM users 
WHERE users.id = ?]
[parameters: (1,)]
(Background on this error at: https://sqlalche.me/e/20/e3q8) | 路径: /api/v1/market/tickers
2026-04-29 13:19:06.904 | INFO     | app.main:lifespan:29 - 👋 应用已关闭
2026-04-29 13:19:11.712 | INFO     | app.main:lifespan:23 - 🚀 Quantitative Trading Platform v1.0.0 启动中...
2026-04-29 13:19:11.746 | INFO     | app.main:lifespan:25 - ✅ 数据库初始化完成
2026-04-29 13:19:25.254 | INFO     | app.main:lifespan:29 - 👋 应用已关闭
2026-04-29 13:19:29.517 | INFO     | app.main:lifespan:23 - 🚀 Quantitative Trading Platform v1.0.0 启动中...
2026-04-29 13:19:29.552 | INFO     | app.main:lifespan:25 - ✅ 数据库初始化完成
2026-04-29 21:18:44.868 | INFO     | app.main:lifespan:29 - 👋 应用已关闭
2026-04-29 21:18:49.289 | INFO     | app.main:lifespan:23 - 🚀 Quantitative Trading Platform v1.0.0 启动中...
2026-04-29 21:18:49.323 | INFO     | app.main:lifespan:25 - ✅ 数据库初始化完成
2026-04-29 21:21:20.642 | INFO     | app.main:lifespan:29 - 👋 应用已关闭
2026-04-29 21:21:25.053 | INFO     | app.main:lifespan:23 - 🚀 Quantitative Trading Platform v1.0.0 启动中...
2026-04-29 21:21:25.088 | INFO     | app.main:lifespan:25 - ✅ 数据库初始化完成
2026-04-29 21:21:29.445 | INFO     | app.main:lifespan:29 - 👋 应用已关闭
2026-04-29 21:21:35.513 | INFO     | app.main:lifespan:23 - 🚀 Quantitative Trading Platform v1.0.0 启动中...
2026-04-29 21:21:35.555 | INFO     | app.main:lifespan:25 - ✅ 数据库初始化完成
2026-04-29 21:36:55.230 | INFO     | app.main:lifespan:29 - 👋 应用已关闭
2026-04-29 21:37:08.950 | INFO     | app.main:lifespan:23 - 🚀 Quantitative Trading Platform v1.0.0 启动中...
2026-04-29 21:37:08.987 | INFO     | app.main:lifespan:25 - ✅ 数据库初始化完成
2026-04-29 21:37:09.100 | INFO     | app.main:lifespan:29 - 👋 应用已关闭
2026-04-29 21:37:15.588 | INFO     | app.main:lifespan:23 - 🚀 Quantitative Trading Platform v1.0.0 启动中...
2026-04-29 21:37:15.632 | INFO     | app.main:lifespan:25 - ✅ 数据库初始化完成
2026-04-29 21:41:05.484 | INFO     | app.main:lifespan:29 - 👋 应用已关闭
2026-04-29 21:41:09.317 | INFO     | app.main:lifespan:23 - 🚀 Quantitative Trading Platform v1.0.0 启动中...
2026-04-29 21:41:09.341 | INFO     | app.main:lifespan:25 - ✅ 数据库初始化完成
2026-04-29 21:41:32.601 | INFO     | app.main:lifespan:29 - 👋 应用已关闭
2026-04-29 21:41:35.807 | INFO     | app.main:lifespan:23 - 🚀 Quantitative Trading Platform v1.0.0 启动中...
2026-04-29 21:41:35.841 | INFO     | app.main:lifespan:25 - ✅ 数据库初始化完成
2026-04-29 21:41:40.583 | INFO     | app.main:lifespan:29 - 👋 应用已关闭
2026-04-29 21:41:43.791 | INFO     | app.main:lifespan:23 - 🚀 Quantitative Trading Platform v1.0.0 启动中...
2026-04-29 21:41:43.823 | INFO     | app.main:lifespan:25 - ✅ 数据库初始化完成
2026-04-29 21:42:06.484 | INFO     | app.main:lifespan:29 - 👋 应用已关闭
2026-04-29 21:42:09.659 | INFO     | app.main:lifespan:24 - 🚀 Quantitative Trading Platform v1.0.0 启动中...
2026-04-29 21:42:09.691 | INFO     | app.main:lifespan:26 - ✅ 数据库初始化完成
2026-04-29 21:42:17.445 | INFO     | app.main:lifespan:30 - 👋 应用已关闭
2026-04-29 21:42:20.552 | INFO     | app.main:lifespan:24 - 🚀 Quantitative Trading Platform v1.0.0 启动中...
2026-04-29 21:42:20.593 | INFO     | app.main:lifespan:26 - ✅ 数据库初始化完成
2026-04-29 21:46:50.508 | INFO     | app.main:lifespan:30 - 👋 应用已关闭
2026-04-29 21:46:54.083 | INFO     | app.main:lifespan:24 - 🚀 Quantitative Trading Platform v1.0.0 启动中...
2026-04-29 21:46:54.104 | INFO     | app.main:lifespan:26 - ✅ 数据库初始化完成
2026-04-29 21:46:54.487 | WARNING  | app.main:validation_exception_handler:59 - 参数校验失败: [{'type': 'missing', 'loc': ('body', 'password'), 'msg': 'Field required', 'input': {'username': 'admin'}}] | 路径: /api/v1/auth/login
2026-04-29 22:48:46.125 | INFO     | app.main:lifespan:30 - 👋 应用已关闭
2026-04-29 22:48:53.994 | INFO     | app.main:lifespan:24 - 🚀 Quantitative Trading Platform v1.0.0 启动中...
2026-04-29 22:48:54.028 | INFO     | app.main:lifespan:26 - ✅ 数据库初始化完成
2026-04-29 22:54:07.239 | INFO     | app.main:lifespan:30 - 👋 应用已关闭
2026-04-29 22:54:11.504 | INFO     | app.main:lifespan:24 - 🚀 Quantitative Trading Platform v1.0.0 启动中...
2026-04-29 22:54:11.541 | INFO     | app.main:lifespan:26 - ✅ 数据库初始化完成
2026-04-29 22:54:21.400 | INFO     | app.main:lifespan:30 - 👋 应用已关闭
2026-04-29 22:54:25.249 | INFO     | app.main:lifespan:24 - 🚀 Quantitative Trading Platform v1.0.0 启动中...
2026-04-29 22:54:25.284 | INFO     | app.main:lifespan:26 - ✅ 数据库初始化完成
2026-04-29 22:54:25.388 | INFO     | app.main:lifespan:30 - 👋 应用已关闭
2026-04-29 22:54:28.655 | INFO     | app.main:lifespan:24 - 🚀 Quantitative Trading Platform v1.0.0 启动中...
2026-04-29 22:54:28.687 | INFO     | app.main:lifespan:26 - ✅ 数据库初始化完成
2026-04-29 22:54:37.546 | INFO     | app.main:lifespan:30 - 👋 应用已关闭
2026-04-29 22:54:40.959 | INFO     | app.main:lifespan:25 - 🚀 Quantitative Trading Platform v1.0.0 启动中...
2026-04-29 22:54:40.998 | INFO     | app.main:lifespan:27 - ✅ 数据库初始化完成
2026-04-29 22:54:46.717 | INFO     | app.main:lifespan:26 - 🚀 Quantitative Trading Platform v1.0.0 启动中...
2026-04-29 22:54:46.752 | INFO     | app.main:lifespan:28 - ✅ 数据库初始化完成
2026-04-29 22:54:46.752 | INFO     | app.main:lifespan:31 - ✅ WebSocket 行情推送已启动
2026-04-29 22:57:20.981 | INFO     | app.main:lifespan:36 - 👋 应用已关闭
2026-04-29 22:57:25.425 | INFO     | app.main:lifespan:26 - 🚀 Quantitative Trading Platform v1.0.0 启动中...
2026-04-29 22:57:25.456 | INFO     | app.main:lifespan:28 - ✅ 数据库初始化完成
2026-04-29 22:57:25.457 | INFO     | app.main:lifespan:31 - ✅ WebSocket 行情推送已启动
2026-04-29 22:57:48.766 | INFO     | app.main:lifespan:36 - 👋 应用已关闭
2026-04-29 22:57:52.057 | INFO     | app.main:lifespan:26 - 🚀 Quantitative Trading Platform v1.0.0 启动中...
2026-04-29 22:57:52.087 | INFO     | app.main:lifespan:28 - ✅ 数据库初始化完成
2026-04-29 22:57:52.088 | INFO     | app.main:lifespan:31 - ✅ WebSocket 行情推送已启动
2026-04-29 22:58:38.050 | INFO     | app.main:lifespan:36 - 👋 应用已关闭
2026-04-29 22:58:41.441 | INFO     | app.main:lifespan:26 - 🚀 Quantitative Trading Platform v1.0.0 启动中...
2026-04-29 22:58:41.475 | INFO     | app.main:lifespan:28 - ✅ 数据库初始化完成
2026-04-29 22:58:41.475 | INFO     | app.main:lifespan:31 - ✅ WebSocket 行情推送已启动
2026-04-29 22:58:48.358 | INFO     | app.main:lifespan:36 - 👋 应用已关闭
2026-04-29 22:58:51.737 | INFO     | app.main:lifespan:26 - 🚀 Quantitative Trading Platform v1.0.0 启动中...
2026-04-29 22:58:51.771 | INFO     | app.main:lifespan:28 - ✅ 数据库初始化完成
2026-04-29 22:58:51.771 | INFO     | app.main:lifespan:31 - ✅ WebSocket 行情推送已启动
2026-04-29 22:59:05.494 | INFO     | app.main:lifespan:36 - 👋 应用已关闭
2026-04-29 22:59:08.837 | INFO     | app.main:lifespan:26 - 🚀 Quantitative Trading Platform v1.0.0 启动中...
2026-04-29 22:59:08.867 | INFO     | app.main:lifespan:28 - ✅ 数据库初始化完成
2026-04-29 22:59:08.868 | INFO     | app.main:lifespan:31 - ✅ WebSocket 行情推送已启动
2026-04-29 22:59:13.008 | INFO     | app.main:lifespan:36 - 👋 应用已关闭
2026-04-29 22:59:16.476 | INFO     | app.main:lifespan:26 - 🚀 Quantitative Trading Platform v1.0.0 启动中...
2026-04-29 22:59:16.506 | INFO     | app.main:lifespan:28 - ✅ 数据库初始化完成
2026-04-29 22:59:16.506 | INFO     | app.main:lifespan:31 - ✅ WebSocket 行情推送已启动
2026-04-29 23:00:37.401 | INFO     | app.main:lifespan:36 - 👋 应用已关闭
2026-04-29 23:00:41.618 | INFO     | app.main:lifespan:26 - 🚀 Quantitative Trading Platform v1.0.0 启动中...
2026-04-29 23:00:41.648 | INFO     | app.main:lifespan:28 - ✅ 数据库初始化完成
2026-04-29 23:00:41.648 | INFO     | app.main:lifespan:31 - ✅ WebSocket 行情推送已启动
2026-04-29 23:00:43.364 | INFO     | app.main:lifespan:36 - 👋 应用已关闭
2026-04-29 23:00:46.766 | INFO     | app.main:lifespan:26 - 🚀 Quantitative Trading Platform v1.0.0 启动中...
2026-04-29 23:00:46.810 | INFO     | app.main:lifespan:28 - ✅ 数据库初始化完成
2026-04-29 23:00:46.810 | INFO     | app.main:lifespan:31 - ✅ WebSocket 行情推送已启动
2026-04-29 23:01:20.575 | ERROR    | app.main:global_exception_handler:75 - 未捕获异常: (sqlite3.OperationalError) no such column: strategies.schedule_config
[SQL: SELECT strategies.id, strategies.user_id, strategies.name, strategies.type, strategies.description, strategies.status, strategies.params, strategies.is_custom_code, strategies.custom_code, strategies.initial_capital, strategies.max_position_ratio, strategies.symbols, strategies.intervals, strategies.schedule_config, strategies.created_at, strategies.updated_at 
FROM strategies 
WHERE strategies.user_id = ? ORDER BY strategies.created_at DESC
 LIMIT ? OFFSET ?]
[parameters: (1, 100, 0)]
(Background on this error at: https://sqlalche.me/e/20/e3q8) | 路径: /api/v1/strategies
2026-04-29 23:01:20.653 | ERROR    | app.main:global_exception_handler:75 - 未捕获异常: (sqlite3.OperationalError) no such column: strategies.schedule_config
[SQL: SELECT strategies.id, strategies.user_id, strategies.name, strategies.type, strategies.description, strategies.status, strategies.params, strategies.is_custom_code, strategies.custom_code, strategies.initial_capital, strategies.max_position_ratio, strategies.symbols, strategies.intervals, strategies.schedule_config, strategies.created_at, strategies.updated_at 
FROM strategies 
WHERE strategies.user_id = ? ORDER BY strategies.created_at DESC
 LIMIT ? OFFSET ?]
[parameters: (1, 100, 0)]
(Background on this error at: https://sqlalche.me/e/20/e3q8) | 路径: /api/v1/strategies
2026-04-29 23:07:28.792 | INFO     | app.main:lifespan:36 - 👋 应用已关闭
2026-04-29 23:07:34.812 | INFO     | app.main:lifespan:26 - 🚀 Quantitative Trading Platform v1.0.0 启动中...
2026-04-29 23:07:34.838 | INFO     | app.main:lifespan:28 - ✅ 数据库初始化完成
2026-04-29 23:07:34.838 | INFO     | app.main:lifespan:31 - ✅ WebSocket 行情推送已启动
2026-04-29 23:08:14.968 | ERROR    | app.main:global_exception_handler:75 - 未捕获异常: (sqlite3.OperationalError) no such column: strategies.schedule_config
[SQL: SELECT strategies.id, strategies.user_id, strategies.name, strategies.type, strategies.description, strategies.status, strategies.params, strategies.is_custom_code, strategies.custom_code, strategies.initial_capital, strategies.max_position_ratio, strategies.symbols, strategies.intervals, strategies.schedule_config, strategies.created_at, strategies.updated_at 
FROM strategies 
WHERE strategies.user_id = ? ORDER BY strategies.created_at DESC
 LIMIT ? OFFSET ?]
[parameters: (1, 100, 0)]
(Background on this error at: https://sqlalche.me/e/20/e3q8) | 路径: /api/v1/strategies
2026-04-29 23:08:23.244 | ERROR    | app.main:global_exception_handler:75 - 未捕获异常: (sqlite3.OperationalError) no such column: strategies.schedule_config
[SQL: SELECT strategies.id, strategies.user_id, strategies.name, strategies.type, strategies.description, strategies.status, strategies.params, strategies.is_custom_code, strategies.custom_code, strategies.initial_capital, strategies.max_position_ratio, strategies.symbols, strategies.intervals, strategies.schedule_config, strategies.created_at, strategies.updated_at 
FROM strategies 
WHERE strategies.user_id = ? ORDER BY strategies.created_at DESC
 LIMIT ? OFFSET ?]
[parameters: (1, 100, 0)]
(Background on this error at: https://sqlalche.me/e/20/e3q8) | 路径: /api/v1/strategies
2026-04-29 23:09:05.735 | ERROR    | app.main:global_exception_handler:75 - 未捕获异常: (sqlite3.OperationalError) no such column: strategies.schedule_config
[SQL: SELECT strategies.id, strategies.user_id, strategies.name, strategies.type, strategies.description, strategies.status, strategies.params, strategies.is_custom_code, strategies.custom_code, strategies.initial_capital, strategies.max_position_ratio, strategies.symbols, strategies.intervals, strategies.schedule_config, strategies.created_at, strategies.updated_at 
FROM strategies 
WHERE strategies.user_id = ? ORDER BY strategies.created_at DESC
 LIMIT ? OFFSET ?]
[parameters: (1, 100, 0)]
(Background on this error at: https://sqlalche.me/e/20/e3q8) | 路径: /api/v1/strategies
2026-04-29 23:09:12.414 | ERROR    | app.main:global_exception_handler:75 - 未捕获异常: (sqlite3.OperationalError) no such column: strategies.schedule_config
[SQL: SELECT strategies.id, strategies.user_id, strategies.name, strategies.type, strategies.description, strategies.status, strategies.params, strategies.is_custom_code, strategies.custom_code, strategies.initial_capital, strategies.max_position_ratio, strategies.symbols, strategies.intervals, strategies.schedule_config, strategies.created_at, strategies.updated_at 
FROM strategies 
WHERE strategies.user_id = ? ORDER BY strategies.created_at DESC
 LIMIT ? OFFSET ?]
[parameters: (1, 100, 0)]
(Background on this error at: https://sqlalche.me/e/20/e3q8) | 路径: /api/v1/strategies
2026-04-29 23:16:57.733 | INFO     | app.main:lifespan:36 - 👋 应用已关闭
2026-04-29 23:17:06.010 | INFO     | app.main:lifespan:26 - 🚀 Quantitative Trading Platform v1.0.0 启动中...
2026-04-29 23:17:06.050 | INFO     | app.main:lifespan:28 - ✅ 数据库初始化完成
2026-04-29 23:17:06.051 | INFO     | app.main:lifespan:31 - ✅ WebSocket 行情推送已启动
2026-04-29 23:17:09.686 | INFO     | app.main:lifespan:36 - 👋 应用已关闭
2026-04-29 23:17:19.891 | INFO     | app.main:lifespan:26 - 🚀 Quantitative Trading Platform v1.0.0 启动中...
2026-04-29 23:17:19.932 | INFO     | app.main:lifespan:28 - ✅ 数据库初始化完成
2026-04-29 23:17:19.932 | INFO     | app.main:lifespan:31 - ✅ WebSocket 行情推送已启动
2026-04-29 23:26:07.743 | INFO     | app.main:lifespan:36 - 👋 应用已关闭
2026-04-29 23:26:12.350 | INFO     | app.main:lifespan:26 - 🚀 Quantitative Trading Platform v1.0.0 启动中...
2026-04-29 23:26:12.387 | INFO     | app.main:lifespan:28 - ✅ 数据库初始化完成
2026-04-29 23:26:12.388 | INFO     | app.main:lifespan:31 - ✅ WebSocket 行情推送已启动
2026-04-29 23:26:18.625 | INFO     | app.main:lifespan:36 - 👋 应用已关闭
2026-04-29 23:26:22.617 | INFO     | app.main:lifespan:26 - 🚀 Quantitative Trading Platform v1.0.0 启动中...
2026-04-29 23:26:22.655 | INFO     | app.main:lifespan:28 - ✅ 数据库初始化完成
2026-04-29 23:26:22.656 | INFO     | app.main:lifespan:31 - ✅ WebSocket 行情推送已启动
2026-04-29 23:26:43.654 | ERROR    | app.main:global_exception_handler:75 - 未捕获异常: can't subtract offset-naive and offset-aware datetimes | 路径: /api/v1/market/klines
2026-04-29 23:27:07.032 | INFO     | app.main:lifespan:26 - 🚀 Quantitative Trading Platform v1.0.0 启动中...
2026-04-29 23:27:07.120 | INFO     | app.main:lifespan:28 - ✅ 数据库初始化完成
2026-04-29 23:27:07.121 | INFO     | app.main:lifespan:31 - ✅ WebSocket 行情推送已启动
2026-04-29 23:27:37.820 | INFO     | app.main:lifespan:36 - 👋 应用已关闭
2026-04-29 23:27:41.865 | INFO     | app.main:lifespan:26 - 🚀 Quantitative Trading Platform v1.0.0 启动中...
2026-04-29 23:27:41.902 | INFO     | app.main:lifespan:28 - ✅ 数据库初始化完成
2026-04-29 23:27:41.903 | INFO     | app.main:lifespan:31 - ✅ WebSocket 行情推送已启动
2026-04-29 23:27:51.682 | INFO     | app.main:lifespan:36 - 👋 应用已关闭
2026-04-29 23:27:55.688 | INFO     | app.main:lifespan:26 - 🚀 Quantitative Trading Platform v1.0.0 启动中...
2026-04-29 23:27:55.723 | INFO     | app.main:lifespan:28 - ✅ 数据库初始化完成
2026-04-29 23:27:55.723 | INFO     | app.main:lifespan:31 - ✅ WebSocket 行情推送已启动
2026-04-29 23:28:12.568 | INFO     | app.main:lifespan:26 - 🚀 Quantitative Trading Platform v1.0.0 启动中...
2026-04-29 23:28:12.600 | INFO     | app.main:lifespan:28 - ✅ 数据库初始化完成
2026-04-29 23:28:12.600 | INFO     | app.main:lifespan:31 - ✅ WebSocket 行情推送已启动
2026-04-29 23:28:41.052 | ERROR    | app.main:global_exception_handler:75 - 未捕获异常: can't subtract offset-naive and offset-aware datetimes | 路径: /api/v1/market/klines
2026-04-29 23:28:45.032 | ERROR    | app.main:global_exception_handler:75 - 未捕获异常: can't subtract offset-naive and offset-aware datetimes | 路径: /api/v1/market/klines
2026-04-29 23:32:41.791 | ERROR    | app.main:global_exception_handler:75 - 未捕获异常: can't subtract offset-naive and offset-aware datetimes | 路径: /api/v1/market/klines
2026-04-29 23:32:44.705 | ERROR    | app.main:global_exception_handler:75 - 未捕获异常: can't subtract offset-naive and offset-aware datetimes | 路径: /api/v1/market/klines
2026-04-29 23:32:56.914 | ERROR    | app.main:global_exception_handler:75 - 未捕获异常: can't subtract offset-naive and offset-aware datetimes | 路径: /api/v1/market/klines
2026-04-29 23:33:10.876 | ERROR    | app.main:global_exception_handler:75 - 未捕获异常: can't subtract offset-naive and offset-aware datetimes | 路径: /api/v1/market/klines
2026-04-29 23:35:02.226 | INFO     | app.main:lifespan:36 - 👋 应用已关闭
