2026-05-08 17:05:42.711 | ERROR    | app.main:global_exception_handler:75 - 未捕获异常: 1 validation errors:
  {'type': 'list_type', 'loc': ('response', 'data'), 'msg': 'Input should be a valid list', 'input': <coroutine object get_strategy_templates at 0x7f43280b87a0>, 'url': 'https://errors.pydantic.dev/2.5/v/list_type'}
 | 路径: /api/v1/strategies/templates
2026-05-08 17:05:43.414 | ERROR    | app.main:global_exception_handler:75 - 未捕获异常: type object 'StrategyRunLog' has no attribute 'user_id' | 路径: /api/v1/backtest/history
2026-05-08 17:06:07.381 | ERROR    | app.main:global_exception_handler:75 - 未捕获异常: 1 validation errors:
  {'type': 'list_type', 'loc': ('response', 'data'), 'msg': 'Input should be a valid list', 'input': <coroutine object get_strategy_templates at 0x7f43102e9560>, 'url': 'https://errors.pydantic.dev/2.5/v/list_type'}
 | 路径: /api/v1/strategies/templates
2026-05-08 17:06:07.396 | ERROR    | app.main:global_exception_handler:75 - 未捕获异常: type object 'StrategyRunLog' has no attribute 'user_id' | 路径: /api/v1/backtest/history
2026-05-08 17:08:09.727 | ERROR    | app.main:global_exception_handler:75 - 未捕获异常: 1 validation errors:
  {'type': 'list_type', 'loc': ('response', 'data'), 'msg': 'Input should be a valid list', 'input': <coroutine object get_strategy_templates at 0x7f4327fde680>, 'url': 'https://errors.pydantic.dev/2.5/v/list_type'}
 | 路径: /api/v1/strategies/templates
2026-05-08 17:08:09.743 | ERROR    | app.main:global_exception_handler:75 - 未捕获异常: type object 'StrategyRunLog' has no attribute 'user_id' | 路径: /api/v1/backtest/history
2026-05-08 17:10:20.241 | ERROR    | app.main:global_exception_handler:75 - 未捕获异常: 1 validation errors:
  {'type': 'list_type', 'loc': ('response', 'data'), 'msg': 'Input should be a valid list', 'input': <coroutine object get_strategy_templates at 0x7f4327fe7290>, 'url': 'https://errors.pydantic.dev/2.5/v/list_type'}
 | 路径: /api/v1/strategies/templates
2026-05-08 17:10:20.256 | ERROR    | app.main:global_exception_handler:75 - 未捕获异常: type object 'StrategyRunLog' has no attribute 'user_id' | 路径: /api/v1/backtest/history
2026-05-08 23:09:44.646 | ERROR    | app.main:global_exception_handler:75 - 未捕获异常: 'StrategyCreate' object is not subscriptable | 路径: /api/v1/strategies
2026-05-08 23:09:44.662 | ERROR    | app.main:global_exception_handler:75 - 未捕获异常: 'StrategyCreate' object is not subscriptable | 路径: /api/v1/strategies
2026-05-08 23:09:44.678 | ERROR    | app.main:global_exception_handler:75 - 未捕获异常: 'StrategyCreate' object is not subscriptable | 路径: /api/v1/strategies
2026-05-08 23:09:44.694 | ERROR    | app.main:global_exception_handler:75 - 未捕获异常: 'StrategyCreate' object is not subscriptable | 路径: /api/v1/strategies
2026-05-08 23:09:44.710 | ERROR    | app.main:global_exception_handler:75 - 未捕获异常: 'StrategyCreate' object is not subscriptable | 路径: /api/v1/strategies
2026-05-08 23:10:01.572 | ERROR    | app.main:global_exception_handler:75 - 未捕获异常: 'StrategyCreate' object is not subscriptable | 路径: /api/v1/strategies
2026-05-08 23:10:36.505 | ERROR    | app.main:global_exception_handler:75 - 未捕获异常: 'StrategyCreate' object is not subscriptable | 路径: /api/v1/strategies
2026-05-08 23:10:36.896 | ERROR    | app.main:global_exception_handler:75 - 未捕获异常: No module named '_bz2' | 路径: /api/v1/backtest/run
2026-05-08 23:10:36.938 | ERROR    | app.main:global_exception_handler:75 - 未捕获异常: 'allowed' | 路径: /api/v1/trade/orders
2026-05-08 23:10:36.960 | ERROR    | app.main:global_exception_handler:75 - 未捕获异常: (sqlite3.InterfaceError) Error binding parameter 5 - probably unsupported type.
[SQL: INSERT INTO risk_rules (user_id, name, rule_type, action, is_active, params, symbols, description, created_at, updated_at) VALUES (?, ?, ?, ?, ?, ?, ?, ?, ?, ?)]
[parameters: (1, 'test_rule', 'STOP_LOSS', 'BLOCK', 1, {'ratio': 5}, None, None, '2026-05-08 15:10:36.958115', '2026-05-08 15:10:36.958121')]
(Background on this error at: https://sqlalche.me/e/20/rvf5) | 路径: /api/v1/risk/rules
2026-05-08 23:29:14.479 | ERROR    | app.main:global_exception_handler:75 - 未捕获异常: ['close'] | 路径: /api/v1/backtest/run
2026-05-08 23:29:29.254 | ERROR    | app.main:global_exception_handler:75 - 未捕获异常: ['close'] | 路径: /api/v1/backtest/run
2026-05-08 23:40:43.039 | ERROR    | app.main:global_exception_handler:75 - 未捕获异常: ['close'] | 路径: /api/v1/backtest/run
2026-05-08 23:41:01.229 | ERROR    | app.main:global_exception_handler:75 - 未捕获异常: ['close'] | 路径: /api/v1/backtest/run
2026-05-08 23:43:54.167 | ERROR    | app.main:global_exception_handler:75 - 未捕获异常: int() argument must be a string, a bytes-like object or a number, not 'Timestamp' | 路径: /api/v1/backtest/run
2026-05-08 23:44:34.941 | ERROR    | app.main:global_exception_handler:75 - 未捕获异常: int() argument must be a string, a bytes-like object or a number, not 'Timestamp' | 路径: /api/v1/backtest/run
