2026-04-29 06:01:52.994 | ERROR    | app.main:global_exception_handler:53 - 未捕获异常: Error 61 connecting to localhost:6379. Connection refused. | 路径: /api/v1/market/klines
2026-04-29 06:02:15.033 | ERROR    | app.main:global_exception_handler:53 - 未捕获异常: get_risk_records() got an unexpected keyword argument 'action' | 路径: /api/v1/risk/records
2026-04-29 06:02:15.678 | ERROR    | app.main:global_exception_handler:53 - 未捕获异常: get_risk_records() got an unexpected keyword argument 'action' | 路径: /api/v1/risk/records
2026-04-29 06:02:31.942 | ERROR    | app.main:global_exception_handler:53 - 未捕获异常: Error 61 connecting to localhost:6379. Connection refused. | 路径: /api/v1/market/klines
2026-04-29 06:02:45.612 | ERROR    | app.main:global_exception_handler:53 - 未捕获异常: Error 61 connecting to localhost:6379. Connection refused. | 路径: /api/v1/market/klines
2026-04-29 06:02:50.717 | ERROR    | app.main:global_exception_handler:53 - 未捕获异常: Error 61 connecting to localhost:6379. Connection refused. | 路径: /api/v1/market/klines
2026-04-29 06:04:25.232 | ERROR    | app.main:global_exception_handler:53 - 未捕获异常: Error 61 connecting to localhost:6379. Connection refused. | 路径: /api/v1/market/klines
2026-04-29 06:07:47.551 | ERROR    | app.main:global_exception_handler:53 - 未捕获异常: Error 61 connecting to localhost:6379. Connection refused. | 路径: /api/v1/market/klines
2026-04-29 06:07:52.352 | ERROR    | app.main:global_exception_handler:53 - 未捕获异常: Error 61 connecting to localhost:6379. Connection refused. | 路径: /api/v1/market/klines
2026-04-29 06:07:55.453 | ERROR    | app.main:global_exception_handler:53 - 未捕获异常: Error 61 connecting to localhost:6379. Connection refused. | 路径: /api/v1/market/klines
2026-04-29 06:08:50.498 | ERROR    | app.main:global_exception_handler:53 - 未捕获异常: Error 61 connecting to localhost:6379. Connection refused. | 路径: /api/v1/market/klines
2026-04-29 06:09:39.945 | ERROR    | app.main:global_exception_handler:53 - 未捕获异常: (raised as a result of Query-invoked autoflush; consider using a session.no_autoflush block if this flush is occurring prematurely)
(sqlite3.IntegrityError) NOT NULL constraint failed: kline_data.id
[SQL: INSERT INTO kline_data (symbol, interval, timestamp, open, high, low, close, volume, amount, created_at) VALUES (?, ?, ?, ?, ?, ?, ?, ?, ?, ?)]
[parameters: ('600519.SH', '1d', '2026-01-28 22:09:39.000000', 1680.0, 1709.25, 1669.66, 1699.57, 1011.5607, 1709318.61, '2026-04-28 22:09:39.939949')]
(Background on this error at: https://sqlalche.me/e/20/gkpj) | 路径: /api/v1/market/klines
2026-04-29 06:10:01.387 | ERROR    | app.main:global_exception_handler:53 - 未捕获异常: (raised as a result of Query-invoked autoflush; consider using a session.no_autoflush block if this flush is occurring prematurely)
(sqlite3.IntegrityError) NOT NULL constraint failed: kline_data.id
[SQL: INSERT INTO kline_data (symbol, interval, timestamp, open, high, low, close, volume, amount, created_at) VALUES (?, ?, ?, ?, ?, ?, ?, ?, ?, ?)]
[parameters: ('BTC/USDT', '1d', '2026-01-28 22:10:01.000000', 50000.0, 50896.86, 49399.13, 50606.27, 10331.4327, 519703446.85, '2026-04-28 22:10:01.384253')]
(Background on this error at: https://sqlalche.me/e/20/gkpj) | 路径: /api/v1/market/klines
2026-04-29 06:12:29.405 | ERROR    | app.main:global_exception_handler:53 - 未捕获异常: get_risk_records() got an unexpected keyword argument 'action' | 路径: /api/v1/risk/records
2026-04-29 06:12:34.403 | ERROR    | app.main:global_exception_handler:53 - 未捕获异常: get_risk_records() got an unexpected keyword argument 'action' | 路径: /api/v1/risk/records
2026-04-29 06:13:02.345 | ERROR    | app.main:global_exception_handler:53 - 未捕获异常: get_risk_records() got an unexpected keyword argument 'action' | 路径: /api/v1/risk/records
2026-04-29 06:13:18.466 | ERROR    | app.main:global_exception_handler:53 - 未捕获异常: get_risk_records() got an unexpected keyword argument 'action' | 路径: /api/v1/risk/records
2026-04-29 06:34:50.571 | ERROR    | app.main:global_exception_handler:53 - 未捕获异常: (sqlite3.OperationalError) database is locked
[SQL: SELECT symbol_info.id, symbol_info.symbol, symbol_info.name, symbol_info.exchange, symbol_info.asset_type, symbol_info.price_precision, symbol_info.qty_precision, symbol_info.min_qty, symbol_info.max_qty, symbol_info.tick_size, symbol_info.status, symbol_info.created_at, symbol_info.updated_at 
FROM symbol_info 
WHERE symbol_info.status = ? ORDER BY symbol_info.symbol]
[parameters: ('active',)]
(Background on this error at: https://sqlalche.me/e/20/e3q8) | 路径: /api/v1/market/symbols
2026-04-29 06:34:51.373 | ERROR    | app.main:global_exception_handler:53 - 未捕获异常: (sqlite3.OperationalError) database is locked
[SQL: SELECT symbol_info.id, symbol_info.symbol, symbol_info.name, symbol_info.exchange, symbol_info.asset_type, symbol_info.price_precision, symbol_info.qty_precision, symbol_info.min_qty, symbol_info.max_qty, symbol_info.tick_size, symbol_info.status, symbol_info.created_at, symbol_info.updated_at 
FROM symbol_info 
WHERE symbol_info.status = ? ORDER BY symbol_info.symbol]
[parameters: ('active',)]
(Background on this error at: https://sqlalche.me/e/20/e3q8) | 路径: /api/v1/market/symbols
2026-04-29 06:34:51.858 | ERROR    | app.main:global_exception_handler:53 - 未捕获异常: (sqlite3.OperationalError) database is locked
[SQL: SELECT symbol_info.id, symbol_info.symbol, symbol_info.name, symbol_info.exchange, symbol_info.asset_type, symbol_info.price_precision, symbol_info.qty_precision, symbol_info.min_qty, symbol_info.max_qty, symbol_info.tick_size, symbol_info.status, symbol_info.created_at, symbol_info.updated_at 
FROM symbol_info 
WHERE symbol_info.status = ? ORDER BY symbol_info.symbol]
[parameters: ('active',)]
(Background on this error at: https://sqlalche.me/e/20/e3q8) | 路径: /api/v1/market/symbols
2026-04-29 06:34:52.168 | ERROR    | app.main:global_exception_handler:53 - 未捕获异常: (sqlite3.OperationalError) database is locked
[SQL: SELECT symbol_info.id, symbol_info.symbol, symbol_info.name, symbol_info.exchange, symbol_info.asset_type, symbol_info.price_precision, symbol_info.qty_precision, symbol_info.min_qty, symbol_info.max_qty, symbol_info.tick_size, symbol_info.status, symbol_info.created_at, symbol_info.updated_at 
FROM symbol_info 
WHERE symbol_info.status = ? ORDER BY symbol_info.symbol]
[parameters: ('active',)]
(Background on this error at: https://sqlalche.me/e/20/e3q8) | 路径: /api/v1/market/symbols
2026-04-29 06:34:57.468 | ERROR    | app.main:global_exception_handler:53 - 未捕获异常: (sqlite3.OperationalError) database is locked
[SQL: SELECT symbol_info.id, symbol_info.symbol, symbol_info.name, symbol_info.exchange, symbol_info.asset_type, symbol_info.price_precision, symbol_info.qty_precision, symbol_info.min_qty, symbol_info.max_qty, symbol_info.tick_size, symbol_info.status, symbol_info.created_at, symbol_info.updated_at 
FROM symbol_info 
WHERE symbol_info.status = ? ORDER BY symbol_info.symbol]
[parameters: ('active',)]
(Background on this error at: https://sqlalche.me/e/20/e3q8) | 路径: /api/v1/market/symbols
2026-04-29 06:35:03.061 | ERROR    | app.main:global_exception_handler:53 - 未捕获异常: (sqlite3.OperationalError) database is locked
[SQL: SELECT symbol_info.id, symbol_info.symbol, symbol_info.name, symbol_info.exchange, symbol_info.asset_type, symbol_info.price_precision, symbol_info.qty_precision, symbol_info.min_qty, symbol_info.max_qty, symbol_info.tick_size, symbol_info.status, symbol_info.created_at, symbol_info.updated_at 
FROM symbol_info 
WHERE symbol_info.status = ? ORDER BY symbol_info.symbol]
[parameters: ('active',)]
(Background on this error at: https://sqlalche.me/e/20/e3q8) | 路径: /api/v1/market/symbols
2026-04-29 06:35:03.082 | ERROR    | app.main:global_exception_handler:53 - 未捕获异常: (sqlite3.OperationalError) database is locked
[SQL: SELECT users.id, users.username, users.email, users.hashed_password, users.nickname, users.role, users.is_active, users.is_superuser, users.max_position_ratio, users.max_daily_loss, users.created_at, users.updated_at 
FROM users 
WHERE users.id = ?]
[parameters: (1,)]
(Background on this error at: https://sqlalche.me/e/20/e3q8) | 路径: /api/v1/strategies
2026-04-29 06:35:08.275 | ERROR    | app.main:global_exception_handler:53 - 未捕获异常: (sqlite3.OperationalError) database is locked
[SQL: SELECT symbol_info.id, symbol_info.symbol, symbol_info.name, symbol_info.exchange, symbol_info.asset_type, symbol_info.price_precision, symbol_info.qty_precision, symbol_info.min_qty, symbol_info.max_qty, symbol_info.tick_size, symbol_info.status, symbol_info.created_at, symbol_info.updated_at 
FROM symbol_info 
WHERE symbol_info.status = ? ORDER BY symbol_info.symbol]
[parameters: ('active',)]
(Background on this error at: https://sqlalche.me/e/20/e3q8) | 路径: /api/v1/market/symbols
2026-04-29 06:35:08.294 | ERROR    | app.main:global_exception_handler:53 - 未捕获异常: (sqlite3.OperationalError) database is locked
[SQL: SELECT users.id, users.username, users.email, users.hashed_password, users.nickname, users.role, users.is_active, users.is_superuser, users.max_position_ratio, users.max_daily_loss, users.created_at, users.updated_at 
FROM users 
WHERE users.id = ?]
[parameters: (1,)]
(Background on this error at: https://sqlalche.me/e/20/e3q8) | 路径: /api/v1/strategies
2026-04-29 06:35:13.472 | ERROR    | app.main:global_exception_handler:53 - 未捕获异常: (sqlite3.OperationalError) database is locked
[SQL: SELECT symbol_info.id, symbol_info.symbol, symbol_info.name, symbol_info.exchange, symbol_info.asset_type, symbol_info.price_precision, symbol_info.qty_precision, symbol_info.min_qty, symbol_info.max_qty, symbol_info.tick_size, symbol_info.status, symbol_info.created_at, symbol_info.updated_at 
FROM symbol_info 
WHERE symbol_info.status = ? ORDER BY symbol_info.symbol]
[parameters: ('active',)]
(Background on this error at: https://sqlalche.me/e/20/e3q8) | 路径: /api/v1/market/symbols
2026-04-29 06:35:18.726 | ERROR    | app.main:global_exception_handler:53 - 未捕获异常: (sqlite3.OperationalError) database is locked
[SQL: SELECT symbol_info.id, symbol_info.symbol, symbol_info.name, symbol_info.exchange, symbol_info.asset_type, symbol_info.price_precision, symbol_info.qty_precision, symbol_info.min_qty, symbol_info.max_qty, symbol_info.tick_size, symbol_info.status, symbol_info.created_at, symbol_info.updated_at 
FROM symbol_info 
WHERE symbol_info.status = ? ORDER BY symbol_info.symbol]
[parameters: ('active',)]
(Background on this error at: https://sqlalche.me/e/20/e3q8) | 路径: /api/v1/market/symbols
2026-04-29 06:35:18.753 | ERROR    | app.main:global_exception_handler:53 - 未捕获异常: (sqlite3.OperationalError) database is locked
[SQL: SELECT users.id, users.username, users.email, users.hashed_password, users.nickname, users.role, users.is_active, users.is_superuser, users.max_position_ratio, users.max_daily_loss, users.created_at, users.updated_at 
FROM users 
WHERE users.id = ?]
[parameters: (1,)]
(Background on this error at: https://sqlalche.me/e/20/e3q8) | 路径: /api/v1/market/tickers
2026-04-29 06:36:16.606 | ERROR    | app.main:global_exception_handler:53 - 未捕获异常: (sqlite3.OperationalError) database is locked
[SQL: SELECT symbol_info.id, symbol_info.symbol, symbol_info.name, symbol_info.exchange, symbol_info.asset_type, symbol_info.price_precision, symbol_info.qty_precision, symbol_info.min_qty, symbol_info.max_qty, symbol_info.tick_size, symbol_info.status, symbol_info.created_at, symbol_info.updated_at 
FROM symbol_info 
WHERE symbol_info.status = ? ORDER BY symbol_info.symbol]
[parameters: ('active',)]
(Background on this error at: https://sqlalche.me/e/20/e3q8) | 路径: /api/v1/market/symbols
2026-04-29 06:36:19.215 | ERROR    | app.main:global_exception_handler:53 - 未捕获异常: (sqlite3.OperationalError) database is locked
[SQL: SELECT users.id, users.username, users.email, users.hashed_password, users.nickname, users.role, users.is_active, users.is_superuser, users.max_position_ratio, users.max_daily_loss, users.created_at, users.updated_at 
FROM users 
WHERE users.id = ?]
[parameters: (1,)]
(Background on this error at: https://sqlalche.me/e/20/e3q8) | 路径: /api/v1/strategies
2026-04-29 06:36:21.768 | ERROR    | app.main:global_exception_handler:53 - 未捕获异常: (sqlite3.OperationalError) database is locked
[SQL: SELECT symbol_info.id, symbol_info.symbol, symbol_info.name, symbol_info.exchange, symbol_info.asset_type, symbol_info.price_precision, symbol_info.qty_precision, symbol_info.min_qty, symbol_info.max_qty, symbol_info.tick_size, symbol_info.status, symbol_info.created_at, symbol_info.updated_at 
FROM symbol_info 
WHERE symbol_info.status = ? ORDER BY symbol_info.symbol]
[parameters: ('active',)]
(Background on this error at: https://sqlalche.me/e/20/e3q8) | 路径: /api/v1/market/symbols
2026-04-29 06:36:21.781 | ERROR    | app.main:global_exception_handler:53 - 未捕获异常: (sqlite3.OperationalError) database is locked
[SQL: SELECT users.id, users.username, users.email, users.hashed_password, users.nickname, users.role, users.is_active, users.is_superuser, users.max_position_ratio, users.max_daily_loss, users.created_at, users.updated_at 
FROM users 
WHERE users.id = ?]
[parameters: (1,)]
(Background on this error at: https://sqlalche.me/e/20/e3q8) | 路径: /api/v1/market/tickers
2026-04-29 06:36:26.952 | ERROR    | app.main:global_exception_handler:53 - 未捕获异常: (sqlite3.OperationalError) database is locked
[SQL: SELECT symbol_info.id, symbol_info.symbol, symbol_info.name, symbol_info.exchange, symbol_info.asset_type, symbol_info.price_precision, symbol_info.qty_precision, symbol_info.min_qty, symbol_info.max_qty, symbol_info.tick_size, symbol_info.status, symbol_info.created_at, symbol_info.updated_at 
FROM symbol_info 
WHERE symbol_info.status = ? ORDER BY symbol_info.symbol]
[parameters: ('active',)]
(Background on this error at: https://sqlalche.me/e/20/e3q8) | 路径: /api/v1/market/symbols
2026-04-29 06:36:26.965 | ERROR    | app.main:global_exception_handler:53 - 未捕获异常: (sqlite3.OperationalError) database is locked
[SQL: SELECT users.id, users.username, users.email, users.hashed_password, users.nickname, users.role, users.is_active, users.is_superuser, users.max_position_ratio, users.max_daily_loss, users.created_at, users.updated_at 
FROM users 
WHERE users.id = ?]
[parameters: (1,)]
(Background on this error at: https://sqlalche.me/e/20/e3q8) | 路径: /api/v1/market/tickers
2026-04-29 06:36:33.762 | ERROR    | app.main:global_exception_handler:53 - 未捕获异常: (sqlite3.OperationalError) database is locked
[SQL: SELECT symbol_info.id, symbol_info.symbol, symbol_info.name, symbol_info.exchange, symbol_info.asset_type, symbol_info.price_precision, symbol_info.qty_precision, symbol_info.min_qty, symbol_info.max_qty, symbol_info.tick_size, symbol_info.status, symbol_info.created_at, symbol_info.updated_at 
FROM symbol_info 
WHERE symbol_info.status = ? ORDER BY symbol_info.symbol]
[parameters: ('active',)]
(Background on this error at: https://sqlalche.me/e/20/e3q8) | 路径: /api/v1/market/symbols
2026-04-29 06:36:47.369 | ERROR    | app.main:global_exception_handler:53 - 未捕获异常: (sqlite3.OperationalError) database is locked
[SQL: SELECT users.id, users.username, users.email, users.hashed_password, users.nickname, users.role, users.is_active, users.is_superuser, users.max_position_ratio, users.max_daily_loss, users.created_at, users.updated_at 
FROM users 
WHERE users.id = ?]
[parameters: (1,)]
(Background on this error at: https://sqlalche.me/e/20/e3q8) | 路径: /api/v1/risk/records
2026-04-29 06:36:47.386 | ERROR    | app.main:global_exception_handler:53 - 未捕获异常: (sqlite3.OperationalError) database is locked
[SQL: SELECT users.id, users.username, users.email, users.hashed_password, users.nickname, users.role, users.is_active, users.is_superuser, users.max_position_ratio, users.max_daily_loss, users.created_at, users.updated_at 
FROM users 
WHERE users.id = ?]
[parameters: (1,)]
(Background on this error at: https://sqlalche.me/e/20/e3q8) | 路径: /api/v1/risk/rules
2026-04-29 06:39:33.663 | ERROR    | app.main:global_exception_handler:53 - 未捕获异常: (sqlite3.OperationalError) database is locked
[SQL: SELECT symbol_info.id, symbol_info.symbol, symbol_info.name, symbol_info.exchange, symbol_info.asset_type, symbol_info.price_precision, symbol_info.qty_precision, symbol_info.min_qty, symbol_info.max_qty, symbol_info.tick_size, symbol_info.status, symbol_info.created_at, symbol_info.updated_at 
FROM symbol_info 
WHERE symbol_info.status = ? ORDER BY symbol_info.symbol]
[parameters: ('active',)]
(Background on this error at: https://sqlalche.me/e/20/e3q8) | 路径: /api/v1/market/symbols
2026-04-29 06:39:37.265 | ERROR    | app.main:global_exception_handler:53 - 未捕获异常: (sqlite3.OperationalError) database is locked
[SQL: SELECT users.id, users.username, users.email, users.hashed_password, users.nickname, users.role, users.is_active, users.is_superuser, users.max_position_ratio, users.max_daily_loss, users.created_at, users.updated_at 
FROM users 
WHERE users.id = ?]
[parameters: (1,)]
(Background on this error at: https://sqlalche.me/e/20/e3q8) | 路径: /api/v1/strategies
2026-04-29 06:39:38.891 | ERROR    | app.main:global_exception_handler:53 - 未捕获异常: (sqlite3.OperationalError) database is locked
[SQL: SELECT symbol_info.id, symbol_info.symbol, symbol_info.name, symbol_info.exchange, symbol_info.asset_type, symbol_info.price_precision, symbol_info.qty_precision, symbol_info.min_qty, symbol_info.max_qty, symbol_info.tick_size, symbol_info.status, symbol_info.created_at, symbol_info.updated_at 
FROM symbol_info 
WHERE symbol_info.status = ? ORDER BY symbol_info.symbol]
[parameters: ('active',)]
(Background on this error at: https://sqlalche.me/e/20/e3q8) | 路径: /api/v1/market/symbols
2026-04-29 06:39:38.923 | ERROR    | app.main:global_exception_handler:53 - 未捕获异常: (sqlite3.OperationalError) database is locked
[SQL: SELECT users.id, users.username, users.email, users.hashed_password, users.nickname, users.role, users.is_active, users.is_superuser, users.max_position_ratio, users.max_daily_loss, users.created_at, users.updated_at 
FROM users 
WHERE users.id = ?]
[parameters: (1,)]
(Background on this error at: https://sqlalche.me/e/20/e3q8) | 路径: /api/v1/market/tickers
2026-04-29 06:39:42.466 | ERROR    | app.main:global_exception_handler:53 - 未捕获异常: (sqlite3.OperationalError) database is locked
[SQL: SELECT users.id, users.username, users.email, users.hashed_password, users.nickname, users.role, users.is_active, users.is_superuser, users.max_position_ratio, users.max_daily_loss, users.created_at, users.updated_at 
FROM users 
WHERE users.id = ?]
[parameters: (1,)]
(Background on this error at: https://sqlalche.me/e/20/e3q8) | 路径: /api/v1/strategies
2026-04-29 06:39:43.317 | ERROR    | app.main:global_exception_handler:53 - 未捕获异常: (sqlite3.OperationalError) database is locked
[SQL: SELECT users.id, users.username, users.email, users.hashed_password, users.nickname, users.role, users.is_active, users.is_superuser, users.max_position_ratio, users.max_daily_loss, users.created_at, users.updated_at 
FROM users 
WHERE users.id = ?]
[parameters: (1,)]
(Background on this error at: https://sqlalche.me/e/20/e3q8) | 路径: /api/v1/risk/rules
2026-04-29 06:39:43.342 | ERROR    | app.main:global_exception_handler:53 - 未捕获异常: (sqlite3.OperationalError) database is locked
[SQL: SELECT users.id, users.username, users.email, users.hashed_password, users.nickname, users.role, users.is_active, users.is_superuser, users.max_position_ratio, users.max_daily_loss, users.created_at, users.updated_at 
FROM users 
WHERE users.id = ?]
[parameters: (1,)]
(Background on this error at: https://sqlalche.me/e/20/e3q8) | 路径: /api/v1/risk/records
2026-04-29 06:39:44.139 | ERROR    | app.main:global_exception_handler:53 - 未捕获异常: (sqlite3.OperationalError) database is locked
[SQL: SELECT symbol_info.id, symbol_info.symbol, symbol_info.name, symbol_info.exchange, symbol_info.asset_type, symbol_info.price_precision, symbol_info.qty_precision, symbol_info.min_qty, symbol_info.max_qty, symbol_info.tick_size, symbol_info.status, symbol_info.created_at, symbol_info.updated_at 
FROM symbol_info 
WHERE symbol_info.status = ? ORDER BY symbol_info.symbol]
[parameters: ('active',)]
(Background on this error at: https://sqlalche.me/e/20/e3q8) | 路径: /api/v1/market/symbols
2026-04-29 06:39:47.715 | ERROR    | app.main:global_exception_handler:53 - 未捕获异常: (sqlite3.OperationalError) database is locked
[SQL: SELECT users.id, users.username, users.email, users.hashed_password, users.nickname, users.role, users.is_active, users.is_superuser, users.max_position_ratio, users.max_daily_loss, users.created_at, users.updated_at 
FROM users 
WHERE users.id = ?]
[parameters: (1,)]
(Background on this error at: https://sqlalche.me/e/20/e3q8) | 路径: /api/v1/strategies
2026-04-29 06:39:49.358 | ERROR    | app.main:global_exception_handler:53 - 未捕获异常: (sqlite3.OperationalError) database is locked
[SQL: SELECT symbol_info.id, symbol_info.symbol, symbol_info.name, symbol_info.exchange, symbol_info.asset_type, symbol_info.price_precision, symbol_info.qty_precision, symbol_info.min_qty, symbol_info.max_qty, symbol_info.tick_size, symbol_info.status, symbol_info.created_at, symbol_info.updated_at 
FROM symbol_info 
WHERE symbol_info.status = ? ORDER BY symbol_info.symbol]
[parameters: ('active',)]
(Background on this error at: https://sqlalche.me/e/20/e3q8) | 路径: /api/v1/market/symbols
2026-04-29 06:39:52.933 | ERROR    | app.main:global_exception_handler:53 - 未捕获异常: (sqlite3.OperationalError) database is locked
[SQL: SELECT users.id, users.username, users.email, users.hashed_password, users.nickname, users.role, users.is_active, users.is_superuser, users.max_position_ratio, users.max_daily_loss, users.created_at, users.updated_at 
FROM users 
WHERE users.id = ?]
[parameters: (1,)]
(Background on this error at: https://sqlalche.me/e/20/e3q8) | 路径: /api/v1/strategies
2026-04-29 06:39:54.650 | ERROR    | app.main:global_exception_handler:53 - 未捕获异常: (sqlite3.OperationalError) database is locked
[SQL: SELECT symbol_info.id, symbol_info.symbol, symbol_info.name, symbol_info.exchange, symbol_info.asset_type, symbol_info.price_precision, symbol_info.qty_precision, symbol_info.min_qty, symbol_info.max_qty, symbol_info.tick_size, symbol_info.status, symbol_info.created_at, symbol_info.updated_at 
FROM symbol_info 
WHERE symbol_info.status = ? ORDER BY symbol_info.symbol]
[parameters: ('active',)]
(Background on this error at: https://sqlalche.me/e/20/e3q8) | 路径: /api/v1/market/symbols
2026-04-29 06:39:59.871 | ERROR    | app.main:global_exception_handler:53 - 未捕获异常: (sqlite3.OperationalError) database is locked
[SQL: SELECT symbol_info.id, symbol_info.symbol, symbol_info.name, symbol_info.exchange, symbol_info.asset_type, symbol_info.price_precision, symbol_info.qty_precision, symbol_info.min_qty, symbol_info.max_qty, symbol_info.tick_size, symbol_info.status, symbol_info.created_at, symbol_info.updated_at 
FROM symbol_info 
WHERE symbol_info.status = ? ORDER BY symbol_info.symbol]
[parameters: ('active',)]
(Background on this error at: https://sqlalche.me/e/20/e3q8) | 路径: /api/v1/market/symbols
2026-04-29 06:40:05.024 | ERROR    | app.main:global_exception_handler:53 - 未捕获异常: (sqlite3.OperationalError) database is locked
[SQL: SELECT symbol_info.id, symbol_info.symbol, symbol_info.name, symbol_info.exchange, symbol_info.asset_type, symbol_info.price_precision, symbol_info.qty_precision, symbol_info.min_qty, symbol_info.max_qty, symbol_info.tick_size, symbol_info.status, symbol_info.created_at, symbol_info.updated_at 
FROM symbol_info 
WHERE symbol_info.status = ? ORDER BY symbol_info.symbol]
[parameters: ('active',)]
(Background on this error at: https://sqlalche.me/e/20/e3q8) | 路径: /api/v1/market/symbols
2026-04-29 06:41:14.092 | ERROR    | app.main:global_exception_handler:53 - 未捕获异常: (sqlite3.OperationalError) database is locked
[SQL: SELECT symbol_info.id, symbol_info.symbol, symbol_info.name, symbol_info.exchange, symbol_info.asset_type, symbol_info.price_precision, symbol_info.qty_precision, symbol_info.min_qty, symbol_info.max_qty, symbol_info.tick_size, symbol_info.status, symbol_info.created_at, symbol_info.updated_at 
FROM symbol_info 
WHERE symbol_info.status = ? ORDER BY symbol_info.symbol]
[parameters: ('active',)]
(Background on this error at: https://sqlalche.me/e/20/e3q8) | 路径: /api/v1/market/symbols
2026-04-29 06:41:16.457 | ERROR    | app.main:global_exception_handler:53 - 未捕获异常: (sqlite3.OperationalError) database is locked
[SQL: SELECT users.id, users.username, users.email, users.hashed_password, users.nickname, users.role, users.is_active, users.is_superuser, users.max_position_ratio, users.max_daily_loss, users.created_at, users.updated_at 
FROM users 
WHERE users.id = ?]
[parameters: (1,)]
(Background on this error at: https://sqlalche.me/e/20/e3q8) | 路径: /api/v1/strategies
2026-04-29 06:41:19.318 | ERROR    | app.main:global_exception_handler:53 - 未捕获异常: (sqlite3.OperationalError) database is locked
[SQL: SELECT users.id, users.username, users.email, users.hashed_password, users.nickname, users.role, users.is_active, users.is_superuser, users.max_position_ratio, users.max_daily_loss, users.created_at, users.updated_at 
FROM users 
WHERE users.id = ?]
[parameters: (1,)]
(Background on this error at: https://sqlalche.me/e/20/e3q8) | 路径: /api/v1/market/tickers
2026-04-29 06:41:19.332 | ERROR    | app.main:global_exception_handler:53 - 未捕获异常: (sqlite3.OperationalError) database is locked
[SQL: SELECT symbol_info.id, symbol_info.symbol, symbol_info.name, symbol_info.exchange, symbol_info.asset_type, symbol_info.price_precision, symbol_info.qty_precision, symbol_info.min_qty, symbol_info.max_qty, symbol_info.tick_size, symbol_info.status, symbol_info.created_at, symbol_info.updated_at 
FROM symbol_info 
WHERE symbol_info.status = ? ORDER BY symbol_info.symbol]
[parameters: ('active',)]
(Background on this error at: https://sqlalche.me/e/20/e3q8) | 路径: /api/v1/market/symbols
2026-04-29 06:41:22.873 | ERROR    | app.main:global_exception_handler:53 - 未捕获异常: (sqlite3.OperationalError) database is locked
[SQL: SELECT users.id, users.username, users.email, users.hashed_password, users.nickname, users.role, users.is_active, users.is_superuser, users.max_position_ratio, users.max_daily_loss, users.created_at, users.updated_at 
FROM users 
WHERE users.id = ?]
[parameters: (1,)]
(Background on this error at: https://sqlalche.me/e/20/e3q8) | 路径: /api/v1/strategies
2026-04-29 06:41:24.499 | ERROR    | app.main:global_exception_handler:53 - 未捕获异常: (sqlite3.OperationalError) database is locked
[SQL: SELECT symbol_info.id, symbol_info.symbol, symbol_info.name, symbol_info.exchange, symbol_info.asset_type, symbol_info.price_precision, symbol_info.qty_precision, symbol_info.min_qty, symbol_info.max_qty, symbol_info.tick_size, symbol_info.status, symbol_info.created_at, symbol_info.updated_at 
FROM symbol_info 
WHERE symbol_info.status = ? ORDER BY symbol_info.symbol]
[parameters: ('active',)]
(Background on this error at: https://sqlalche.me/e/20/e3q8) | 路径: /api/v1/market/symbols
2026-04-29 06:41:25.465 | ERROR    | app.main:global_exception_handler:53 - 未捕获异常: (sqlite3.OperationalError) database is locked
[SQL: SELECT users.id, users.username, users.email, users.hashed_password, users.nickname, users.role, users.is_active, users.is_superuser, users.max_position_ratio, users.max_daily_loss, users.created_at, users.updated_at 
FROM users 
WHERE users.id = ?]
[parameters: (1,)]
(Background on this error at: https://sqlalche.me/e/20/e3q8) | 路径: /api/v1/risk/records
2026-04-29 06:41:25.479 | ERROR    | app.main:global_exception_handler:53 - 未捕获异常: (sqlite3.OperationalError) database is locked
[SQL: SELECT users.id, users.username, users.email, users.hashed_password, users.nickname, users.role, users.is_active, users.is_superuser, users.max_position_ratio, users.max_daily_loss, users.created_at, users.updated_at 
FROM users 
WHERE users.id = ?]
[parameters: (1,)]
(Background on this error at: https://sqlalche.me/e/20/e3q8) | 路径: /api/v1/risk/rules
2026-04-29 06:41:29.700 | ERROR    | app.main:global_exception_handler:53 - 未捕获异常: (sqlite3.OperationalError) database is locked
[SQL: SELECT symbol_info.id, symbol_info.symbol, symbol_info.name, symbol_info.exchange, symbol_info.asset_type, symbol_info.price_precision, symbol_info.qty_precision, symbol_info.min_qty, symbol_info.max_qty, symbol_info.tick_size, symbol_info.status, symbol_info.created_at, symbol_info.updated_at 
FROM symbol_info 
WHERE symbol_info.status = ? ORDER BY symbol_info.symbol]
[parameters: ('active',)]
(Background on this error at: https://sqlalche.me/e/20/e3q8) | 路径: /api/v1/market/symbols
2026-04-29 06:47:18.788 | ERROR    | app.main:global_exception_handler:53 - 未捕获异常: (sqlite3.OperationalError) database is locked
[SQL: SELECT symbol_info.id, symbol_info.symbol, symbol_info.name, symbol_info.exchange, symbol_info.asset_type, symbol_info.price_precision, symbol_info.qty_precision, symbol_info.min_qty, symbol_info.max_qty, symbol_info.tick_size, symbol_info.status, symbol_info.created_at, symbol_info.updated_at 
FROM symbol_info 
WHERE symbol_info.status = ? ORDER BY symbol_info.symbol]
[parameters: ('active',)]
(Background on this error at: https://sqlalche.me/e/20/e3q8) | 路径: /api/v1/market/symbols
2026-04-29 06:47:20.335 | ERROR    | app.main:global_exception_handler:53 - 未捕获异常: (sqlite3.OperationalError) database is locked
[SQL: SELECT users.id, users.username, users.email, users.hashed_password, users.nickname, users.role, users.is_active, users.is_superuser, users.max_position_ratio, users.max_daily_loss, users.created_at, users.updated_at 
FROM users 
WHERE users.id = ?]
[parameters: (1,)]
(Background on this error at: https://sqlalche.me/e/20/e3q8) | 路径: /api/v1/strategies
2026-04-29 06:47:24.083 | ERROR    | app.main:global_exception_handler:53 - 未捕获异常: (sqlite3.OperationalError) database is locked
[SQL: SELECT symbol_info.id, symbol_info.symbol, symbol_info.name, symbol_info.exchange, symbol_info.asset_type, symbol_info.price_precision, symbol_info.qty_precision, symbol_info.min_qty, symbol_info.max_qty, symbol_info.tick_size, symbol_info.status, symbol_info.created_at, symbol_info.updated_at 
FROM symbol_info 
WHERE symbol_info.status = ? ORDER BY symbol_info.symbol]
[parameters: ('active',)]
(Background on this error at: https://sqlalche.me/e/20/e3q8) | 路径: /api/v1/market/symbols
2026-04-29 06:47:24.101 | ERROR    | app.main:global_exception_handler:53 - 未捕获异常: (sqlite3.OperationalError) database is locked
[SQL: SELECT users.id, users.username, users.email, users.hashed_password, users.nickname, users.role, users.is_active, users.is_superuser, users.max_position_ratio, users.max_daily_loss, users.created_at, users.updated_at 
FROM users 
WHERE users.id = ?]
[parameters: (1,)]
(Background on this error at: https://sqlalche.me/e/20/e3q8) | 路径: /api/v1/market/tickers
2026-04-29 06:47:25.524 | ERROR    | app.main:global_exception_handler:53 - 未捕获异常: (sqlite3.OperationalError) database is locked
[SQL: SELECT users.id, users.username, users.email, users.hashed_password, users.nickname, users.role, users.is_active, users.is_superuser, users.max_position_ratio, users.max_daily_loss, users.created_at, users.updated_at 
FROM users 
WHERE users.id = ?]
[parameters: (1,)]
(Background on this error at: https://sqlalche.me/e/20/e3q8) | 路径: /api/v1/strategies
2026-04-29 06:47:29.368 | ERROR    | app.main:global_exception_handler:53 - 未捕获异常: (sqlite3.OperationalError) database is locked
[SQL: SELECT symbol_info.id, symbol_info.symbol, symbol_info.name, symbol_info.exchange, symbol_info.asset_type, symbol_info.price_precision, symbol_info.qty_precision, symbol_info.min_qty, symbol_info.max_qty, symbol_info.tick_size, symbol_info.status, symbol_info.created_at, symbol_info.updated_at 
FROM symbol_info 
WHERE symbol_info.status = ? ORDER BY symbol_info.symbol]
[parameters: ('active',)]
(Background on this error at: https://sqlalche.me/e/20/e3q8) | 路径: /api/v1/market/symbols
2026-04-29 06:47:33.747 | ERROR    | app.main:global_exception_handler:53 - 未捕获异常: (sqlite3.OperationalError) database is locked
[SQL: SELECT symbol_info.id, symbol_info.symbol, symbol_info.name, symbol_info.exchange, symbol_info.asset_type, symbol_info.price_precision, symbol_info.qty_precision, symbol_info.min_qty, symbol_info.max_qty, symbol_info.tick_size, symbol_info.status, symbol_info.created_at, symbol_info.updated_at 
FROM symbol_info 
WHERE symbol_info.status = ? ORDER BY symbol_info.symbol]
[parameters: ('active',)]
(Background on this error at: https://sqlalche.me/e/20/e3q8) | 路径: /api/v1/market/symbols
2026-04-29 06:47:37.063 | ERROR    | app.main:global_exception_handler:53 - 未捕获异常: (sqlite3.OperationalError) database is locked
[SQL: SELECT symbol_info.id, symbol_info.symbol, symbol_info.name, symbol_info.exchange, symbol_info.asset_type, symbol_info.price_precision, symbol_info.qty_precision, symbol_info.min_qty, symbol_info.max_qty, symbol_info.tick_size, symbol_info.status, symbol_info.created_at, symbol_info.updated_at 
FROM symbol_info 
WHERE symbol_info.status = ? ORDER BY symbol_info.symbol]
[parameters: ('active',)]
(Background on this error at: https://sqlalche.me/e/20/e3q8) | 路径: /api/v1/market/symbols
2026-04-29 06:47:42.242 | ERROR    | app.main:global_exception_handler:53 - 未捕获异常: (sqlite3.OperationalError) database is locked
[SQL: SELECT users.id, users.username, users.email, users.hashed_password, users.nickname, users.role, users.is_active, users.is_superuser, users.max_position_ratio, users.max_daily_loss, users.created_at, users.updated_at 
FROM users 
WHERE users.id = ?]
[parameters: (1,)]
(Background on this error at: https://sqlalche.me/e/20/e3q8) | 路径: /api/v1/market/tickers
2026-04-29 06:48:33.213 | ERROR    | app.main:global_exception_handler:53 - 未捕获异常: (sqlite3.OperationalError) database is locked
[SQL: SELECT symbol_info.id, symbol_info.symbol, symbol_info.name, symbol_info.exchange, symbol_info.asset_type, symbol_info.price_precision, symbol_info.qty_precision, symbol_info.min_qty, symbol_info.max_qty, symbol_info.tick_size, symbol_info.status, symbol_info.created_at, symbol_info.updated_at 
FROM symbol_info 
WHERE symbol_info.status = ? ORDER BY symbol_info.symbol]
[parameters: ('active',)]
(Background on this error at: https://sqlalche.me/e/20/e3q8) | 路径: /api/v1/market/symbols
2026-04-29 06:48:36.943 | ERROR    | app.main:global_exception_handler:53 - 未捕获异常: (sqlite3.OperationalError) database is locked
[SQL: SELECT users.id, users.username, users.email, users.hashed_password, users.nickname, users.role, users.is_active, users.is_superuser, users.max_position_ratio, users.max_daily_loss, users.created_at, users.updated_at 
FROM users 
WHERE users.id = ?]
[parameters: (1,)]
(Background on this error at: https://sqlalche.me/e/20/e3q8) | 路径: /api/v1/strategies
2026-04-29 06:48:38.355 | ERROR    | app.main:global_exception_handler:53 - 未捕获异常: (sqlite3.OperationalError) database is locked
[SQL: SELECT symbol_info.id, symbol_info.symbol, symbol_info.name, symbol_info.exchange, symbol_info.asset_type, symbol_info.price_precision, symbol_info.qty_precision, symbol_info.min_qty, symbol_info.max_qty, symbol_info.tick_size, symbol_info.status, symbol_info.created_at, symbol_info.updated_at 
FROM symbol_info 
WHERE symbol_info.status = ? ORDER BY symbol_info.symbol]
[parameters: ('active',)]
(Background on this error at: https://sqlalche.me/e/20/e3q8) | 路径: /api/v1/market/symbols
2026-04-29 06:48:38.384 | ERROR    | app.main:global_exception_handler:53 - 未捕获异常: (sqlite3.OperationalError) database is locked
[SQL: SELECT users.id, users.username, users.email, users.hashed_password, users.nickname, users.role, users.is_active, users.is_superuser, users.max_position_ratio, users.max_daily_loss, users.created_at, users.updated_at 
FROM users 
WHERE users.id = ?]
[parameters: (1,)]
(Background on this error at: https://sqlalche.me/e/20/e3q8) | 路径: /api/v1/market/tickers
2026-04-29 06:48:40.702 | ERROR    | app.main:global_exception_handler:53 - 未捕获异常: (sqlite3.OperationalError) database is locked
[SQL: SELECT users.id, users.username, users.email, users.hashed_password, users.nickname, users.role, users.is_active, users.is_superuser, users.max_position_ratio, users.max_daily_loss, users.created_at, users.updated_at 
FROM users 
WHERE users.id = ?]
[parameters: (1,)]
(Background on this error at: https://sqlalche.me/e/20/e3q8) | 路径: /api/v1/risk/rules
2026-04-29 06:48:40.720 | ERROR    | app.main:global_exception_handler:53 - 未捕获异常: (sqlite3.OperationalError) database is locked
[SQL: SELECT users.id, users.username, users.email, users.hashed_password, users.nickname, users.role, users.is_active, users.is_superuser, users.max_position_ratio, users.max_daily_loss, users.created_at, users.updated_at 
FROM users 
WHERE users.id = ?]
[parameters: (1,)]
(Background on this error at: https://sqlalche.me/e/20/e3q8) | 路径: /api/v1/risk/records
2026-04-29 06:48:42.161 | ERROR    | app.main:global_exception_handler:53 - 未捕获异常: (sqlite3.OperationalError) database is locked
[SQL: SELECT users.id, users.username, users.email, users.hashed_password, users.nickname, users.role, users.is_active, users.is_superuser, users.max_position_ratio, users.max_daily_loss, users.created_at, users.updated_at 
FROM users 
WHERE users.id = ?]
[parameters: (1,)]
(Background on this error at: https://sqlalche.me/e/20/e3q8) | 路径: /api/v1/strategies
2026-04-29 06:48:43.562 | ERROR    | app.main:global_exception_handler:53 - 未捕获异常: (sqlite3.OperationalError) database is locked
[SQL: SELECT symbol_info.id, symbol_info.symbol, symbol_info.name, symbol_info.exchange, symbol_info.asset_type, symbol_info.price_precision, symbol_info.qty_precision, symbol_info.min_qty, symbol_info.max_qty, symbol_info.tick_size, symbol_info.status, symbol_info.created_at, symbol_info.updated_at 
FROM symbol_info 
WHERE symbol_info.status = ? ORDER BY symbol_info.symbol]
[parameters: ('active',)]
(Background on this error at: https://sqlalche.me/e/20/e3q8) | 路径: /api/v1/market/symbols
2026-04-29 06:48:43.668 | ERROR    | app.main:global_exception_handler:53 - 未捕获异常: (sqlite3.OperationalError) database is locked
[SQL: SELECT users.id, users.username, users.email, users.hashed_password, users.nickname, users.role, users.is_active, users.is_superuser, users.max_position_ratio, users.max_daily_loss, users.created_at, users.updated_at 
FROM users 
WHERE users.id = ?]
[parameters: (1,)]
(Background on this error at: https://sqlalche.me/e/20/e3q8) | 路径: /api/v1/market/tickers
2026-04-29 06:48:47.377 | ERROR    | app.main:global_exception_handler:53 - 未捕获异常: (sqlite3.OperationalError) database is locked
[SQL: SELECT users.id, users.username, users.email, users.hashed_password, users.nickname, users.role, users.is_active, users.is_superuser, users.max_position_ratio, users.max_daily_loss, users.created_at, users.updated_at 
FROM users 
WHERE users.id = ?]
[parameters: (1,)]
(Background on this error at: https://sqlalche.me/e/20/e3q8) | 路径: /api/v1/strategies
2026-04-29 13:10:01.568 | ERROR    | app.main:global_exception_handler:53 - 未捕获异常: (raised as a result of Query-invoked autoflush; consider using a session.no_autoflush block if this flush is occurring prematurely)
(sqlite3.OperationalError) database is locked
[SQL: UPDATE ticker_data SET last_price=?, bid=?, ask=?, change_24h=?, updated_at=? WHERE ticker_data.id = ?]
[parameters: (48687.81, 48639.12, 48736.5, -0.4, '2026-04-29 05:09:52.957938', 7)]
(Background on this error at: https://sqlalche.me/e/20/e3q8) | 路径: /api/v1/market/tickers
2026-04-29 13:10:11.507 | ERROR    | app.main:global_exception_handler:53 - 未捕获异常: (raised as a result of Query-invoked autoflush; consider using a session.no_autoflush block if this flush is occurring prematurely)
(sqlite3.OperationalError) database is locked
[SQL: UPDATE ticker_data SET last_price=?, bid=?, ask=?, change_24h=?, updated_at=? WHERE ticker_data.id = ?]
[parameters: (48646.76, 48598.11, 48695.41, -0.48, '2026-04-29 05:10:03.079056', 7)]
(Background on this error at: https://sqlalche.me/e/20/e3q8) | 路径: /api/v1/market/tickers
2026-04-29 13:10:14.244 | ERROR    | app.main:global_exception_handler:53 - 未捕获异常: (raised as a result of Query-invoked autoflush; consider using a session.no_autoflush block if this flush is occurring prematurely)
(sqlite3.OperationalError) database is locked
[SQL: UPDATE ticker_data SET last_price=?, bid=?, ask=?, change_24h=?, updated_at=? WHERE ticker_data.id = ?]
[parameters: (48763.48, 48714.72, 48812.24, -0.24, '2026-04-29 05:10:05.779592', 7)]
(Background on this error at: https://sqlalche.me/e/20/e3q8) | 路径: /api/v1/market/tickers
2026-04-29 13:10:15.702 | ERROR    | app.main:global_exception_handler:53 - 未捕获异常: (raised as a result of Query-invoked autoflush; consider using a session.no_autoflush block if this flush is occurring prematurely)
(sqlite3.OperationalError) database is locked
[SQL: UPDATE ticker_data SET last_price=?, bid=?, ask=?, change_24h=?, updated_at=? WHERE ticker_data.id = ?]
[parameters: (49078.59, 49029.51, 49127.67, 0.4, '2026-04-29 05:10:07.164073', 7)]
(Background on this error at: https://sqlalche.me/e/20/e3q8) | 路径: /api/v1/market/tickers
2026-04-29 13:10:35.036 | ERROR    | app.main:global_exception_handler:53 - 未捕获异常: (raised as a result of Query-invoked autoflush; consider using a session.no_autoflush block if this flush is occurring prematurely)
(sqlite3.OperationalError) database is locked
[SQL: UPDATE ticker_data SET last_price=?, bid=?, ask=?, change_24h=?, updated_at=? WHERE ticker_data.id = ?]
[parameters: (48700.35, 48651.65, 48749.05, -0.37, '2026-04-29 05:10:26.024665', 7)]
(Background on this error at: https://sqlalche.me/e/20/e3q8) | 路径: /api/v1/market/tickers
2026-04-29 13:10:44.135 | ERROR    | app.main:global_exception_handler:53 - 未捕获异常: (sqlite3.OperationalError) database is locked
[SQL: SELECT users.id, users.username, users.email, users.hashed_password, users.nickname, users.role, users.is_active, users.is_superuser, users.max_position_ratio, users.max_daily_loss, users.created_at, users.updated_at 
FROM users 
WHERE users.id = ?]
[parameters: (1,)]
(Background on this error at: https://sqlalche.me/e/20/e3q8) | 路径: /api/v1/market/tickers
2026-04-29 13:10:53.419 | ERROR    | app.main:global_exception_handler:53 - 未捕获异常: (sqlite3.OperationalError) database is locked
[SQL: SELECT users.id, users.username, users.email, users.hashed_password, users.nickname, users.role, users.is_active, users.is_superuser, users.max_position_ratio, users.max_daily_loss, users.created_at, users.updated_at 
FROM users 
WHERE users.id = ?]
[parameters: (1,)]
(Background on this error at: https://sqlalche.me/e/20/e3q8) | 路径: /api/v1/market/tickers
2026-04-29 13:11:05.028 | ERROR    | app.main:global_exception_handler:53 - 未捕获异常: (sqlite3.OperationalError) database is locked
[SQL: SELECT users.id, users.username, users.email, users.hashed_password, users.nickname, users.role, users.is_active, users.is_superuser, users.max_position_ratio, users.max_daily_loss, users.created_at, users.updated_at 
FROM users 
WHERE users.id = ?]
[parameters: (1,)]
(Background on this error at: https://sqlalche.me/e/20/e3q8) | 路径: /api/v1/market/tickers
2026-04-29 13:11:14.947 | ERROR    | app.main:global_exception_handler:53 - 未捕获异常: (sqlite3.OperationalError) database is locked
[SQL: SELECT users.id, users.username, users.email, users.hashed_password, users.nickname, users.role, users.is_active, users.is_superuser, users.max_position_ratio, users.max_daily_loss, users.created_at, users.updated_at 
FROM users 
WHERE users.id = ?]
[parameters: (1,)]
(Background on this error at: https://sqlalche.me/e/20/e3q8) | 路径: /api/v1/market/tickers
2026-04-29 13:11:25.027 | ERROR    | app.main:global_exception_handler:53 - 未捕获异常: (sqlite3.OperationalError) database is locked
[SQL: SELECT users.id, users.username, users.email, users.hashed_password, users.nickname, users.role, users.is_active, users.is_superuser, users.max_position_ratio, users.max_daily_loss, users.created_at, users.updated_at 
FROM users 
WHERE users.id = ?]
[parameters: (1,)]
(Background on this error at: https://sqlalche.me/e/20/e3q8) | 路径: /api/v1/market/tickers
2026-04-29 13:11:34.916 | ERROR    | app.main:global_exception_handler:53 - 未捕获异常: (sqlite3.OperationalError) database is locked
[SQL: SELECT users.id, users.username, users.email, users.hashed_password, users.nickname, users.role, users.is_active, users.is_superuser, users.max_position_ratio, users.max_daily_loss, users.created_at, users.updated_at 
FROM users 
WHERE users.id = ?]
[parameters: (1,)]
(Background on this error at: https://sqlalche.me/e/20/e3q8) | 路径: /api/v1/market/tickers
2026-04-29 13:11:43.970 | ERROR    | app.main:global_exception_handler:53 - 未捕获异常: (sqlite3.OperationalError) database is locked
[SQL: SELECT users.id, users.username, users.email, users.hashed_password, users.nickname, users.role, users.is_active, users.is_superuser, users.max_position_ratio, users.max_daily_loss, users.created_at, users.updated_at 
FROM users 
WHERE users.id = ?]
[parameters: (1,)]
(Background on this error at: https://sqlalche.me/e/20/e3q8) | 路径: /api/v1/market/tickers
2026-04-29 13:11:53.006 | ERROR    | app.main:global_exception_handler:53 - 未捕获异常: (sqlite3.OperationalError) database is locked
[SQL: SELECT users.id, users.username, users.email, users.hashed_password, users.nickname, users.role, users.is_active, users.is_superuser, users.max_position_ratio, users.max_daily_loss, users.created_at, users.updated_at 
FROM users 
WHERE users.id = ?]
[parameters: (1,)]
(Background on this error at: https://sqlalche.me/e/20/e3q8) | 路径: /api/v1/market/tickers
2026-04-29 13:12:41.942 | ERROR    | app.main:global_exception_handler:53 - 未捕获异常: (sqlite3.OperationalError) database is locked
[SQL: SELECT users.id, users.username, users.email, users.hashed_password, users.nickname, users.role, users.is_active, users.is_superuser, users.max_position_ratio, users.max_daily_loss, users.created_at, users.updated_at 
FROM users 
WHERE users.id = ?]
[parameters: (1,)]
(Background on this error at: https://sqlalche.me/e/20/e3q8) | 路径: /api/v1/market/tickers
2026-04-29 13:12:50.789 | ERROR    | app.main:global_exception_handler:53 - 未捕获异常: (sqlite3.OperationalError) database is locked
[SQL: SELECT users.id, users.username, users.email, users.hashed_password, users.nickname, users.role, users.is_active, users.is_superuser, users.max_position_ratio, users.max_daily_loss, users.created_at, users.updated_at 
FROM users 
WHERE users.id = ?]
[parameters: (1,)]
(Background on this error at: https://sqlalche.me/e/20/e3q8) | 路径: /api/v1/market/tickers
2026-04-29 13:13:41.976 | ERROR    | app.main:global_exception_handler:53 - 未捕获异常: (sqlite3.OperationalError) database is locked
[SQL: SELECT users.id, users.username, users.email, users.hashed_password, users.nickname, users.role, users.is_active, users.is_superuser, users.max_position_ratio, users.max_daily_loss, users.created_at, users.updated_at 
FROM users 
WHERE users.id = ?]
[parameters: (1,)]
(Background on this error at: https://sqlalche.me/e/20/e3q8) | 路径: /api/v1/market/tickers
2026-04-29 13:13:50.991 | ERROR    | app.main:global_exception_handler:53 - 未捕获异常: (sqlite3.OperationalError) database is locked
[SQL: SELECT users.id, users.username, users.email, users.hashed_password, users.nickname, users.role, users.is_active, users.is_superuser, users.max_position_ratio, users.max_daily_loss, users.created_at, users.updated_at 
FROM users 
WHERE users.id = ?]
[parameters: (1,)]
(Background on this error at: https://sqlalche.me/e/20/e3q8) | 路径: /api/v1/market/tickers
2026-04-29 13:14:42.041 | ERROR    | app.main:global_exception_handler:53 - 未捕获异常: (sqlite3.OperationalError) database is locked
[SQL: SELECT users.id, users.username, users.email, users.hashed_password, users.nickname, users.role, users.is_active, users.is_superuser, users.max_position_ratio, users.max_daily_loss, users.created_at, users.updated_at 
FROM users 
WHERE users.id = ?]
[parameters: (1,)]
(Background on this error at: https://sqlalche.me/e/20/e3q8) | 路径: /api/v1/market/tickers
2026-04-29 13:14:50.865 | ERROR    | app.main:global_exception_handler:53 - 未捕获异常: (sqlite3.OperationalError) database is locked
[SQL: SELECT users.id, users.username, users.email, users.hashed_password, users.nickname, users.role, users.is_active, users.is_superuser, users.max_position_ratio, users.max_daily_loss, users.created_at, users.updated_at 
FROM users 
WHERE users.id = ?]
[parameters: (1,)]
(Background on this error at: https://sqlalche.me/e/20/e3q8) | 路径: /api/v1/market/tickers
2026-04-29 13:15:41.986 | ERROR    | app.main:global_exception_handler:53 - 未捕获异常: (sqlite3.OperationalError) database is locked
[SQL: SELECT users.id, users.username, users.email, users.hashed_password, users.nickname, users.role, users.is_active, users.is_superuser, users.max_position_ratio, users.max_daily_loss, users.created_at, users.updated_at 
FROM users 
WHERE users.id = ?]
[parameters: (1,)]
(Background on this error at: https://sqlalche.me/e/20/e3q8) | 路径: /api/v1/market/tickers
2026-04-29 13:15:51.035 | ERROR    | app.main:global_exception_handler:53 - 未捕获异常: (sqlite3.OperationalError) database is locked
[SQL: SELECT users.id, users.username, users.email, users.hashed_password, users.nickname, users.role, users.is_active, users.is_superuser, users.max_position_ratio, users.max_daily_loss, users.created_at, users.updated_at 
FROM users 
WHERE users.id = ?]
[parameters: (1,)]
(Background on this error at: https://sqlalche.me/e/20/e3q8) | 路径: /api/v1/market/tickers
2026-04-29 13:16:46.290 | ERROR    | app.main:global_exception_handler:53 - 未捕获异常: (sqlite3.OperationalError) database is locked
[SQL: SELECT users.id, users.username, users.email, users.hashed_password, users.nickname, users.role, users.is_active, users.is_superuser, users.max_position_ratio, users.max_daily_loss, users.created_at, users.updated_at 
FROM users 
WHERE users.id = ?]
[parameters: (1,)]
(Background on this error at: https://sqlalche.me/e/20/e3q8) | 路径: /api/v1/market/tickers
2026-04-29 13:16:58.498 | ERROR    | app.main:global_exception_handler:53 - 未捕获异常: (sqlite3.OperationalError) database is locked
[SQL: SELECT users.id, users.username, users.email, users.hashed_password, users.nickname, users.role, users.is_active, users.is_superuser, users.max_position_ratio, users.max_daily_loss, users.created_at, users.updated_at 
FROM users 
WHERE users.id = ?]
[parameters: (1,)]
(Background on this error at: https://sqlalche.me/e/20/e3q8) | 路径: /api/v1/market/tickers
2026-04-29 13:17:46.336 | ERROR    | app.main:global_exception_handler:53 - 未捕获异常: (sqlite3.OperationalError) database is locked
[SQL: SELECT users.id, users.username, users.email, users.hashed_password, users.nickname, users.role, users.is_active, users.is_superuser, users.max_position_ratio, users.max_daily_loss, users.created_at, users.updated_at 
FROM users 
WHERE users.id = ?]
[parameters: (1,)]
(Background on this error at: https://sqlalche.me/e/20/e3q8) | 路径: /api/v1/market/tickers
2026-04-29 13:17:59.340 | ERROR    | app.main:global_exception_handler:53 - 未捕获异常: (sqlite3.OperationalError) database is locked
[SQL: SELECT users.id, users.username, users.email, users.hashed_password, users.nickname, users.role, users.is_active, users.is_superuser, users.max_position_ratio, users.max_daily_loss, users.created_at, users.updated_at 
FROM users 
WHERE users.id = ?]
[parameters: (1,)]
(Background on this error at: https://sqlalche.me/e/20/e3q8) | 路径: /api/v1/market/tickers
2026-04-29 13:18:46.215 | ERROR    | app.main:global_exception_handler:53 - 未捕获异常: (sqlite3.OperationalError) database is locked
[SQL: SELECT users.id, users.username, users.email, users.hashed_password, users.nickname, users.role, users.is_active, users.is_superuser, users.max_position_ratio, users.max_daily_loss, users.created_at, users.updated_at 
FROM users 
WHERE users.id = ?]
[parameters: (1,)]
(Background on this error at: https://sqlalche.me/e/20/e3q8) | 路径: /api/v1/market/tickers
2026-04-29 13:18:55.538 | ERROR    | app.main:global_exception_handler:53 - 未捕获异常: (sqlite3.OperationalError) database is locked
[SQL: SELECT users.id, users.username, users.email, users.hashed_password, users.nickname, users.role, users.is_active, users.is_superuser, users.max_position_ratio, users.max_daily_loss, users.created_at, users.updated_at 
FROM users 
WHERE users.id = ?]
[parameters: (1,)]
(Background on this error at: https://sqlalche.me/e/20/e3q8) | 路径: /api/v1/market/tickers
2026-04-29 23:01:20.575 | ERROR    | app.main:global_exception_handler:75 - 未捕获异常: (sqlite3.OperationalError) no such column: strategies.schedule_config
[SQL: SELECT strategies.id, strategies.user_id, strategies.name, strategies.type, strategies.description, strategies.status, strategies.params, strategies.is_custom_code, strategies.custom_code, strategies.initial_capital, strategies.max_position_ratio, strategies.symbols, strategies.intervals, strategies.schedule_config, strategies.created_at, strategies.updated_at 
FROM strategies 
WHERE strategies.user_id = ? ORDER BY strategies.created_at DESC
 LIMIT ? OFFSET ?]
[parameters: (1, 100, 0)]
(Background on this error at: https://sqlalche.me/e/20/e3q8) | 路径: /api/v1/strategies
2026-04-29 23:01:20.653 | ERROR    | app.main:global_exception_handler:75 - 未捕获异常: (sqlite3.OperationalError) no such column: strategies.schedule_config
[SQL: SELECT strategies.id, strategies.user_id, strategies.name, strategies.type, strategies.description, strategies.status, strategies.params, strategies.is_custom_code, strategies.custom_code, strategies.initial_capital, strategies.max_position_ratio, strategies.symbols, strategies.intervals, strategies.schedule_config, strategies.created_at, strategies.updated_at 
FROM strategies 
WHERE strategies.user_id = ? ORDER BY strategies.created_at DESC
 LIMIT ? OFFSET ?]
[parameters: (1, 100, 0)]
(Background on this error at: https://sqlalche.me/e/20/e3q8) | 路径: /api/v1/strategies
2026-04-29 23:08:14.968 | ERROR    | app.main:global_exception_handler:75 - 未捕获异常: (sqlite3.OperationalError) no such column: strategies.schedule_config
[SQL: SELECT strategies.id, strategies.user_id, strategies.name, strategies.type, strategies.description, strategies.status, strategies.params, strategies.is_custom_code, strategies.custom_code, strategies.initial_capital, strategies.max_position_ratio, strategies.symbols, strategies.intervals, strategies.schedule_config, strategies.created_at, strategies.updated_at 
FROM strategies 
WHERE strategies.user_id = ? ORDER BY strategies.created_at DESC
 LIMIT ? OFFSET ?]
[parameters: (1, 100, 0)]
(Background on this error at: https://sqlalche.me/e/20/e3q8) | 路径: /api/v1/strategies
2026-04-29 23:08:23.244 | ERROR    | app.main:global_exception_handler:75 - 未捕获异常: (sqlite3.OperationalError) no such column: strategies.schedule_config
[SQL: SELECT strategies.id, strategies.user_id, strategies.name, strategies.type, strategies.description, strategies.status, strategies.params, strategies.is_custom_code, strategies.custom_code, strategies.initial_capital, strategies.max_position_ratio, strategies.symbols, strategies.intervals, strategies.schedule_config, strategies.created_at, strategies.updated_at 
FROM strategies 
WHERE strategies.user_id = ? ORDER BY strategies.created_at DESC
 LIMIT ? OFFSET ?]
[parameters: (1, 100, 0)]
(Background on this error at: https://sqlalche.me/e/20/e3q8) | 路径: /api/v1/strategies
2026-04-29 23:09:05.735 | ERROR    | app.main:global_exception_handler:75 - 未捕获异常: (sqlite3.OperationalError) no such column: strategies.schedule_config
[SQL: SELECT strategies.id, strategies.user_id, strategies.name, strategies.type, strategies.description, strategies.status, strategies.params, strategies.is_custom_code, strategies.custom_code, strategies.initial_capital, strategies.max_position_ratio, strategies.symbols, strategies.intervals, strategies.schedule_config, strategies.created_at, strategies.updated_at 
FROM strategies 
WHERE strategies.user_id = ? ORDER BY strategies.created_at DESC
 LIMIT ? OFFSET ?]
[parameters: (1, 100, 0)]
(Background on this error at: https://sqlalche.me/e/20/e3q8) | 路径: /api/v1/strategies
2026-04-29 23:09:12.414 | ERROR    | app.main:global_exception_handler:75 - 未捕获异常: (sqlite3.OperationalError) no such column: strategies.schedule_config
[SQL: SELECT strategies.id, strategies.user_id, strategies.name, strategies.type, strategies.description, strategies.status, strategies.params, strategies.is_custom_code, strategies.custom_code, strategies.initial_capital, strategies.max_position_ratio, strategies.symbols, strategies.intervals, strategies.schedule_config, strategies.created_at, strategies.updated_at 
FROM strategies 
WHERE strategies.user_id = ? ORDER BY strategies.created_at DESC
 LIMIT ? OFFSET ?]
[parameters: (1, 100, 0)]
(Background on this error at: https://sqlalche.me/e/20/e3q8) | 路径: /api/v1/strategies
2026-04-29 23:26:43.654 | ERROR    | app.main:global_exception_handler:75 - 未捕获异常: can't subtract offset-naive and offset-aware datetimes | 路径: /api/v1/market/klines
2026-04-29 23:28:41.052 | ERROR    | app.main:global_exception_handler:75 - 未捕获异常: can't subtract offset-naive and offset-aware datetimes | 路径: /api/v1/market/klines
2026-04-29 23:28:45.032 | ERROR    | app.main:global_exception_handler:75 - 未捕获异常: can't subtract offset-naive and offset-aware datetimes | 路径: /api/v1/market/klines
2026-04-29 23:32:41.791 | ERROR    | app.main:global_exception_handler:75 - 未捕获异常: can't subtract offset-naive and offset-aware datetimes | 路径: /api/v1/market/klines
2026-04-29 23:32:44.705 | ERROR    | app.main:global_exception_handler:75 - 未捕获异常: can't subtract offset-naive and offset-aware datetimes | 路径: /api/v1/market/klines
2026-04-29 23:32:56.914 | ERROR    | app.main:global_exception_handler:75 - 未捕获异常: can't subtract offset-naive and offset-aware datetimes | 路径: /api/v1/market/klines
2026-04-29 23:33:10.876 | ERROR    | app.main:global_exception_handler:75 - 未捕获异常: can't subtract offset-naive and offset-aware datetimes | 路径: /api/v1/market/klines
