2026-05-10 13:13:18.074 | ERROR    | app.main:global_exception_handler:76 - 未捕获异常: 12 validation errors:
  {'type': 'int_type', 'loc': ('response', 'data', 16, 'price_precision'), 'msg': 'Input should be a valid integer', 'input': None}
  {'type': 'int_type', 'loc': ('response', 'data', 16, 'qty_precision'), 'msg': 'Input should be a valid integer', 'input': None}
  {'type': 'float_type', 'loc': ('response', 'data', 16, 'min_qty'), 'msg': 'Input should be a valid number', 'input': None}
  {'type': 'float_type', 'loc': ('response', 'data', 16, 'tick_size'), 'msg': 'Input should be a valid number', 'input': None}
  {'type': 'int_type', 'loc': ('response', 'data', 23, 'price_precision'), 'msg': 'Input should be a valid integer', 'input': None}
  {'type': 'int_type', 'loc': ('response', 'data', 23, 'qty_precision'), 'msg': 'Input should be a valid integer', 'input': None}
  {'type': 'float_type', 'loc': ('response', 'data', 23, 'min_qty'), 'msg': 'Input should be a valid number', 'input': None}
  {'type': 'float_type', 'loc': ('response', 'data', 23, 'tick_size'), 'msg': 'Input should be a valid number', 'input': None}
  {'type': 'int_type', 'loc': ('response', 'data', 25, 'price_precision'), 'msg': 'Input should be a valid integer', 'input': None}
  {'type': 'int_type', 'loc': ('response', 'data', 25, 'qty_precision'), 'msg': 'Input should be a valid integer', 'input': None}
  {'type': 'float_type', 'loc': ('response', 'data', 25, 'min_qty'), 'msg': 'Input should be a valid number', 'input': None}
  {'type': 'float_type', 'loc': ('response', 'data', 25, 'tick_size'), 'msg': 'Input should be a valid number', 'input': None}

  File "/root/workspace/stock/backend/app/api/v1/endpoints/market.py", line 206, in symbols
    GET /api/v1/market/symbols | 路径: /api/v1/market/symbols
2026-05-10 13:13:19.780 | ERROR    | app.main:global_exception_handler:76 - 未捕获异常: 12 validation errors:
  {'type': 'int_type', 'loc': ('response', 'data', 16, 'price_precision'), 'msg': 'Input should be a valid integer', 'input': None}
  {'type': 'int_type', 'loc': ('response', 'data', 16, 'qty_precision'), 'msg': 'Input should be a valid integer', 'input': None}
  {'type': 'float_type', 'loc': ('response', 'data', 16, 'min_qty'), 'msg': 'Input should be a valid number', 'input': None}
  {'type': 'float_type', 'loc': ('response', 'data', 16, 'tick_size'), 'msg': 'Input should be a valid number', 'input': None}
  {'type': 'int_type', 'loc': ('response', 'data', 23, 'price_precision'), 'msg': 'Input should be a valid integer', 'input': None}
  {'type': 'int_type', 'loc': ('response', 'data', 23, 'qty_precision'), 'msg': 'Input should be a valid integer', 'input': None}
  {'type': 'float_type', 'loc': ('response', 'data', 23, 'min_qty'), 'msg': 'Input should be a valid number', 'input': None}
  {'type': 'float_type', 'loc': ('response', 'data', 23, 'tick_size'), 'msg': 'Input should be a valid number', 'input': None}
  {'type': 'int_type', 'loc': ('response', 'data', 25, 'price_precision'), 'msg': 'Input should be a valid integer', 'input': None}
  {'type': 'int_type', 'loc': ('response', 'data', 25, 'qty_precision'), 'msg': 'Input should be a valid integer', 'input': None}
  {'type': 'float_type', 'loc': ('response', 'data', 25, 'min_qty'), 'msg': 'Input should be a valid number', 'input': None}
  {'type': 'float_type', 'loc': ('response', 'data', 25, 'tick_size'), 'msg': 'Input should be a valid number', 'input': None}

  File "/root/workspace/stock/backend/app/api/v1/endpoints/market.py", line 206, in symbols
    GET /api/v1/market/symbols | 路径: /api/v1/market/symbols
2026-05-10 13:16:46.843 | ERROR    | app.main:global_exception_handler:76 - 未捕获异常: 12 validation errors:
  {'type': 'int_type', 'loc': ('response', 'data', 16, 'price_precision'), 'msg': 'Input should be a valid integer', 'input': None}
  {'type': 'int_type', 'loc': ('response', 'data', 16, 'qty_precision'), 'msg': 'Input should be a valid integer', 'input': None}
  {'type': 'float_type', 'loc': ('response', 'data', 16, 'min_qty'), 'msg': 'Input should be a valid number', 'input': None}
  {'type': 'float_type', 'loc': ('response', 'data', 16, 'tick_size'), 'msg': 'Input should be a valid number', 'input': None}
  {'type': 'int_type', 'loc': ('response', 'data', 23, 'price_precision'), 'msg': 'Input should be a valid integer', 'input': None}
  {'type': 'int_type', 'loc': ('response', 'data', 23, 'qty_precision'), 'msg': 'Input should be a valid integer', 'input': None}
  {'type': 'float_type', 'loc': ('response', 'data', 23, 'min_qty'), 'msg': 'Input should be a valid number', 'input': None}
  {'type': 'float_type', 'loc': ('response', 'data', 23, 'tick_size'), 'msg': 'Input should be a valid number', 'input': None}
  {'type': 'int_type', 'loc': ('response', 'data', 25, 'price_precision'), 'msg': 'Input should be a valid integer', 'input': None}
  {'type': 'int_type', 'loc': ('response', 'data', 25, 'qty_precision'), 'msg': 'Input should be a valid integer', 'input': None}
  {'type': 'float_type', 'loc': ('response', 'data', 25, 'min_qty'), 'msg': 'Input should be a valid number', 'input': None}
  {'type': 'float_type', 'loc': ('response', 'data', 25, 'tick_size'), 'msg': 'Input should be a valid number', 'input': None}

  File "/root/workspace/stock/backend/app/api/v1/endpoints/market.py", line 206, in symbols
    GET /api/v1/market/symbols | 路径: /api/v1/market/symbols
2026-05-10 13:21:18.196 | ERROR    | app.main:global_exception_handler:76 - 未捕获异常: 12 validation errors:
  {'type': 'int_type', 'loc': ('response', 'data', 16, 'price_precision'), 'msg': 'Input should be a valid integer', 'input': None}
  {'type': 'int_type', 'loc': ('response', 'data', 16, 'qty_precision'), 'msg': 'Input should be a valid integer', 'input': None}
  {'type': 'float_type', 'loc': ('response', 'data', 16, 'min_qty'), 'msg': 'Input should be a valid number', 'input': None}
  {'type': 'float_type', 'loc': ('response', 'data', 16, 'tick_size'), 'msg': 'Input should be a valid number', 'input': None}
  {'type': 'int_type', 'loc': ('response', 'data', 23, 'price_precision'), 'msg': 'Input should be a valid integer', 'input': None}
  {'type': 'int_type', 'loc': ('response', 'data', 23, 'qty_precision'), 'msg': 'Input should be a valid integer', 'input': None}
  {'type': 'float_type', 'loc': ('response', 'data', 23, 'min_qty'), 'msg': 'Input should be a valid number', 'input': None}
  {'type': 'float_type', 'loc': ('response', 'data', 23, 'tick_size'), 'msg': 'Input should be a valid number', 'input': None}
  {'type': 'int_type', 'loc': ('response', 'data', 25, 'price_precision'), 'msg': 'Input should be a valid integer', 'input': None}
  {'type': 'int_type', 'loc': ('response', 'data', 25, 'qty_precision'), 'msg': 'Input should be a valid integer', 'input': None}
  {'type': 'float_type', 'loc': ('response', 'data', 25, 'min_qty'), 'msg': 'Input should be a valid number', 'input': None}
  {'type': 'float_type', 'loc': ('response', 'data', 25, 'tick_size'), 'msg': 'Input should be a valid number', 'input': None}

  File "/root/workspace/stock/backend/app/api/v1/endpoints/market.py", line 206, in symbols
    GET /api/v1/market/symbols | 路径: /api/v1/market/symbols
2026-05-10 13:27:18.908 | ERROR    | app.main:global_exception_handler:76 - 未捕获异常: 12 validation errors:
  {'type': 'int_type', 'loc': ('response', 'data', 16, 'price_precision'), 'msg': 'Input should be a valid integer', 'input': None}
  {'type': 'int_type', 'loc': ('response', 'data', 16, 'qty_precision'), 'msg': 'Input should be a valid integer', 'input': None}
  {'type': 'float_type', 'loc': ('response', 'data', 16, 'min_qty'), 'msg': 'Input should be a valid number', 'input': None}
  {'type': 'float_type', 'loc': ('response', 'data', 16, 'tick_size'), 'msg': 'Input should be a valid number', 'input': None}
  {'type': 'int_type', 'loc': ('response', 'data', 23, 'price_precision'), 'msg': 'Input should be a valid integer', 'input': None}
  {'type': 'int_type', 'loc': ('response', 'data', 23, 'qty_precision'), 'msg': 'Input should be a valid integer', 'input': None}
  {'type': 'float_type', 'loc': ('response', 'data', 23, 'min_qty'), 'msg': 'Input should be a valid number', 'input': None}
  {'type': 'float_type', 'loc': ('response', 'data', 23, 'tick_size'), 'msg': 'Input should be a valid number', 'input': None}
  {'type': 'int_type', 'loc': ('response', 'data', 25, 'price_precision'), 'msg': 'Input should be a valid integer', 'input': None}
  {'type': 'int_type', 'loc': ('response', 'data', 25, 'qty_precision'), 'msg': 'Input should be a valid integer', 'input': None}
  {'type': 'float_type', 'loc': ('response', 'data', 25, 'min_qty'), 'msg': 'Input should be a valid number', 'input': None}
  {'type': 'float_type', 'loc': ('response', 'data', 25, 'tick_size'), 'msg': 'Input should be a valid number', 'input': None}

  File "/root/workspace/stock/backend/app/api/v1/endpoints/market.py", line 206, in symbols
    GET /api/v1/market/symbols | 路径: /api/v1/market/symbols
2026-05-10 13:34:42.617 | ERROR    | app.main:global_exception_handler:76 - 未捕获异常: 12 validation errors:
  {'type': 'int_type', 'loc': ('response', 'data', 16, 'price_precision'), 'msg': 'Input should be a valid integer', 'input': None}
  {'type': 'int_type', 'loc': ('response', 'data', 16, 'qty_precision'), 'msg': 'Input should be a valid integer', 'input': None}
  {'type': 'float_type', 'loc': ('response', 'data', 16, 'min_qty'), 'msg': 'Input should be a valid number', 'input': None}
  {'type': 'float_type', 'loc': ('response', 'data', 16, 'tick_size'), 'msg': 'Input should be a valid number', 'input': None}
  {'type': 'int_type', 'loc': ('response', 'data', 23, 'price_precision'), 'msg': 'Input should be a valid integer', 'input': None}
  {'type': 'int_type', 'loc': ('response', 'data', 23, 'qty_precision'), 'msg': 'Input should be a valid integer', 'input': None}
  {'type': 'float_type', 'loc': ('response', 'data', 23, 'min_qty'), 'msg': 'Input should be a valid number', 'input': None}
  {'type': 'float_type', 'loc': ('response', 'data', 23, 'tick_size'), 'msg': 'Input should be a valid number', 'input': None}
  {'type': 'int_type', 'loc': ('response', 'data', 25, 'price_precision'), 'msg': 'Input should be a valid integer', 'input': None}
  {'type': 'int_type', 'loc': ('response', 'data', 25, 'qty_precision'), 'msg': 'Input should be a valid integer', 'input': None}
  {'type': 'float_type', 'loc': ('response', 'data', 25, 'min_qty'), 'msg': 'Input should be a valid number', 'input': None}
  {'type': 'float_type', 'loc': ('response', 'data', 25, 'tick_size'), 'msg': 'Input should be a valid number', 'input': None}

  File "/root/workspace/stock/backend/app/api/v1/endpoints/market.py", line 206, in symbols
    GET /api/v1/market/symbols | 路径: /api/v1/market/symbols
2026-05-10 13:36:12.571 | ERROR    | app.main:global_exception_handler:76 - 未捕获异常: 12 validation errors:
  {'type': 'int_type', 'loc': ('response', 'data', 16, 'price_precision'), 'msg': 'Input should be a valid integer', 'input': None}
  {'type': 'int_type', 'loc': ('response', 'data', 16, 'qty_precision'), 'msg': 'Input should be a valid integer', 'input': None}
  {'type': 'float_type', 'loc': ('response', 'data', 16, 'min_qty'), 'msg': 'Input should be a valid number', 'input': None}
  {'type': 'float_type', 'loc': ('response', 'data', 16, 'tick_size'), 'msg': 'Input should be a valid number', 'input': None}
  {'type': 'int_type', 'loc': ('response', 'data', 23, 'price_precision'), 'msg': 'Input should be a valid integer', 'input': None}
  {'type': 'int_type', 'loc': ('response', 'data', 23, 'qty_precision'), 'msg': 'Input should be a valid integer', 'input': None}
  {'type': 'float_type', 'loc': ('response', 'data', 23, 'min_qty'), 'msg': 'Input should be a valid number', 'input': None}
  {'type': 'float_type', 'loc': ('response', 'data', 23, 'tick_size'), 'msg': 'Input should be a valid number', 'input': None}
  {'type': 'int_type', 'loc': ('response', 'data', 25, 'price_precision'), 'msg': 'Input should be a valid integer', 'input': None}
  {'type': 'int_type', 'loc': ('response', 'data', 25, 'qty_precision'), 'msg': 'Input should be a valid integer', 'input': None}
  {'type': 'float_type', 'loc': ('response', 'data', 25, 'min_qty'), 'msg': 'Input should be a valid number', 'input': None}
  {'type': 'float_type', 'loc': ('response', 'data', 25, 'tick_size'), 'msg': 'Input should be a valid number', 'input': None}

  File "/root/workspace/stock/backend/app/api/v1/endpoints/market.py", line 206, in symbols
    GET /api/v1/market/symbols | 路径: /api/v1/market/symbols
2026-05-10 13:43:14.123 | ERROR    | app.main:global_exception_handler:76 - 未捕获异常: 12 validation errors:
  {'type': 'int_type', 'loc': ('response', 'data', 16, 'price_precision'), 'msg': 'Input should be a valid integer', 'input': None}
  {'type': 'int_type', 'loc': ('response', 'data', 16, 'qty_precision'), 'msg': 'Input should be a valid integer', 'input': None}
  {'type': 'float_type', 'loc': ('response', 'data', 16, 'min_qty'), 'msg': 'Input should be a valid number', 'input': None}
  {'type': 'float_type', 'loc': ('response', 'data', 16, 'tick_size'), 'msg': 'Input should be a valid number', 'input': None}
  {'type': 'int_type', 'loc': ('response', 'data', 23, 'price_precision'), 'msg': 'Input should be a valid integer', 'input': None}
  {'type': 'int_type', 'loc': ('response', 'data', 23, 'qty_precision'), 'msg': 'Input should be a valid integer', 'input': None}
  {'type': 'float_type', 'loc': ('response', 'data', 23, 'min_qty'), 'msg': 'Input should be a valid number', 'input': None}
  {'type': 'float_type', 'loc': ('response', 'data', 23, 'tick_size'), 'msg': 'Input should be a valid number', 'input': None}
  {'type': 'int_type', 'loc': ('response', 'data', 25, 'price_precision'), 'msg': 'Input should be a valid integer', 'input': None}
  {'type': 'int_type', 'loc': ('response', 'data', 25, 'qty_precision'), 'msg': 'Input should be a valid integer', 'input': None}
  {'type': 'float_type', 'loc': ('response', 'data', 25, 'min_qty'), 'msg': 'Input should be a valid number', 'input': None}
  {'type': 'float_type', 'loc': ('response', 'data', 25, 'tick_size'), 'msg': 'Input should be a valid number', 'input': None}

  File "/root/workspace/stock/backend/app/api/v1/endpoints/market.py", line 206, in symbols
    GET /api/v1/market/symbols | 路径: /api/v1/market/symbols
2026-05-10 13:57:42.343 | ERROR    | app.main:global_exception_handler:76 - 未捕获异常: 12 validation errors:
  {'type': 'int_type', 'loc': ('response', 'data', 16, 'price_precision'), 'msg': 'Input should be a valid integer', 'input': None}
  {'type': 'int_type', 'loc': ('response', 'data', 16, 'qty_precision'), 'msg': 'Input should be a valid integer', 'input': None}
  {'type': 'float_type', 'loc': ('response', 'data', 16, 'min_qty'), 'msg': 'Input should be a valid number', 'input': None}
  {'type': 'float_type', 'loc': ('response', 'data', 16, 'tick_size'), 'msg': 'Input should be a valid number', 'input': None}
  {'type': 'int_type', 'loc': ('response', 'data', 23, 'price_precision'), 'msg': 'Input should be a valid integer', 'input': None}
  {'type': 'int_type', 'loc': ('response', 'data', 23, 'qty_precision'), 'msg': 'Input should be a valid integer', 'input': None}
  {'type': 'float_type', 'loc': ('response', 'data', 23, 'min_qty'), 'msg': 'Input should be a valid number', 'input': None}
  {'type': 'float_type', 'loc': ('response', 'data', 23, 'tick_size'), 'msg': 'Input should be a valid number', 'input': None}
  {'type': 'int_type', 'loc': ('response', 'data', 25, 'price_precision'), 'msg': 'Input should be a valid integer', 'input': None}
  {'type': 'int_type', 'loc': ('response', 'data', 25, 'qty_precision'), 'msg': 'Input should be a valid integer', 'input': None}
  {'type': 'float_type', 'loc': ('response', 'data', 25, 'min_qty'), 'msg': 'Input should be a valid number', 'input': None}
  {'type': 'float_type', 'loc': ('response', 'data', 25, 'tick_size'), 'msg': 'Input should be a valid number', 'input': None}

  File "/root/workspace/stock/backend/app/api/v1/endpoints/market.py", line 206, in symbols
    GET /api/v1/market/symbols | 路径: /api/v1/market/symbols
2026-05-10 14:02:13.118 | ERROR    | app.main:global_exception_handler:76 - 未捕获异常: 12 validation errors:
  {'type': 'int_type', 'loc': ('response', 'data', 16, 'price_precision'), 'msg': 'Input should be a valid integer', 'input': None}
  {'type': 'int_type', 'loc': ('response', 'data', 16, 'qty_precision'), 'msg': 'Input should be a valid integer', 'input': None}
  {'type': 'float_type', 'loc': ('response', 'data', 16, 'min_qty'), 'msg': 'Input should be a valid number', 'input': None}
  {'type': 'float_type', 'loc': ('response', 'data', 16, 'tick_size'), 'msg': 'Input should be a valid number', 'input': None}
  {'type': 'int_type', 'loc': ('response', 'data', 23, 'price_precision'), 'msg': 'Input should be a valid integer', 'input': None}
  {'type': 'int_type', 'loc': ('response', 'data', 23, 'qty_precision'), 'msg': 'Input should be a valid integer', 'input': None}
  {'type': 'float_type', 'loc': ('response', 'data', 23, 'min_qty'), 'msg': 'Input should be a valid number', 'input': None}
  {'type': 'float_type', 'loc': ('response', 'data', 23, 'tick_size'), 'msg': 'Input should be a valid number', 'input': None}
  {'type': 'int_type', 'loc': ('response', 'data', 25, 'price_precision'), 'msg': 'Input should be a valid integer', 'input': None}
  {'type': 'int_type', 'loc': ('response', 'data', 25, 'qty_precision'), 'msg': 'Input should be a valid integer', 'input': None}
  {'type': 'float_type', 'loc': ('response', 'data', 25, 'min_qty'), 'msg': 'Input should be a valid number', 'input': None}
  {'type': 'float_type', 'loc': ('response', 'data', 25, 'tick_size'), 'msg': 'Input should be a valid number', 'input': None}

  File "/root/workspace/stock/backend/app/api/v1/endpoints/market.py", line 206, in symbols
    GET /api/v1/market/symbols | 路径: /api/v1/market/symbols
2026-05-10 14:12:42.175 | ERROR    | app.main:global_exception_handler:76 - 未捕获异常: 12 validation errors:
  {'type': 'int_type', 'loc': ('response', 'data', 16, 'price_precision'), 'msg': 'Input should be a valid integer', 'input': None}
  {'type': 'int_type', 'loc': ('response', 'data', 16, 'qty_precision'), 'msg': 'Input should be a valid integer', 'input': None}
  {'type': 'float_type', 'loc': ('response', 'data', 16, 'min_qty'), 'msg': 'Input should be a valid number', 'input': None}
  {'type': 'float_type', 'loc': ('response', 'data', 16, 'tick_size'), 'msg': 'Input should be a valid number', 'input': None}
  {'type': 'int_type', 'loc': ('response', 'data', 23, 'price_precision'), 'msg': 'Input should be a valid integer', 'input': None}
  {'type': 'int_type', 'loc': ('response', 'data', 23, 'qty_precision'), 'msg': 'Input should be a valid integer', 'input': None}
  {'type': 'float_type', 'loc': ('response', 'data', 23, 'min_qty'), 'msg': 'Input should be a valid number', 'input': None}
  {'type': 'float_type', 'loc': ('response', 'data', 23, 'tick_size'), 'msg': 'Input should be a valid number', 'input': None}
  {'type': 'int_type', 'loc': ('response', 'data', 25, 'price_precision'), 'msg': 'Input should be a valid integer', 'input': None}
  {'type': 'int_type', 'loc': ('response', 'data', 25, 'qty_precision'), 'msg': 'Input should be a valid integer', 'input': None}
  {'type': 'float_type', 'loc': ('response', 'data', 25, 'min_qty'), 'msg': 'Input should be a valid number', 'input': None}
  {'type': 'float_type', 'loc': ('response', 'data', 25, 'tick_size'), 'msg': 'Input should be a valid number', 'input': None}

  File "/root/workspace/stock/backend/app/api/v1/endpoints/market.py", line 206, in symbols
    GET /api/v1/market/symbols | 路径: /api/v1/market/symbols
2026-05-10 14:17:13.126 | ERROR    | app.main:global_exception_handler:76 - 未捕获异常: 12 validation errors:
  {'type': 'int_type', 'loc': ('response', 'data', 16, 'price_precision'), 'msg': 'Input should be a valid integer', 'input': None}
  {'type': 'int_type', 'loc': ('response', 'data', 16, 'qty_precision'), 'msg': 'Input should be a valid integer', 'input': None}
  {'type': 'float_type', 'loc': ('response', 'data', 16, 'min_qty'), 'msg': 'Input should be a valid number', 'input': None}
  {'type': 'float_type', 'loc': ('response', 'data', 16, 'tick_size'), 'msg': 'Input should be a valid number', 'input': None}
  {'type': 'int_type', 'loc': ('response', 'data', 23, 'price_precision'), 'msg': 'Input should be a valid integer', 'input': None}
  {'type': 'int_type', 'loc': ('response', 'data', 23, 'qty_precision'), 'msg': 'Input should be a valid integer', 'input': None}
  {'type': 'float_type', 'loc': ('response', 'data', 23, 'min_qty'), 'msg': 'Input should be a valid number', 'input': None}
  {'type': 'float_type', 'loc': ('response', 'data', 23, 'tick_size'), 'msg': 'Input should be a valid number', 'input': None}
  {'type': 'int_type', 'loc': ('response', 'data', 25, 'price_precision'), 'msg': 'Input should be a valid integer', 'input': None}
  {'type': 'int_type', 'loc': ('response', 'data', 25, 'qty_precision'), 'msg': 'Input should be a valid integer', 'input': None}
  {'type': 'float_type', 'loc': ('response', 'data', 25, 'min_qty'), 'msg': 'Input should be a valid number', 'input': None}
  {'type': 'float_type', 'loc': ('response', 'data', 25, 'tick_size'), 'msg': 'Input should be a valid number', 'input': None}

  File "/root/workspace/stock/backend/app/api/v1/endpoints/market.py", line 206, in symbols
    GET /api/v1/market/symbols | 路径: /api/v1/market/symbols
2026-05-10 14:21:17.098 | ERROR    | app.main:global_exception_handler:76 - 未捕获异常: 12 validation errors:
  {'type': 'int_type', 'loc': ('response', 'data', 16, 'price_precision'), 'msg': 'Input should be a valid integer', 'input': None}
  {'type': 'int_type', 'loc': ('response', 'data', 16, 'qty_precision'), 'msg': 'Input should be a valid integer', 'input': None}
  {'type': 'float_type', 'loc': ('response', 'data', 16, 'min_qty'), 'msg': 'Input should be a valid number', 'input': None}
  {'type': 'float_type', 'loc': ('response', 'data', 16, 'tick_size'), 'msg': 'Input should be a valid number', 'input': None}
  {'type': 'int_type', 'loc': ('response', 'data', 23, 'price_precision'), 'msg': 'Input should be a valid integer', 'input': None}
  {'type': 'int_type', 'loc': ('response', 'data', 23, 'qty_precision'), 'msg': 'Input should be a valid integer', 'input': None}
  {'type': 'float_type', 'loc': ('response', 'data', 23, 'min_qty'), 'msg': 'Input should be a valid number', 'input': None}
  {'type': 'float_type', 'loc': ('response', 'data', 23, 'tick_size'), 'msg': 'Input should be a valid number', 'input': None}
  {'type': 'int_type', 'loc': ('response', 'data', 25, 'price_precision'), 'msg': 'Input should be a valid integer', 'input': None}
  {'type': 'int_type', 'loc': ('response', 'data', 25, 'qty_precision'), 'msg': 'Input should be a valid integer', 'input': None}
  {'type': 'float_type', 'loc': ('response', 'data', 25, 'min_qty'), 'msg': 'Input should be a valid number', 'input': None}
  {'type': 'float_type', 'loc': ('response', 'data', 25, 'tick_size'), 'msg': 'Input should be a valid number', 'input': None}

  File "/root/workspace/stock/backend/app/api/v1/endpoints/market.py", line 206, in symbols
    GET /api/v1/market/symbols | 路径: /api/v1/market/symbols
2026-05-10 14:29:59.635 | ERROR    | app.main:global_exception_handler:76 - 未捕获异常: 12 validation errors:
  {'type': 'int_type', 'loc': ('response', 'data', 16, 'price_precision'), 'msg': 'Input should be a valid integer', 'input': None}
  {'type': 'int_type', 'loc': ('response', 'data', 16, 'qty_precision'), 'msg': 'Input should be a valid integer', 'input': None}
  {'type': 'float_type', 'loc': ('response', 'data', 16, 'min_qty'), 'msg': 'Input should be a valid number', 'input': None}
  {'type': 'float_type', 'loc': ('response', 'data', 16, 'tick_size'), 'msg': 'Input should be a valid number', 'input': None}
  {'type': 'int_type', 'loc': ('response', 'data', 23, 'price_precision'), 'msg': 'Input should be a valid integer', 'input': None}
  {'type': 'int_type', 'loc': ('response', 'data', 23, 'qty_precision'), 'msg': 'Input should be a valid integer', 'input': None}
  {'type': 'float_type', 'loc': ('response', 'data', 23, 'min_qty'), 'msg': 'Input should be a valid number', 'input': None}
  {'type': 'float_type', 'loc': ('response', 'data', 23, 'tick_size'), 'msg': 'Input should be a valid number', 'input': None}
  {'type': 'int_type', 'loc': ('response', 'data', 25, 'price_precision'), 'msg': 'Input should be a valid integer', 'input': None}
  {'type': 'int_type', 'loc': ('response', 'data', 25, 'qty_precision'), 'msg': 'Input should be a valid integer', 'input': None}
  {'type': 'float_type', 'loc': ('response', 'data', 25, 'min_qty'), 'msg': 'Input should be a valid number', 'input': None}
  {'type': 'float_type', 'loc': ('response', 'data', 25, 'tick_size'), 'msg': 'Input should be a valid number', 'input': None}

  File "/root/workspace/stock/backend/app/api/v1/endpoints/market.py", line 206, in symbols
    GET /api/v1/market/symbols | 路径: /api/v1/market/symbols
2026-05-10 14:30:04.917 | ERROR    | app.main:global_exception_handler:76 - 未捕获异常: 12 validation errors:
  {'type': 'int_type', 'loc': ('response', 'data', 16, 'price_precision'), 'msg': 'Input should be a valid integer', 'input': None}
  {'type': 'int_type', 'loc': ('response', 'data', 16, 'qty_precision'), 'msg': 'Input should be a valid integer', 'input': None}
  {'type': 'float_type', 'loc': ('response', 'data', 16, 'min_qty'), 'msg': 'Input should be a valid number', 'input': None}
  {'type': 'float_type', 'loc': ('response', 'data', 16, 'tick_size'), 'msg': 'Input should be a valid number', 'input': None}
  {'type': 'int_type', 'loc': ('response', 'data', 23, 'price_precision'), 'msg': 'Input should be a valid integer', 'input': None}
  {'type': 'int_type', 'loc': ('response', 'data', 23, 'qty_precision'), 'msg': 'Input should be a valid integer', 'input': None}
  {'type': 'float_type', 'loc': ('response', 'data', 23, 'min_qty'), 'msg': 'Input should be a valid number', 'input': None}
  {'type': 'float_type', 'loc': ('response', 'data', 23, 'tick_size'), 'msg': 'Input should be a valid number', 'input': None}
  {'type': 'int_type', 'loc': ('response', 'data', 25, 'price_precision'), 'msg': 'Input should be a valid integer', 'input': None}
  {'type': 'int_type', 'loc': ('response', 'data', 25, 'qty_precision'), 'msg': 'Input should be a valid integer', 'input': None}
  {'type': 'float_type', 'loc': ('response', 'data', 25, 'min_qty'), 'msg': 'Input should be a valid number', 'input': None}
  {'type': 'float_type', 'loc': ('response', 'data', 25, 'tick_size'), 'msg': 'Input should be a valid number', 'input': None}

  File "/root/workspace/stock/backend/app/api/v1/endpoints/market.py", line 206, in symbols
    GET /api/v1/market/symbols | 路径: /api/v1/market/symbols
2026-05-10 14:34:37.305 | ERROR    | app.main:global_exception_handler:76 - 未捕获异常: 12 validation errors:
  {'type': 'int_type', 'loc': ('response', 'data', 16, 'price_precision'), 'msg': 'Input should be a valid integer', 'input': None}
  {'type': 'int_type', 'loc': ('response', 'data', 16, 'qty_precision'), 'msg': 'Input should be a valid integer', 'input': None}
  {'type': 'float_type', 'loc': ('response', 'data', 16, 'min_qty'), 'msg': 'Input should be a valid number', 'input': None}
  {'type': 'float_type', 'loc': ('response', 'data', 16, 'tick_size'), 'msg': 'Input should be a valid number', 'input': None}
  {'type': 'int_type', 'loc': ('response', 'data', 23, 'price_precision'), 'msg': 'Input should be a valid integer', 'input': None}
  {'type': 'int_type', 'loc': ('response', 'data', 23, 'qty_precision'), 'msg': 'Input should be a valid integer', 'input': None}
  {'type': 'float_type', 'loc': ('response', 'data', 23, 'min_qty'), 'msg': 'Input should be a valid number', 'input': None}
  {'type': 'float_type', 'loc': ('response', 'data', 23, 'tick_size'), 'msg': 'Input should be a valid number', 'input': None}
  {'type': 'int_type', 'loc': ('response', 'data', 25, 'price_precision'), 'msg': 'Input should be a valid integer', 'input': None}
  {'type': 'int_type', 'loc': ('response', 'data', 25, 'qty_precision'), 'msg': 'Input should be a valid integer', 'input': None}
  {'type': 'float_type', 'loc': ('response', 'data', 25, 'min_qty'), 'msg': 'Input should be a valid number', 'input': None}
  {'type': 'float_type', 'loc': ('response', 'data', 25, 'tick_size'), 'msg': 'Input should be a valid number', 'input': None}

  File "/root/workspace/stock/backend/app/api/v1/endpoints/market.py", line 206, in symbols
    GET /api/v1/market/symbols | 路径: /api/v1/market/symbols
2026-05-10 14:48:19.014 | ERROR    | app.main:global_exception_handler:76 - 未捕获异常: 12 validation errors:
  {'type': 'int_type', 'loc': ('response', 'data', 16, 'price_precision'), 'msg': 'Input should be a valid integer', 'input': None}
  {'type': 'int_type', 'loc': ('response', 'data', 16, 'qty_precision'), 'msg': 'Input should be a valid integer', 'input': None}
  {'type': 'float_type', 'loc': ('response', 'data', 16, 'min_qty'), 'msg': 'Input should be a valid number', 'input': None}
  {'type': 'float_type', 'loc': ('response', 'data', 16, 'tick_size'), 'msg': 'Input should be a valid number', 'input': None}
  {'type': 'int_type', 'loc': ('response', 'data', 23, 'price_precision'), 'msg': 'Input should be a valid integer', 'input': None}
  {'type': 'int_type', 'loc': ('response', 'data', 23, 'qty_precision'), 'msg': 'Input should be a valid integer', 'input': None}
  {'type': 'float_type', 'loc': ('response', 'data', 23, 'min_qty'), 'msg': 'Input should be a valid number', 'input': None}
  {'type': 'float_type', 'loc': ('response', 'data', 23, 'tick_size'), 'msg': 'Input should be a valid number', 'input': None}
  {'type': 'int_type', 'loc': ('response', 'data', 25, 'price_precision'), 'msg': 'Input should be a valid integer', 'input': None}
  {'type': 'int_type', 'loc': ('response', 'data', 25, 'qty_precision'), 'msg': 'Input should be a valid integer', 'input': None}
  {'type': 'float_type', 'loc': ('response', 'data', 25, 'min_qty'), 'msg': 'Input should be a valid number', 'input': None}
  {'type': 'float_type', 'loc': ('response', 'data', 25, 'tick_size'), 'msg': 'Input should be a valid number', 'input': None}

  File "/root/workspace/stock/backend/app/api/v1/endpoints/market.py", line 206, in symbols
    GET /api/v1/market/symbols | 路径: /api/v1/market/symbols
2026-05-10 14:48:22.725 | ERROR    | app.main:global_exception_handler:76 - 未捕获异常: 12 validation errors:
  {'type': 'int_type', 'loc': ('response', 'data', 16, 'price_precision'), 'msg': 'Input should be a valid integer', 'input': None}
  {'type': 'int_type', 'loc': ('response', 'data', 16, 'qty_precision'), 'msg': 'Input should be a valid integer', 'input': None}
  {'type': 'float_type', 'loc': ('response', 'data', 16, 'min_qty'), 'msg': 'Input should be a valid number', 'input': None}
  {'type': 'float_type', 'loc': ('response', 'data', 16, 'tick_size'), 'msg': 'Input should be a valid number', 'input': None}
  {'type': 'int_type', 'loc': ('response', 'data', 23, 'price_precision'), 'msg': 'Input should be a valid integer', 'input': None}
  {'type': 'int_type', 'loc': ('response', 'data', 23, 'qty_precision'), 'msg': 'Input should be a valid integer', 'input': None}
  {'type': 'float_type', 'loc': ('response', 'data', 23, 'min_qty'), 'msg': 'Input should be a valid number', 'input': None}
  {'type': 'float_type', 'loc': ('response', 'data', 23, 'tick_size'), 'msg': 'Input should be a valid number', 'input': None}
  {'type': 'int_type', 'loc': ('response', 'data', 25, 'price_precision'), 'msg': 'Input should be a valid integer', 'input': None}
  {'type': 'int_type', 'loc': ('response', 'data', 25, 'qty_precision'), 'msg': 'Input should be a valid integer', 'input': None}
  {'type': 'float_type', 'loc': ('response', 'data', 25, 'min_qty'), 'msg': 'Input should be a valid number', 'input': None}
  {'type': 'float_type', 'loc': ('response', 'data', 25, 'tick_size'), 'msg': 'Input should be a valid number', 'input': None}

  File "/root/workspace/stock/backend/app/api/v1/endpoints/market.py", line 206, in symbols
    GET /api/v1/market/symbols | 路径: /api/v1/market/symbols
2026-05-10 14:48:24.451 | ERROR    | app.main:global_exception_handler:76 - 未捕获异常: 12 validation errors:
  {'type': 'int_type', 'loc': ('response', 'data', 16, 'price_precision'), 'msg': 'Input should be a valid integer', 'input': None}
  {'type': 'int_type', 'loc': ('response', 'data', 16, 'qty_precision'), 'msg': 'Input should be a valid integer', 'input': None}
  {'type': 'float_type', 'loc': ('response', 'data', 16, 'min_qty'), 'msg': 'Input should be a valid number', 'input': None}
  {'type': 'float_type', 'loc': ('response', 'data', 16, 'tick_size'), 'msg': 'Input should be a valid number', 'input': None}
  {'type': 'int_type', 'loc': ('response', 'data', 23, 'price_precision'), 'msg': 'Input should be a valid integer', 'input': None}
  {'type': 'int_type', 'loc': ('response', 'data', 23, 'qty_precision'), 'msg': 'Input should be a valid integer', 'input': None}
  {'type': 'float_type', 'loc': ('response', 'data', 23, 'min_qty'), 'msg': 'Input should be a valid number', 'input': None}
  {'type': 'float_type', 'loc': ('response', 'data', 23, 'tick_size'), 'msg': 'Input should be a valid number', 'input': None}
  {'type': 'int_type', 'loc': ('response', 'data', 25, 'price_precision'), 'msg': 'Input should be a valid integer', 'input': None}
  {'type': 'int_type', 'loc': ('response', 'data', 25, 'qty_precision'), 'msg': 'Input should be a valid integer', 'input': None}
  {'type': 'float_type', 'loc': ('response', 'data', 25, 'min_qty'), 'msg': 'Input should be a valid number', 'input': None}
  {'type': 'float_type', 'loc': ('response', 'data', 25, 'tick_size'), 'msg': 'Input should be a valid number', 'input': None}

  File "/root/workspace/stock/backend/app/api/v1/endpoints/market.py", line 206, in symbols
    GET /api/v1/market/symbols | 路径: /api/v1/market/symbols
2026-05-10 14:48:24.997 | ERROR    | app.main:global_exception_handler:76 - 未捕获异常: 12 validation errors:
  {'type': 'int_type', 'loc': ('response', 'data', 16, 'price_precision'), 'msg': 'Input should be a valid integer', 'input': None}
  {'type': 'int_type', 'loc': ('response', 'data', 16, 'qty_precision'), 'msg': 'Input should be a valid integer', 'input': None}
  {'type': 'float_type', 'loc': ('response', 'data', 16, 'min_qty'), 'msg': 'Input should be a valid number', 'input': None}
  {'type': 'float_type', 'loc': ('response', 'data', 16, 'tick_size'), 'msg': 'Input should be a valid number', 'input': None}
  {'type': 'int_type', 'loc': ('response', 'data', 23, 'price_precision'), 'msg': 'Input should be a valid integer', 'input': None}
  {'type': 'int_type', 'loc': ('response', 'data', 23, 'qty_precision'), 'msg': 'Input should be a valid integer', 'input': None}
  {'type': 'float_type', 'loc': ('response', 'data', 23, 'min_qty'), 'msg': 'Input should be a valid number', 'input': None}
  {'type': 'float_type', 'loc': ('response', 'data', 23, 'tick_size'), 'msg': 'Input should be a valid number', 'input': None}
  {'type': 'int_type', 'loc': ('response', 'data', 25, 'price_precision'), 'msg': 'Input should be a valid integer', 'input': None}
  {'type': 'int_type', 'loc': ('response', 'data', 25, 'qty_precision'), 'msg': 'Input should be a valid integer', 'input': None}
  {'type': 'float_type', 'loc': ('response', 'data', 25, 'min_qty'), 'msg': 'Input should be a valid number', 'input': None}
  {'type': 'float_type', 'loc': ('response', 'data', 25, 'tick_size'), 'msg': 'Input should be a valid number', 'input': None}

  File "/root/workspace/stock/backend/app/api/v1/endpoints/market.py", line 206, in symbols
    GET /api/v1/market/symbols | 路径: /api/v1/market/symbols
2026-05-10 14:52:28.427 | ERROR    | app.main:global_exception_handler:76 - 未捕获异常: 12 validation errors:
  {'type': 'int_type', 'loc': ('response', 'data', 16, 'price_precision'), 'msg': 'Input should be a valid integer', 'input': None}
  {'type': 'int_type', 'loc': ('response', 'data', 16, 'qty_precision'), 'msg': 'Input should be a valid integer', 'input': None}
  {'type': 'float_type', 'loc': ('response', 'data', 16, 'min_qty'), 'msg': 'Input should be a valid number', 'input': None}
  {'type': 'float_type', 'loc': ('response', 'data', 16, 'tick_size'), 'msg': 'Input should be a valid number', 'input': None}
  {'type': 'int_type', 'loc': ('response', 'data', 23, 'price_precision'), 'msg': 'Input should be a valid integer', 'input': None}
  {'type': 'int_type', 'loc': ('response', 'data', 23, 'qty_precision'), 'msg': 'Input should be a valid integer', 'input': None}
  {'type': 'float_type', 'loc': ('response', 'data', 23, 'min_qty'), 'msg': 'Input should be a valid number', 'input': None}
  {'type': 'float_type', 'loc': ('response', 'data', 23, 'tick_size'), 'msg': 'Input should be a valid number', 'input': None}
  {'type': 'int_type', 'loc': ('response', 'data', 25, 'price_precision'), 'msg': 'Input should be a valid integer', 'input': None}
  {'type': 'int_type', 'loc': ('response', 'data', 25, 'qty_precision'), 'msg': 'Input should be a valid integer', 'input': None}
  {'type': 'float_type', 'loc': ('response', 'data', 25, 'min_qty'), 'msg': 'Input should be a valid number', 'input': None}
  {'type': 'float_type', 'loc': ('response', 'data', 25, 'tick_size'), 'msg': 'Input should be a valid number', 'input': None}

  File "/root/workspace/stock/backend/app/api/v1/endpoints/market.py", line 206, in symbols
    GET /api/v1/market/symbols | 路径: /api/v1/market/symbols
2026-05-10 16:58:45.593 | ERROR    | app.main:global_exception_handler:82 - 未捕获异常: 'timestamp' | 路径: /api/v1/strategies/9/run
2026-05-10 16:58:47.473 | ERROR    | app.main:global_exception_handler:82 - 未捕获异常: 'timestamp' | 路径: /api/v1/strategies/8/run
2026-05-10 16:58:56.529 | ERROR    | app.main:global_exception_handler:82 - 未捕获异常: 'timestamp' | 路径: /api/v1/strategies/8/run
2026-05-10 16:58:58.055 | ERROR    | app.main:global_exception_handler:82 - 未捕获异常: 'timestamp' | 路径: /api/v1/strategies/9/run
2026-05-10 16:59:23.944 | ERROR    | app.main:global_exception_handler:82 - 未捕获异常: 'timestamp' | 路径: /api/v1/strategies/8/run
2026-05-10 17:03:11.923 | ERROR    | app.main:global_exception_handler:82 - 未捕获异常: 'timestamp' | 路径: /api/v1/strategies/9/run
