2026-05-09 11:13:58.613 | ERROR    | app.main:global_exception_handler:75 - жњЄжЌ•иЋ·еј‚еёё: password cannot be longer than 72 bytes, truncate manually if necessary (e.g. my_password[:72]) | и·Їеѕ„: /api/v1/auth/login
2026-05-09 11:14:02.975 | ERROR    | app.main:global_exception_handler:75 - жњЄжЌ•иЋ·еј‚еёё: password cannot be longer than 72 bytes, truncate manually if necessary (e.g. my_password[:72]) | и·Їеѕ„: /api/v1/auth/login
2026-05-09 11:14:16.345 | ERROR    | app.main:global_exception_handler:75 - жњЄжЌ•иЋ·еј‚еёё: password cannot be longer than 72 bytes, truncate manually if necessary (e.g. my_password[:72]) | и·Їеѕ„: /api/v1/auth/register
2026-05-09 11:37:03.771 | ERROR    | app.main:global_exception_handler:75 - жњЄжЌ•иЋ·еј‚еёё: password cannot be longer than 72 bytes, truncate manually if necessary (e.g. my_password[:72]) | и·Їеѕ„: /api/v1/auth/login
2026-05-09 11:37:08.615 | ERROR    | app.main:global_exception_handler:75 - жњЄжЌ•иЋ·еј‚еёё: password cannot be longer than 72 bytes, truncate manually if necessary (e.g. my_password[:72]) | и·Їеѕ„: /api/v1/auth/login
2026-05-09 11:38:32.839 | ERROR    | app.main:global_exception_handler:75 - жњЄжЌ•иЋ·еј‚еёё: This Session's transaction has been rolled back due to a previous exception during flush. To begin a new transaction with this Session, first issue Session.rollback(). Original exception was: (sqlite3.IntegrityError) columns symbol, interval, timestamp are not unique
[SQL: INSERT INTO kline_data (symbol, interval, timestamp, open, high, low, close, volume, amount, data_source, created_at) VALUES (?, ?, ?, ?, ?, ?, ?, ?, ?, ?, ?)]
[parameters: ('002202.SZ', '1d', '2018-01-24 00:00:00.000000', 18.39, 18.39, 17.71, 17.97, 26637709.0, 0.0, 'sina', '2026-05-09 03:38:32.834382')]
(Background on this error at: https://sqlalche.me/e/20/gkpj) (Background on this error at: https://sqlalche.me/e/20/7s2a) | и·Їеѕ„: /api/v1/decisions/generate
2026-05-09 11:38:38.900 | ERROR    | app.main:global_exception_handler:75 - жњЄжЌ•иЋ·еј‚еёё: This Session's transaction has been rolled back due to a previous exception during flush. To begin a new transaction with this Session, first issue Session.rollback(). Original exception was: (sqlite3.IntegrityError) columns symbol, interval, timestamp are not unique
[SQL: INSERT INTO kline_data (symbol, interval, timestamp, open, high, low, close, volume, amount, data_source, created_at) VALUES (?, ?, ?, ?, ?, ?, ?, ?, ?, ?, ?)]
[parameters: ('002202.SZ', '1d', '2018-01-24 00:00:00.000000', 18.39, 18.39, 17.71, 17.97, 26637709.0, 0.0, 'sina', '2026-05-09 03:38:38.897036')]
(Background on this error at: https://sqlalche.me/e/20/gkpj) (Background on this error at: https://sqlalche.me/e/20/7s2a) | и·Їеѕ„: /api/v1/decisions/generate
2026-05-09 11:38:48.010 | ERROR    | app.main:global_exception_handler:75 - жњЄжЌ•иЋ·еј‚еёё: This Session's transaction has been rolled back due to a previous exception during flush. To begin a new transaction with this Session, first issue Session.rollback(). Original exception was: (sqlite3.IntegrityError) columns symbol, interval, timestamp are not unique
[SQL: INSERT INTO kline_data (symbol, interval, timestamp, open, high, low, close, volume, amount, data_source, created_at) VALUES (?, ?, ?, ?, ?, ?, ?, ?, ?, ?, ?)]
[parameters: ('002202.SZ', '1d', '2018-01-24 00:00:00.000000', 18.39, 18.39, 17.71, 17.97, 26637709.0, 0.0, 'sina', '2026-05-09 03:38:48.007597')]
(Background on this error at: https://sqlalche.me/e/20/gkpj) (Background on this error at: https://sqlalche.me/e/20/7s2a) | и·Їеѕ„: /api/v1/decisions/generate
2026-05-09 11:40:12.606 | ERROR    | app.main:global_exception_handler:75 - жњЄжЌ•иЋ·еј‚еёё: This Session's transaction has been rolled back due to a previous exception during flush. To begin a new transaction with this Session, first issue Session.rollback(). Original exception was: (sqlite3.IntegrityError) columns symbol, interval, timestamp are not unique
[SQL: INSERT INTO kline_data (symbol, interval, timestamp, open, high, low, close, volume, amount, data_source, created_at) VALUES (?, ?, ?, ?, ?, ?, ?, ?, ?, ?, ?)]
[parameters: ('600519.SH', '1d', '2018-02-01 00:00:00.000000', 767.0, 767.3, 752.92, 757.73, 5058261.0, 0.0, 'sina', '2026-05-09 03:40:12.603659')]
(Background on this error at: https://sqlalche.me/e/20/gkpj) (Background on this error at: https://sqlalche.me/e/20/7s2a) | и·Їеѕ„: /api/v1/decisions/generate
2026-05-09 14:49:54.438 | ERROR    | app.main:global_exception_handler:75 - жњЄжЌ•иЋ·еј‚еёё: 'active' is not among the defined enum values. Enum name: decisionstatus. Possible values: ACTIVE, EXECUTED, DISMISSED, EXPIRED | и·Їеѕ„: /api/v1/decisions
2026-05-09 15:03:05.010 | ERROR    | app.main:global_exception_handler:75 - жњЄжЌ•иЋ·еј‚еёё: 'active' is not among the defined enum values. Enum name: decisionstatus. Possible values: ACTIVE, EXECUTED, DISMISSED, EXPIRED | и·Їеѕ„: /api/v1/decisions
2026-05-09 15:07:22.578 | ERROR    | app.main:global_exception_handler:75 - жњЄжЌ•иЋ·еј‚еёё: 'active' is not among the defined enum values. Enum name: decisionstatus. Possible values: ACTIVE, EXECUTED, DISMISSED, EXPIRED | и·Їеѕ„: /api/v1/decisions
2026-05-09 15:18:22.114 | ERROR    | app.main:global_exception_handler:75 - жњЄжЌ•иЋ·еј‚еёё: 'active' is not among the defined enum values. Enum name: decisionstatus. Possible values: ACTIVE, EXECUTED, DISMISSED, EXPIRED | и·Їеѕ„: /api/v1/decisions
2026-05-09 15:22:28.895 | ERROR    | app.main:global_exception_handler:75 - жњЄжЌ•иЋ·еј‚еёё: 'active' is not among the defined enum values. Enum name: decisionstatus. Possible values: ACTIVE, EXECUTED, DISMISSED, EXPIRED | и·Їеѕ„: /api/v1/decisions
2026-05-09 15:23:24.833 | ERROR    | app.main:global_exception_handler:75 - жњЄжЌ•иЋ·еј‚еёё: 'active' is not among the defined enum values. Enum name: decisionstatus. Possible values: ACTIVE, EXECUTED, DISMISSED, EXPIRED | и·Їеѕ„: /api/v1/decisions
2026-05-09 15:23:30.830 | ERROR    | app.main:global_exception_handler:75 - жњЄжЌ•иЋ·еј‚еёё: 'active' is not among the defined enum values. Enum name: decisionstatus. Possible values: ACTIVE, EXECUTED, DISMISSED, EXPIRED | и·Їеѕ„: /api/v1/decisions
2026-05-09 15:27:20.438 | ERROR    | app.main:global_exception_handler:75 - жњЄжЌ•иЋ·еј‚еёё: 'active' is not among the defined enum values. Enum name: decisionstatus. Possible values: ACTIVE, EXECUTED, DISMISSED, EXPIRED | и·Їеѕ„: /api/v1/decisions
2026-05-09 15:27:37.966 | ERROR    | app.main:global_exception_handler:75 - жњЄжЌ•иЋ·еј‚еёё: 'active' is not among the defined enum values. Enum name: decisionstatus. Possible values: ACTIVE, EXECUTED, DISMISSED, EXPIRED | и·Їеѕ„: /api/v1/decisions
2026-05-09 15:28:26.264 | ERROR    | app.main:global_exception_handler:75 - жњЄжЌ•иЋ·еј‚еёё: 'active' is not among the defined enum values. Enum name: decisionstatus. Possible values: ACTIVE, EXECUTED, DISMISSED, EXPIRED | и·Їеѕ„: /api/v1/decisions
2026-05-09 15:28:30.897 | ERROR    | app.main:global_exception_handler:75 - жњЄжЌ•иЋ·еј‚еёё: 'active' is not among the defined enum values. Enum name: decisionstatus. Possible values: ACTIVE, EXECUTED, DISMISSED, EXPIRED | и·Їеѕ„: /api/v1/decisions
2026-05-09 15:30:00.917 | ERROR    | app.main:global_exception_handler:75 - жњЄжЌ•иЋ·еј‚еёё: 'active' is not among the defined enum values. Enum name: decisionstatus. Possible values: ACTIVE, EXECUTED, DISMISSED, EXPIRED | и·Їеѕ„: /api/v1/decisions
2026-05-09 15:30:12.696 | ERROR    | app.main:global_exception_handler:75 - жњЄжЌ•иЋ·еј‚еёё: 'active' is not among the defined enum values. Enum name: decisionstatus. Possible values: ACTIVE, EXECUTED, DISMISSED, EXPIRED | и·Їеѕ„: /api/v1/decisions
2026-05-09 15:34:45.007 | ERROR    | app.main:global_exception_handler:75 - жњЄжЌ•иЋ·еј‚еёё: 'active' is not among the defined enum values. Enum name: decisionstatus. Possible values: ACTIVE, EXECUTED, DISMISSED, EXPIRED | и·Їеѕ„: /api/v1/decisions
