INFO:     Will watch for changes in these directories: ['/root/workspace/stock/backend']
INFO:     Uvicorn running on http://0.0.0.0:8000 (Press CTRL+C to quit)
INFO:     Started reloader process [4579] using StatReload
INFO:     Started server process [4587]
INFO:     Waiting for application startup.
INFO:     Application startup complete.
WARNING:  Unsupported upgrade request.
WARNING:  No supported WebSocket library detected. Please use "pip install 'uvicorn[standard]'", or install 'websockets' or 'wsproto' manually.
WARNING:  Unsupported upgrade request.
WARNING:  No supported WebSocket library detected. Please use "pip install 'uvicorn[standard]'", or install 'websockets' or 'wsproto' manually.
WARNING:  Unsupported upgrade request.
WARNING:  No supported WebSocket library detected. Please use "pip install 'uvicorn[standard]'", or install 'websockets' or 'wsproto' manually.
ERROR:    Exception in ASGI application
Traceback (most recent call last):
  File "/root/workspace/stock/venv/lib/python3.10/site-packages/uvicorn/protocols/http/h11_impl.py", line 415, in run_asgi
    result = await app(  # type: ignore[func-returns-value]
  File "/root/workspace/stock/venv/lib/python3.10/site-packages/uvicorn/middleware/proxy_headers.py", line 56, in __call__
    return await self.app(scope, receive, send)
  File "/root/workspace/stock/venv/lib/python3.10/site-packages/fastapi/applications.py", line 1159, in __call__
    await super().__call__(scope, receive, send)
  File "/root/workspace/stock/venv/lib/python3.10/site-packages/starlette/applications.py", line 90, in __call__
    await self.middleware_stack(scope, receive, send)
  File "/root/workspace/stock/venv/lib/python3.10/site-packages/starlette/middleware/errors.py", line 186, in __call__
    raise exc
  File "/root/workspace/stock/venv/lib/python3.10/site-packages/starlette/middleware/errors.py", line 164, in __call__
    await self.app(scope, receive, _send)
  File "/root/workspace/stock/venv/lib/python3.10/site-packages/starlette/middleware/cors.py", line 96, in __call__
    await self.simple_response(scope, receive, send, request_headers=headers)
  File "/root/workspace/stock/venv/lib/python3.10/site-packages/starlette/middleware/cors.py", line 154, in simple_response
    await self.app(scope, receive, send)
  File "/root/workspace/stock/venv/lib/python3.10/site-packages/starlette/middleware/exceptions.py", line 63, in __call__
    await wrap_app_handling_exceptions(self.app, conn)(scope, receive, send)
  File "/root/workspace/stock/venv/lib/python3.10/site-packages/starlette/_exception_handler.py", line 53, in wrapped_app
    raise exc
  File "/root/workspace/stock/venv/lib/python3.10/site-packages/starlette/_exception_handler.py", line 42, in wrapped_app
    await app(scope, receive, sender)
  File "/root/workspace/stock/venv/lib/python3.10/site-packages/fastapi/middleware/asyncexitstack.py", line 18, in __call__
    await self.app(scope, receive, send)
  File "/root/workspace/stock/venv/lib/python3.10/site-packages/starlette/routing.py", line 660, in __call__
    await self.middleware_stack(scope, receive, send)
  File "/root/workspace/stock/venv/lib/python3.10/site-packages/starlette/routing.py", line 680, in app
    await route.handle(scope, receive, send)
  File "/root/workspace/stock/venv/lib/python3.10/site-packages/starlette/routing.py", line 276, in handle
    await self.app(scope, receive, send)
  File "/root/workspace/stock/venv/lib/python3.10/site-packages/fastapi/routing.py", line 134, in app
    await wrap_app_handling_exceptions(app, request)(scope, receive, send)
  File "/root/workspace/stock/venv/lib/python3.10/site-packages/starlette/_exception_handler.py", line 53, in wrapped_app
    raise exc
  File "/root/workspace/stock/venv/lib/python3.10/site-packages/starlette/_exception_handler.py", line 42, in wrapped_app
    await app(scope, receive, sender)
  File "/root/workspace/stock/venv/lib/python3.10/site-packages/fastapi/routing.py", line 120, in app
    response = await f(request)
  File "/root/workspace/stock/venv/lib/python3.10/site-packages/fastapi/routing.py", line 674, in app
    raw_response = await run_endpoint_function(
  File "/root/workspace/stock/venv/lib/python3.10/site-packages/fastapi/routing.py", line 328, in run_endpoint_function
    return await dependant.call(**values)
  File "/root/workspace/stock/backend/app/api/v1/endpoints/strategy.py", line 142, in run_strategy_endpoint
    result = await run_strategy(db, strategy_id)
  File "/root/workspace/stock/backend/app/services/strategy.py", line 652, in run_strategy
    signals = await run_strategy_logic(strategy, kline_data)
  File "/root/workspace/stock/backend/app/services/strategy.py", line 219, in run_strategy_logic
    df = _kline_to_dataframe(kline_data)
  File "/root/workspace/stock/backend/app/services/strategy.py", line 880, in _kline_to_dataframe
    df = df.sort_values("timestamp").reset_index(drop=True)
  File "/root/workspace/stock/venv/lib/python3.10/site-packages/pandas/core/frame.py", line 6758, in sort_values
    k = self._get_label_or_level_values(by, axis=axis)
  File "/root/workspace/stock/venv/lib/python3.10/site-packages/pandas/core/generic.py", line 1778, in _get_label_or_level_values
    raise KeyError(key)
KeyError: 'timestamp'
ERROR:    Exception in ASGI application
Traceback (most recent call last):
  File "/root/workspace/stock/venv/lib/python3.10/site-packages/uvicorn/protocols/http/h11_impl.py", line 415, in run_asgi
    result = await app(  # type: ignore[func-returns-value]
  File "/root/workspace/stock/venv/lib/python3.10/site-packages/uvicorn/middleware/proxy_headers.py", line 56, in __call__
    return await self.app(scope, receive, send)
  File "/root/workspace/stock/venv/lib/python3.10/site-packages/fastapi/applications.py", line 1159, in __call__
    await super().__call__(scope, receive, send)
  File "/root/workspace/stock/venv/lib/python3.10/site-packages/starlette/applications.py", line 90, in __call__
    await self.middleware_stack(scope, receive, send)
  File "/root/workspace/stock/venv/lib/python3.10/site-packages/starlette/middleware/errors.py", line 186, in __call__
    raise exc
  File "/root/workspace/stock/venv/lib/python3.10/site-packages/starlette/middleware/errors.py", line 164, in __call__
    await self.app(scope, receive, _send)
  File "/root/workspace/stock/venv/lib/python3.10/site-packages/starlette/middleware/cors.py", line 96, in __call__
    await self.simple_response(scope, receive, send, request_headers=headers)
  File "/root/workspace/stock/venv/lib/python3.10/site-packages/starlette/middleware/cors.py", line 154, in simple_response
    await self.app(scope, receive, send)
  File "/root/workspace/stock/venv/lib/python3.10/site-packages/starlette/middleware/exceptions.py", line 63, in __call__
    await wrap_app_handling_exceptions(self.app, conn)(scope, receive, send)
  File "/root/workspace/stock/venv/lib/python3.10/site-packages/starlette/_exception_handler.py", line 53, in wrapped_app
    raise exc
  File "/root/workspace/stock/venv/lib/python3.10/site-packages/starlette/_exception_handler.py", line 42, in wrapped_app
    await app(scope, receive, sender)
  File "/root/workspace/stock/venv/lib/python3.10/site-packages/fastapi/middleware/asyncexitstack.py", line 18, in __call__
    await self.app(scope, receive, send)
  File "/root/workspace/stock/venv/lib/python3.10/site-packages/starlette/routing.py", line 660, in __call__
    await self.middleware_stack(scope, receive, send)
  File "/root/workspace/stock/venv/lib/python3.10/site-packages/starlette/routing.py", line 680, in app
    await route.handle(scope, receive, send)
  File "/root/workspace/stock/venv/lib/python3.10/site-packages/starlette/routing.py", line 276, in handle
    await self.app(scope, receive, send)
  File "/root/workspace/stock/venv/lib/python3.10/site-packages/fastapi/routing.py", line 134, in app
    await wrap_app_handling_exceptions(app, request)(scope, receive, send)
  File "/root/workspace/stock/venv/lib/python3.10/site-packages/starlette/_exception_handler.py", line 53, in wrapped_app
    raise exc
  File "/root/workspace/stock/venv/lib/python3.10/site-packages/starlette/_exception_handler.py", line 42, in wrapped_app
    await app(scope, receive, sender)
  File "/root/workspace/stock/venv/lib/python3.10/site-packages/fastapi/routing.py", line 120, in app
    response = await f(request)
  File "/root/workspace/stock/venv/lib/python3.10/site-packages/fastapi/routing.py", line 674, in app
    raw_response = await run_endpoint_function(
  File "/root/workspace/stock/venv/lib/python3.10/site-packages/fastapi/routing.py", line 328, in run_endpoint_function
    return await dependant.call(**values)
  File "/root/workspace/stock/backend/app/api/v1/endpoints/strategy.py", line 142, in run_strategy_endpoint
    result = await run_strategy(db, strategy_id)
  File "/root/workspace/stock/backend/app/services/strategy.py", line 652, in run_strategy
    signals = await run_strategy_logic(strategy, kline_data)
  File "/root/workspace/stock/backend/app/services/strategy.py", line 219, in run_strategy_logic
    df = _kline_to_dataframe(kline_data)
  File "/root/workspace/stock/backend/app/services/strategy.py", line 880, in _kline_to_dataframe
    df = df.sort_values("timestamp").reset_index(drop=True)
  File "/root/workspace/stock/venv/lib/python3.10/site-packages/pandas/core/frame.py", line 6758, in sort_values
    k = self._get_label_or_level_values(by, axis=axis)
  File "/root/workspace/stock/venv/lib/python3.10/site-packages/pandas/core/generic.py", line 1778, in _get_label_or_level_values
    raise KeyError(key)
KeyError: 'timestamp'
ERROR:    Exception in ASGI application
Traceback (most recent call last):
  File "/root/workspace/stock/venv/lib/python3.10/site-packages/uvicorn/protocols/http/h11_impl.py", line 415, in run_asgi
    result = await app(  # type: ignore[func-returns-value]
  File "/root/workspace/stock/venv/lib/python3.10/site-packages/uvicorn/middleware/proxy_headers.py", line 56, in __call__
    return await self.app(scope, receive, send)
  File "/root/workspace/stock/venv/lib/python3.10/site-packages/fastapi/applications.py", line 1159, in __call__
    await super().__call__(scope, receive, send)
  File "/root/workspace/stock/venv/lib/python3.10/site-packages/starlette/applications.py", line 90, in __call__
    await self.middleware_stack(scope, receive, send)
  File "/root/workspace/stock/venv/lib/python3.10/site-packages/starlette/middleware/errors.py", line 186, in __call__
    raise exc
  File "/root/workspace/stock/venv/lib/python3.10/site-packages/starlette/middleware/errors.py", line 164, in __call__
    await self.app(scope, receive, _send)
  File "/root/workspace/stock/venv/lib/python3.10/site-packages/starlette/middleware/cors.py", line 96, in __call__
    await self.simple_response(scope, receive, send, request_headers=headers)
  File "/root/workspace/stock/venv/lib/python3.10/site-packages/starlette/middleware/cors.py", line 154, in simple_response
    await self.app(scope, receive, send)
  File "/root/workspace/stock/venv/lib/python3.10/site-packages/starlette/middleware/exceptions.py", line 63, in __call__
    await wrap_app_handling_exceptions(self.app, conn)(scope, receive, send)
  File "/root/workspace/stock/venv/lib/python3.10/site-packages/starlette/_exception_handler.py", line 53, in wrapped_app
    raise exc
  File "/root/workspace/stock/venv/lib/python3.10/site-packages/starlette/_exception_handler.py", line 42, in wrapped_app
    await app(scope, receive, sender)
  File "/root/workspace/stock/venv/lib/python3.10/site-packages/fastapi/middleware/asyncexitstack.py", line 18, in __call__
    await self.app(scope, receive, send)
  File "/root/workspace/stock/venv/lib/python3.10/site-packages/starlette/routing.py", line 660, in __call__
    await self.middleware_stack(scope, receive, send)
  File "/root/workspace/stock/venv/lib/python3.10/site-packages/starlette/routing.py", line 680, in app
    await route.handle(scope, receive, send)
  File "/root/workspace/stock/venv/lib/python3.10/site-packages/starlette/routing.py", line 276, in handle
    await self.app(scope, receive, send)
  File "/root/workspace/stock/venv/lib/python3.10/site-packages/fastapi/routing.py", line 134, in app
    await wrap_app_handling_exceptions(app, request)(scope, receive, send)
  File "/root/workspace/stock/venv/lib/python3.10/site-packages/starlette/_exception_handler.py", line 53, in wrapped_app
    raise exc
  File "/root/workspace/stock/venv/lib/python3.10/site-packages/starlette/_exception_handler.py", line 42, in wrapped_app
    await app(scope, receive, sender)
  File "/root/workspace/stock/venv/lib/python3.10/site-packages/fastapi/routing.py", line 120, in app
    response = await f(request)
  File "/root/workspace/stock/venv/lib/python3.10/site-packages/fastapi/routing.py", line 674, in app
    raw_response = await run_endpoint_function(
  File "/root/workspace/stock/venv/lib/python3.10/site-packages/fastapi/routing.py", line 328, in run_endpoint_function
    return await dependant.call(**values)
  File "/root/workspace/stock/backend/app/api/v1/endpoints/strategy.py", line 142, in run_strategy_endpoint
    result = await run_strategy(db, strategy_id)
  File "/root/workspace/stock/backend/app/services/strategy.py", line 652, in run_strategy
    signals = await run_strategy_logic(strategy, kline_data)
  File "/root/workspace/stock/backend/app/services/strategy.py", line 219, in run_strategy_logic
    df = _kline_to_dataframe(kline_data)
  File "/root/workspace/stock/backend/app/services/strategy.py", line 880, in _kline_to_dataframe
    df = df.sort_values("timestamp").reset_index(drop=True)
  File "/root/workspace/stock/venv/lib/python3.10/site-packages/pandas/core/frame.py", line 6758, in sort_values
    k = self._get_label_or_level_values(by, axis=axis)
  File "/root/workspace/stock/venv/lib/python3.10/site-packages/pandas/core/generic.py", line 1778, in _get_label_or_level_values
    raise KeyError(key)
KeyError: 'timestamp'
ERROR:    Exception in ASGI application
Traceback (most recent call last):
  File "/root/workspace/stock/venv/lib/python3.10/site-packages/uvicorn/protocols/http/h11_impl.py", line 415, in run_asgi
    result = await app(  # type: ignore[func-returns-value]
  File "/root/workspace/stock/venv/lib/python3.10/site-packages/uvicorn/middleware/proxy_headers.py", line 56, in __call__
    return await self.app(scope, receive, send)
  File "/root/workspace/stock/venv/lib/python3.10/site-packages/fastapi/applications.py", line 1159, in __call__
    await super().__call__(scope, receive, send)
  File "/root/workspace/stock/venv/lib/python3.10/site-packages/starlette/applications.py", line 90, in __call__
    await self.middleware_stack(scope, receive, send)
  File "/root/workspace/stock/venv/lib/python3.10/site-packages/starlette/middleware/errors.py", line 186, in __call__
    raise exc
  File "/root/workspace/stock/venv/lib/python3.10/site-packages/starlette/middleware/errors.py", line 164, in __call__
    await self.app(scope, receive, _send)
  File "/root/workspace/stock/venv/lib/python3.10/site-packages/starlette/middleware/cors.py", line 96, in __call__
    await self.simple_response(scope, receive, send, request_headers=headers)
  File "/root/workspace/stock/venv/lib/python3.10/site-packages/starlette/middleware/cors.py", line 154, in simple_response
    await self.app(scope, receive, send)
  File "/root/workspace/stock/venv/lib/python3.10/site-packages/starlette/middleware/exceptions.py", line 63, in __call__
    await wrap_app_handling_exceptions(self.app, conn)(scope, receive, send)
  File "/root/workspace/stock/venv/lib/python3.10/site-packages/starlette/_exception_handler.py", line 53, in wrapped_app
    raise exc
  File "/root/workspace/stock/venv/lib/python3.10/site-packages/starlette/_exception_handler.py", line 42, in wrapped_app
    await app(scope, receive, sender)
  File "/root/workspace/stock/venv/lib/python3.10/site-packages/fastapi/middleware/asyncexitstack.py", line 18, in __call__
    await self.app(scope, receive, send)
  File "/root/workspace/stock/venv/lib/python3.10/site-packages/starlette/routing.py", line 660, in __call__
    await self.middleware_stack(scope, receive, send)
  File "/root/workspace/stock/venv/lib/python3.10/site-packages/starlette/routing.py", line 680, in app
    await route.handle(scope, receive, send)
  File "/root/workspace/stock/venv/lib/python3.10/site-packages/starlette/routing.py", line 276, in handle
    await self.app(scope, receive, send)
  File "/root/workspace/stock/venv/lib/python3.10/site-packages/fastapi/routing.py", line 134, in app
    await wrap_app_handling_exceptions(app, request)(scope, receive, send)
  File "/root/workspace/stock/venv/lib/python3.10/site-packages/starlette/_exception_handler.py", line 53, in wrapped_app
    raise exc
  File "/root/workspace/stock/venv/lib/python3.10/site-packages/starlette/_exception_handler.py", line 42, in wrapped_app
    await app(scope, receive, sender)
  File "/root/workspace/stock/venv/lib/python3.10/site-packages/fastapi/routing.py", line 120, in app
    response = await f(request)
  File "/root/workspace/stock/venv/lib/python3.10/site-packages/fastapi/routing.py", line 674, in app
    raw_response = await run_endpoint_function(
  File "/root/workspace/stock/venv/lib/python3.10/site-packages/fastapi/routing.py", line 328, in run_endpoint_function
    return await dependant.call(**values)
  File "/root/workspace/stock/backend/app/api/v1/endpoints/strategy.py", line 142, in run_strategy_endpoint
    result = await run_strategy(db, strategy_id)
  File "/root/workspace/stock/backend/app/services/strategy.py", line 652, in run_strategy
    signals = await run_strategy_logic(strategy, kline_data)
  File "/root/workspace/stock/backend/app/services/strategy.py", line 219, in run_strategy_logic
    df = _kline_to_dataframe(kline_data)
  File "/root/workspace/stock/backend/app/services/strategy.py", line 880, in _kline_to_dataframe
    df = df.sort_values("timestamp").reset_index(drop=True)
  File "/root/workspace/stock/venv/lib/python3.10/site-packages/pandas/core/frame.py", line 6758, in sort_values
    k = self._get_label_or_level_values(by, axis=axis)
  File "/root/workspace/stock/venv/lib/python3.10/site-packages/pandas/core/generic.py", line 1778, in _get_label_or_level_values
    raise KeyError(key)
KeyError: 'timestamp'
WARNING:  Unsupported upgrade request.
WARNING:  No supported WebSocket library detected. Please use "pip install 'uvicorn[standard]'", or install 'websockets' or 'wsproto' manually.
WARNING:  Unsupported upgrade request.
WARNING:  No supported WebSocket library detected. Please use "pip install 'uvicorn[standard]'", or install 'websockets' or 'wsproto' manually.
ERROR:    Exception in ASGI application
Traceback (most recent call last):
  File "/root/workspace/stock/venv/lib/python3.10/site-packages/uvicorn/protocols/http/h11_impl.py", line 415, in run_asgi
    result = await app(  # type: ignore[func-returns-value]
  File "/root/workspace/stock/venv/lib/python3.10/site-packages/uvicorn/middleware/proxy_headers.py", line 56, in __call__
    return await self.app(scope, receive, send)
  File "/root/workspace/stock/venv/lib/python3.10/site-packages/fastapi/applications.py", line 1159, in __call__
    await super().__call__(scope, receive, send)
  File "/root/workspace/stock/venv/lib/python3.10/site-packages/starlette/applications.py", line 90, in __call__
    await self.middleware_stack(scope, receive, send)
  File "/root/workspace/stock/venv/lib/python3.10/site-packages/starlette/middleware/errors.py", line 186, in __call__
    raise exc
  File "/root/workspace/stock/venv/lib/python3.10/site-packages/starlette/middleware/errors.py", line 164, in __call__
    await self.app(scope, receive, _send)
  File "/root/workspace/stock/venv/lib/python3.10/site-packages/starlette/middleware/cors.py", line 96, in __call__
    await self.simple_response(scope, receive, send, request_headers=headers)
  File "/root/workspace/stock/venv/lib/python3.10/site-packages/starlette/middleware/cors.py", line 154, in simple_response
    await self.app(scope, receive, send)
  File "/root/workspace/stock/venv/lib/python3.10/site-packages/starlette/middleware/exceptions.py", line 63, in __call__
    await wrap_app_handling_exceptions(self.app, conn)(scope, receive, send)
  File "/root/workspace/stock/venv/lib/python3.10/site-packages/starlette/_exception_handler.py", line 53, in wrapped_app
    raise exc
  File "/root/workspace/stock/venv/lib/python3.10/site-packages/starlette/_exception_handler.py", line 42, in wrapped_app
    await app(scope, receive, sender)
  File "/root/workspace/stock/venv/lib/python3.10/site-packages/fastapi/middleware/asyncexitstack.py", line 18, in __call__
    await self.app(scope, receive, send)
  File "/root/workspace/stock/venv/lib/python3.10/site-packages/starlette/routing.py", line 660, in __call__
    await self.middleware_stack(scope, receive, send)
  File "/root/workspace/stock/venv/lib/python3.10/site-packages/starlette/routing.py", line 680, in app
    await route.handle(scope, receive, send)
  File "/root/workspace/stock/venv/lib/python3.10/site-packages/starlette/routing.py", line 276, in handle
    await self.app(scope, receive, send)
  File "/root/workspace/stock/venv/lib/python3.10/site-packages/fastapi/routing.py", line 134, in app
    await wrap_app_handling_exceptions(app, request)(scope, receive, send)
  File "/root/workspace/stock/venv/lib/python3.10/site-packages/starlette/_exception_handler.py", line 53, in wrapped_app
    raise exc
  File "/root/workspace/stock/venv/lib/python3.10/site-packages/starlette/_exception_handler.py", line 42, in wrapped_app
    await app(scope, receive, sender)
  File "/root/workspace/stock/venv/lib/python3.10/site-packages/fastapi/routing.py", line 120, in app
    response = await f(request)
  File "/root/workspace/stock/venv/lib/python3.10/site-packages/fastapi/routing.py", line 674, in app
    raw_response = await run_endpoint_function(
  File "/root/workspace/stock/venv/lib/python3.10/site-packages/fastapi/routing.py", line 328, in run_endpoint_function
    return await dependant.call(**values)
  File "/root/workspace/stock/backend/app/api/v1/endpoints/strategy.py", line 142, in run_strategy_endpoint
    result = await run_strategy(db, strategy_id)
  File "/root/workspace/stock/backend/app/services/strategy.py", line 652, in run_strategy
    signals = await run_strategy_logic(strategy, kline_data)
  File "/root/workspace/stock/backend/app/services/strategy.py", line 219, in run_strategy_logic
    df = _kline_to_dataframe(kline_data)
  File "/root/workspace/stock/backend/app/services/strategy.py", line 880, in _kline_to_dataframe
    df = df.sort_values("timestamp").reset_index(drop=True)
  File "/root/workspace/stock/venv/lib/python3.10/site-packages/pandas/core/frame.py", line 6758, in sort_values
    k = self._get_label_or_level_values(by, axis=axis)
  File "/root/workspace/stock/venv/lib/python3.10/site-packages/pandas/core/generic.py", line 1778, in _get_label_or_level_values
    raise KeyError(key)
KeyError: 'timestamp'
WARNING:  StatReload detected changes in 'app/services/strategy.py'. Reloading...
INFO:     Shutting down
INFO:     Waiting for application shutdown.
INFO:     Application shutdown complete.
INFO:     Finished server process [4587]
INFO:     Started server process [12364]
INFO:     Waiting for application startup.
INFO:     Application startup complete.
INFO:     Shutting down
INFO:     Waiting for application shutdown.
INFO:     Application shutdown complete.
INFO:     Finished server process [12364]
INFO:     Stopping reloader process [4579]
